{"numTotalTestSuites":15,"numPassedTestSuites":13,"numFailedTestSuites":2,"numPendingTestSuites":0,"numTotalTests":175,"numPassedTests":174,"numFailedTests":1,"numPendingTests":0,"numTodoTests":0,"snapshot":{"added":0,"failure":false,"filesAdded":0,"filesRemoved":0,"filesRemovedList":[],"filesUnmatched":0,"filesUpdated":0,"matched":0,"total":0,"unchecked":0,"uncheckedKeysByFile":[],"unmatched":0,"updated":0,"didUpdate":false},"startTime":1772679682485,"success":false,"testResults":[{"assertionResults":[{"ancestorTitles":["isTransientError"],"fullName":"isTransientError detects Node.js network error codes","status":"passed","title":"detects Node.js network error codes","duration":130.969916,"failureMessages":[],"meta":{}},{"ancestorTitles":["isTransientError"],"fullName":"isTransientError detects fetch/network errors by message","status":"passed","title":"detects fetch/network errors by message","duration":0.24245899999999665,"failureMessages":[],"meta":{}},{"ancestorTitles":["isTransientError"],"fullName":"isTransientError detects HTTP status codes 429 and 5xx","status":"passed","title":"detects HTTP status codes 429 and 5xx","duration":0.12654199999997218,"failureMessages":[],"meta":{}},{"ancestorTitles":["isTransientError"],"fullName":"isTransientError returns false for non-transient errors","status":"passed","title":"returns false for non-transient errors","duration":0.2735839999999712,"failureMessages":[],"meta":{}},{"ancestorTitles":["isTransientError"],"fullName":"isTransientError returns false for context overflow messages (not transient)","status":"passed","title":"returns false for context overflow messages (not transient)","duration":0.08391699999998536,"failureMessages":[],"meta":{}},{"ancestorTitles":["ChannelCallbacks interface"],"fullName":"ChannelCallbacks interface accepts an object with all required callback signatures","status":"passed","title":"accepts an object with all required callback signatures","duration":0.178291999999999,"failureMessages":[],"meta":{}},{"ancestorTitles":["RunAgentOptions trace propagation contract"],"fullName":"RunAgentOptions trace propagation contract supports a traceId field in RunAgentOptions","status":"passed","title":"supports a traceId field in RunAgentOptions","duration":0.06620800000001736,"failureMessages":[],"meta":{}},{"ancestorTitles":["runAgent"],"fullName":"runAgent fires onModelStart before API call","status":"passed","title":"fires onModelStart before API call","duration":6.01845800000001,"failureMessages":[],"meta":{}},{"ancestorTitles":["runAgent"],"fullName":"runAgent injects steering follow-ups as ordered user messages before model calls","status":"passed","title":"injects steering follow-ups as ordered user messages before model calls","duration":3.2530420000000504,"failureMessages":[],"meta":{}},{"ancestorTitles":["runAgent"],"fullName":"runAgent propagates traceId option into model request metadata","status":"passed","title":"propagates traceId option into model request metadata","duration":2.913208000000054,"failureMessages":[],"meta":{}},{"ancestorTitles":["runAgent"],"fullName":"runAgent emits engine lifecycle observability events for a successful turn","status":"passed","title":"emits engine lifecycle observability events for a successful turn","duration":4.191042000000039,"failureMessages":[],"meta":{}},{"ancestorTitles":["runAgent"],"fullName":"runAgent fires onModelStreamStart on first content token","status":"passed","title":"fires onModelStreamStart on first content token","duration":1.7754999999999654,"failureMessages":[],"meta":{}},{"ancestorTitles":["runAgent"],"fullName":"runAgent routes inline think tags to onReasoningChunk and answer to onTextChunk (single chunk)","status":"passed","title":"routes inline think tags to onReasoningChunk and answer to onTextChunk (single chunk)","duration":1.9745839999999362,"failureMessages":[],"meta":{}},{"ancestorTitles":["runAgent"],"fullName":"runAgent routes inline think tags split across chunks","status":"passed","title":"routes inline think tags split across chunks","duration":2.387292000000002,"failureMessages":[],"meta":{}},{"ancestorTitles":["runAgent"],"fullName":"runAgent content-only (no think tags) goes only to onTextChunk","status":"passed","title":"content-only (no think tags) goes only to onTextChunk","duration":1.6009159999999838,"failureMessages":[],"meta":{}},{"ancestorTitles":["runAgent"],"fullName":"runAgent think-only content goes only to onReasoningChunk","status":"passed","title":"think-only content goes only to onReasoningChunk","duration":1.6552500000000236,"failureMessages":[],"meta":{}},{"ancestorTitles":["runAgent"],"fullName":"runAgent handles multiple think blocks in content","status":"passed","title":"handles multiple think blocks in content","duration":1.373958000000016,"failureMessages":[],"meta":{}},{"ancestorTitles":["runAgent"],"fullName":"runAgent handles partial think tag at chunk boundary","status":"passed","title":"handles partial think tag at chunk boundary","duration":1.5277500000000828,"failureMessages":[],"meta":{}},{"ancestorTitles":["runAgent"],"fullName":"runAgent handles think tags split across many chunks","status":"passed","title":"handles think tags split across many chunks","duration":1.9807500000000573,"failureMessages":[],"meta":{}},{"ancestorTitles":["runAgent"],"fullName":"runAgent handles partial close tag at chunk boundary inside think block","status":"passed","title":"handles partial close tag at chunk boundary inside think block","duration":1.3634170000000267,"failureMessages":[],"meta":{}},{"ancestorTitles":["runAgent"],"fullName":"runAgent flushes remaining content buffer as text at end of stream","status":"passed","title":"flushes remaining content buffer as text at end of stream","duration":1.6459580000000642,"failureMessages":[],"meta":{}},{"ancestorTitles":["runAgent"],"fullName":"runAgent flushes remaining reasoning buffer at end of stream (unclosed think)","status":"passed","title":"flushes remaining reasoning buffer at end of stream (unclosed think)","duration":1.2712920000000167,"failureMessages":[],"meta":{}},{"ancestorTitles":["runAgent"],"fullName":"runAgent retains partial close tag prefix in reasoning buffer across chunks","status":"passed","title":"retains partial close tag prefix in reasoning buffer across chunks","duration":1.7386670000000777,"failureMessages":[],"meta":{}},{"ancestorTitles":["runAgent"],"fullName":"runAgent flushes partial close tag prefix as reasoning at end of stream","status":"passed","title":"flushes partial close tag prefix as reasoning at end of stream","duration":2.0125410000000556,"failureMessages":[],"meta":{}},{"ancestorTitles":["runAgent"],"fullName":"runAgent handles empty reasoning before partial close tag prefix","status":"passed","title":"handles empty reasoning before partial close tag prefix","duration":1.4224590000000035,"failureMessages":[],"meta":{}},{"ancestorTitles":["runAgent"],"fullName":"runAgent handles empty content chunks in think tag processing","status":"passed","title":"handles empty content chunks in think tag processing","duration":1.382833000000005,"failureMessages":[],"meta":{}},{"ancestorTitles":["runAgent"],"fullName":"runAgent ends loop when response has no tool calls","status":"passed","title":"ends loop when response has no tool calls","duration":1.4347500000000082,"failureMessages":[],"meta":{}},{"ancestorTitles":["runAgent"],"fullName":"runAgent fires onToolStart before tool execution and onToolEnd after","status":"passed","title":"fires onToolStart before tool execution and onToolEnd after","duration":2.3439590000000408,"failureMessages":[],"meta":{}},{"ancestorTitles":["runAgent"],"fullName":"runAgent loops back for another model call after tool execution","status":"passed","title":"loops back for another model call after tool execution","duration":1.8720409999999674,"failureMessages":[],"meta":{}},{"ancestorTitles":["runAgent"],"fullName":"runAgent fires onError on API errors with terminal severity and ends loop","status":"passed","title":"fires onError on API errors with terminal severity and ends loop","duration":1.8409580000000005,"failureMessages":[],"meta":{}},{"ancestorTitles":["runAgent"],"fullName":"runAgent pushes assistant message with content onto messages array","status":"passed","title":"pushes assistant message with content onto messages array","duration":1.3997090000000298,"failureMessages":[],"meta":{}},{"ancestorTitles":["runAgent"],"fullName":"runAgent pushes assistant message with tool_calls and tool result messages","status":"passed","title":"pushes assistant message with tool_calls and tool result messages","duration":1.414124999999899,"failureMessages":[],"meta":{}},{"ancestorTitles":["runAgent"],"fullName":"runAgent does NOT push user message (adapter responsibility)","status":"passed","title":"does NOT push user message (adapter responsibility)","duration":1.4412090000000717,"failureMessages":[],"meta":{}},{"ancestorTitles":["runAgent"],"fullName":"runAgent handles tool call with arguments split across chunks","status":"passed","title":"handles tool call with arguments split across chunks","duration":2.141291000000024,"failureMessages":[],"meta":{}},{"ancestorTitles":["runAgent"],"fullName":"runAgent handles multiple tool calls in a single response","status":"passed","title":"handles multiple tool calls in a single response","duration":1.8828340000000026,"failureMessages":[],"meta":{}},{"ancestorTitles":["runAgent"],"fullName":"runAgent fires onToolEnd with success=false when tool throws","status":"passed","title":"fires onToolEnd with success=false when tool throws","duration":1.7595830000000205,"failureMessages":[],"meta":{}},{"ancestorTitles":["runAgent"],"fullName":"runAgent skips chunks with no delta","status":"passed","title":"skips chunks with no delta","duration":1.5834999999999582,"failureMessages":[],"meta":{}},{"ancestorTitles":["runAgent"],"fullName":"runAgent handles invalid JSON in tool call arguments gracefully","status":"passed","title":"handles invalid JSON in tool call arguments gracefully","duration":1.8070409999999129,"failureMessages":[],"meta":{}},{"ancestorTitles":["runAgent"],"fullName":"runAgent wraps non-Error thrown values in Error in onError callback","status":"passed","title":"wraps non-Error thrown values in Error in onError callback","duration":2.017417000000023,"failureMessages":[],"meta":{}},{"ancestorTitles":["runAgent"],"fullName":"runAgent pushes assistant message without content when only tool calls are returned","status":"passed","title":"pushes assistant message without content when only tool calls are returned","duration":1.5267089999999826,"failureMessages":[],"meta":{}},{"ancestorTitles":["runAgent"],"fullName":"runAgent handles tool call chunks with missing id and function name","status":"passed","title":"handles tool call chunks with missing id and function name","duration":2.2053750000000036,"failureMessages":[],"meta":{}},{"ancestorTitles":["runAgent"],"fullName":"runAgent handles tool call chunk with no function arguments","status":"passed","title":"handles tool call chunk with no function arguments","duration":14.78008299999999,"failureMessages":[],"meta":{}},{"ancestorTitles":["runAgent"],"fullName":"runAgent uses minimax model from config when set","status":"passed","title":"uses minimax model from config when set","duration":1.772792000000095,"failureMessages":[],"meta":{}},{"ancestorTitles":["runAgent"],"fullName":"runAgent calls onReasoningChunk for reasoning_content","status":"passed","title":"calls onReasoningChunk for reasoning_content","duration":2.2981669999999212,"failureMessages":[],"meta":{}},{"ancestorTitles":["runAgent"],"fullName":"runAgent calls onReasoningChunk for reasoning-only stream (kicks then gets real response)","status":"passed","title":"calls onReasoningChunk for reasoning-only stream (kicks then gets real response)","duration":1.723792000000003,"failureMessages":[],"meta":{}},{"ancestorTitles":["runAgent"],"fullName":"runAgent stops immediately when signal is pre-aborted","status":"passed","title":"stops immediately when signal is pre-aborted","duration":1.4119170000000167,"failureMessages":[],"meta":{}},{"ancestorTitles":["runAgent"],"fullName":"runAgent stops streaming when signal is aborted mid-stream","status":"passed","title":"stops streaming when signal is aborted mid-stream","duration":1.338041999999973,"failureMessages":[],"meta":{}},{"ancestorTitles":["runAgent"],"fullName":"runAgent breaks out of loop cleanly when signal aborted during catch","status":"passed","title":"breaks out of loop cleanly when signal aborted during catch","duration":1.2771250000000691,"failureMessages":[],"meta":{}},{"ancestorTitles":["runAgent"],"fullName":"runAgent skips remaining tools when signal is aborted mid-tool-execution","status":"passed","title":"skips remaining tools when signal is aborted mid-tool-execution","duration":2.040208000000007,"failureMessages":[],"meta":{}},{"ancestorTitles":["runAgent"],"fullName":"runAgent fires onModelStreamStart on first reasoning_content token","status":"passed","title":"fires onModelStreamStart on first reasoning_content token","duration":2.235708000000045,"failureMessages":[],"meta":{}},{"ancestorTitles":["runAgent"],"fullName":"runAgent calls onReasoningChunk for each reasoning chunk","status":"passed","title":"calls onReasoningChunk for each reasoning chunk","duration":1.8221670000000358,"failureMessages":[],"meta":{}},{"ancestorTitles":["runAgent"],"fullName":"runAgent handles multiple reasoning_content chunks before content","status":"passed","title":"handles multiple reasoning_content chunks before content","duration":1.779374999999959,"failureMessages":[],"meta":{}},{"ancestorTitles":["runAgent"],"fullName":"runAgent Azure provider calls mockResponsesCreate with Responses API params","status":"passed","title":"Azure provider calls mockResponsesCreate with Responses API params","duration":4.102334000000042,"failureMessages":[],"meta":{}},{"ancestorTitles":["runAgent"],"fullName":"runAgent Azure text-only response: assistant message pushed in CC format, loop ends","status":"passed","title":"Azure text-only response: assistant message pushed in CC format, loop ends","duration":2.936958000000004,"failureMessages":[],"meta":{}},{"ancestorTitles":["runAgent"],"fullName":"runAgent Azure: propagates traceId option into responses metadata","status":"passed","title":"Azure: propagates traceId option into responses metadata","duration":3.2975000000000136,"failureMessages":[],"meta":{}},{"ancestorTitles":["runAgent"],"fullName":"runAgent Azure tool-use turn: tool executed, result pushed, loop continues","status":"passed","title":"Azure tool-use turn: tool executed, result pushed, loop continues","duration":2.875332999999955,"failureMessages":[],"meta":{}},{"ancestorTitles":["runAgent"],"fullName":"runAgent Azure native input: output items + function_call_output in correct order","status":"passed","title":"Azure native input: output items + function_call_output in correct order","duration":2.819417000000044,"failureMessages":[],"meta":{}},{"ancestorTitles":["runAgent"],"fullName":"runAgent Azure native input: same array reference reused across iterations","status":"passed","title":"Azure native input: same array reference reused across iterations","duration":3.2302499999999554,"failureMessages":[],"meta":{}},{"ancestorTitles":["runAgent"],"fullName":"runAgent does not pass reasoning params for MiniMax provider","status":"passed","title":"does not pass reasoning params for MiniMax provider","duration":1.2253750000000991,"failureMessages":[],"meta":{}},{"ancestorTitles":["runAgent"],"fullName":"runAgent MiniMax path calls mockCreate, not mockResponsesCreate","status":"passed","title":"MiniMax path calls mockCreate, not mockResponsesCreate","duration":1.5187079999999469,"failureMessages":[],"meta":{}},{"ancestorTitles":["runAgent"],"fullName":"runAgent Azure: stores reasoning items as _reasoning_items on assistant message","status":"passed","title":"Azure: stores reasoning items as _reasoning_items on assistant message","duration":2.511708999999996,"failureMessages":[],"meta":{}},{"ancestorTitles":["runAgent"],"fullName":"runAgent Azure: does not set _reasoning_items when outputItems has no reasoning items","status":"passed","title":"Azure: does not set _reasoning_items when outputItems has no reasoning items","duration":2.5897920000001022,"failureMessages":[],"meta":{}},{"ancestorTitles":["runAgent"],"fullName":"runAgent Azure: stores only reasoning items when outputItems has mixed types","status":"passed","title":"Azure: stores only reasoning items when outputItems has mixed types","duration":2.2087080000000014,"failureMessages":[],"meta":{}},{"ancestorTitles":["runAgent"],"fullName":"runAgent Azure: azureInput.push still happens for each outputItem (existing behavior preserved)","status":"passed","title":"Azure: azureInput.push still happens for each outputItem (existing behavior preserved)","duration":3.007916000000023,"failureMessages":[],"meta":{}},{"ancestorTitles":["runAgent"],"fullName":"runAgent MiniMax: does not set _reasoning_items (outputItems always empty)","status":"passed","title":"MiniMax: does not set _reasoning_items (outputItems always empty)","duration":1.7113749999999754,"failureMessages":[],"meta":{}},{"ancestorTitles":["runAgent"],"fullName":"runAgent returns usage from single API call (no tool calls)","status":"passed","title":"returns usage from single API call (no tool calls)","duration":1.965750000000071,"failureMessages":[],"meta":{}},{"ancestorTitles":["runAgent"],"fullName":"runAgent returns usage from last API call when multiple tool rounds","status":"passed","title":"returns usage from last API call when multiple tool rounds","duration":1.4227089999999407,"failureMessages":[],"meta":{}},{"ancestorTitles":["runAgent"],"fullName":"runAgent returns undefined usage when no usage data available","status":"passed","title":"returns undefined usage when no usage data available","duration":1.2469579999999496,"failureMessages":[],"meta":{}},{"ancestorTitles":["runAgent"],"fullName":"runAgent returns undefined usage on error","status":"passed","title":"returns undefined usage on error","duration":1.1315420000000813,"failureMessages":[],"meta":{}},{"ancestorTitles":["runAgent"],"fullName":"runAgent recovers from Azure context_length_exceeded error by trimming and retrying","status":"passed","title":"recovers from Azure context_length_exceeded error by trimming and retrying","duration":1.4574999999999818,"failureMessages":[],"meta":{}},{"ancestorTitles":["runAgent"],"fullName":"runAgent recovers from Azure overflow via error message (no .code)","status":"passed","title":"recovers from Azure overflow via error message (no .code)","duration":1.5442909999999301,"failureMessages":[],"meta":{}},{"ancestorTitles":["runAgent"],"fullName":"runAgent recovers from MiniMax context window exceeds limit error","status":"passed","title":"recovers from MiniMax context window exceeds limit error","duration":1.401958000000036,"failureMessages":[],"meta":{}},{"ancestorTitles":["runAgent"],"fullName":"runAgent surfaces error via onError when retry also fails with overflow","status":"passed","title":"surfaces error via onError when retry also fails with overflow","duration":1.9324159999999893,"failureMessages":[],"meta":{}},{"ancestorTitles":["runAgent"],"fullName":"runAgent does not catch non-overflow errors with overflow recovery","status":"passed","title":"does not catch non-overflow errors with overflow recovery","duration":1.4691249999999627,"failureMessages":[],"meta":{}},{"ancestorTitles":["runAgent"],"fullName":"runAgent strips tool calls before trimming on mid-turn overflow","status":"passed","title":"strips tool calls before trimming on mid-turn overflow","duration":1.657291999999984,"failureMessages":[],"meta":{}},{"ancestorTitles":["runAgent"],"fullName":"runAgent handles overflow error with empty message property","status":"passed","title":"handles overflow error with empty message property","duration":1.5367499999999836,"failureMessages":[],"meta":{}},{"ancestorTitles":["runAgent"],"fullName":"runAgent overflow on cold start with only system message still retries","status":"passed","title":"overflow on cold start with only system message still retries","duration":1.4116250000000719,"failureMessages":[],"meta":{}},{"ancestorTitles":["runAgent"],"fullName":"runAgent retries on transient network errors with backoff and transient severity","status":"passed","title":"retries on transient network errors with backoff and transient severity","duration":3.0306249999999864,"failureMessages":[],"meta":{}},{"ancestorTitles":["runAgent"],"fullName":"runAgent gives up after MAX_RETRIES transient failures with terminal final error","status":"passed","title":"gives up after MAX_RETRIES transient failures with terminal final error","duration":2.4622080000000324,"failureMessages":[],"meta":{}},{"ancestorTitles":["runAgent"],"fullName":"runAgent aborts retry wait on signal abort","status":"passed","title":"aborts retry wait on signal abort","duration":2.1577909999999747,"failureMessages":[],"meta":{}},{"ancestorTitles":["runAgent"],"fullName":"runAgent skips retry wait immediately when signal is already aborted","status":"passed","title":"skips retry wait immediately when signal is already aborted","duration":1.48599999999999,"failureMessages":[],"meta":{}},{"ancestorTitles":["runAgent"],"fullName":"runAgent resets retry count after successful call","status":"passed","title":"resets retry count after successful call","duration":2.5796249999999645,"failureMessages":[],"meta":{}},{"ancestorTitles":["runAgent"],"fullName":"runAgent detects HTTP 429 and 5xx as transient errors","status":"passed","title":"detects HTTP 429 and 5xx as transient errors","duration":18.188875000000053,"failureMessages":[],"meta":{}},{"ancestorTitles":["runAgent"],"fullName":"runAgent refreshes system prompt at start of runAgent when channel is passed","status":"passed","title":"refreshes system prompt at start of runAgent when channel is passed","duration":7.107458000000065,"failureMessages":[],"meta":{}},{"ancestorTitles":["runAgent"],"fullName":"runAgent refreshes system prompt for teams channel","status":"passed","title":"refreshes system prompt for teams channel","duration":7.635125000000016,"failureMessages":[],"meta":{}},{"ancestorTitles":["runAgent"],"fullName":"runAgent preserves non-system history when refreshing system prompt","status":"passed","title":"preserves non-system history when refreshing system prompt","duration":4.378291999999988,"failureMessages":[],"meta":{}},{"ancestorTitles":["runAgent"],"fullName":"runAgent falls back to existing system prompt when prompt refresh fails","status":"passed","title":"falls back to existing system prompt when prompt refresh fails","duration":4.608000000000061,"failureMessages":[],"meta":{}},{"ancestorTitles":["runAgent"],"fullName":"runAgent injects default fallback prompt when refresh throws a non-Error and no system prompt exists","status":"passed","title":"injects default fallback prompt when refresh throws a non-Error and no system prompt exists","duration":6.517832999999996,"failureMessages":[],"meta":{}},{"ancestorTitles":["runAgent"],"fullName":"runAgent still works without channel parameter (backward compatible)","status":"passed","title":"still works without channel parameter (backward compatible)","duration":3.6902919999999995,"failureMessages":[],"meta":{}},{"ancestorTitles":["getClient"],"fullName":"getClient exits when no env vars are set","status":"passed","title":"exits when no env vars are set","duration":2.9711660000000393,"failureMessages":[],"meta":{}},{"ancestorTitles":["getClient"],"fullName":"getClient uses MiniMax when minimax config is set","status":"passed","title":"uses MiniMax when minimax config is set","duration":1.9379159999999729,"failureMessages":[],"meta":{}},{"ancestorTitles":["getClient"],"fullName":"getClient prefers Azure when all Azure config is set","status":"passed","title":"prefers Azure when all Azure config is set","duration":1.1714169999999058,"failureMessages":[],"meta":{}},{"ancestorTitles":["getClient"],"fullName":"getClient fails fast when selected Azure provider config is incomplete","status":"passed","title":"fails fast when selected Azure provider config is incomplete","duration":1.6427909999999883,"failureMessages":[],"meta":{}},{"ancestorTitles":["getClient"],"fullName":"getClient caches client across multiple runAgent invocations","status":"passed","title":"caches client across multiple runAgent invocations","duration":1.2582499999999754,"failureMessages":[],"meta":{}},{"ancestorTitles":["getClient"],"fullName":"getClient omits model param in createParams when model is empty","status":"passed","title":"omits model param in createParams when model is empty","duration":1.5252500000000282,"failureMessages":[],"meta":{}},{"ancestorTitles":["getClient config integration"],"fullName":"getClient config integration uses azure config from config.json when apiKey is present","status":"passed","title":"uses azure config from config.json when apiKey is present","duration":1.2939590000000862,"failureMessages":[],"meta":{}},{"ancestorTitles":["getClient config integration"],"fullName":"getClient config integration uses minimax config from config.json when apiKey is present","status":"passed","title":"uses minimax config from config.json when apiKey is present","duration":1.1234590000000253,"failureMessages":[],"meta":{}},{"ancestorTitles":["getClient config integration"],"fullName":"getClient config integration prefers azure when both providers are configured in config.json","status":"passed","title":"prefers azure when both providers are configured in config.json","duration":0.9796250000000555,"failureMessages":[],"meta":{}},{"ancestorTitles":["getClient config integration"],"fullName":"getClient config integration uses agent.json provider with secrets.json settings","status":"passed","title":"uses agent.json provider with secrets.json settings","duration":0.8847909999999501,"failureMessages":[],"meta":{}},{"ancestorTitles":["getClient config integration"],"fullName":"getClient config integration stripLastToolCalls pops trailing tool messages","status":"passed","title":"stripLastToolCalls pops trailing tool messages","duration":0.881917000000044,"failureMessages":[],"meta":{}},{"ancestorTitles":["getClient config integration"],"fullName":"getClient config integration stripLastToolCalls removes empty assistant after stripping tool_calls","status":"passed","title":"stripLastToolCalls removes empty assistant after stripping tool_calls","duration":0.8212089999999534,"failureMessages":[],"meta":{}},{"ancestorTitles":["getClient config integration"],"fullName":"getClient config integration stripLastToolCalls is a no-op when no trailing tools","status":"passed","title":"stripLastToolCalls is a no-op when no trailing tools","duration":0.9622080000000324,"failureMessages":[],"meta":{}},{"ancestorTitles":["getClient config integration"],"fullName":"getClient config integration fires onError when tool loop limit is reached","status":"passed","title":"fires onError when tool loop limit is reached","duration":3.221208000000047,"failureMessages":[],"meta":{}},{"ancestorTitles":["getClient config integration"],"fullName":"getClient config integration exits when neither provider configured in config","status":"passed","title":"exits when neither provider configured in config","duration":1.191541999999913,"failureMessages":[],"meta":{}},{"ancestorTitles":["provider abstraction contract"],"fullName":"provider abstraction contract exports createProviderRegistry for provider abstraction wiring","status":"passed","title":"exports createProviderRegistry for provider abstraction wiring","duration":0.051667000000065855,"failureMessages":[],"meta":{}},{"ancestorTitles":["provider abstraction contract"],"fullName":"provider abstraction contract runAgent request path avoids hardcoded provider-name branches","status":"passed","title":"runAgent request path avoids hardcoded provider-name branches","duration":0.044499999999970896,"failureMessages":[],"meta":{}},{"ancestorTitles":["provider abstraction contract"],"fullName":"provider abstraction contract delegates provider runtime construction to dedicated provider modules","status":"passed","title":"delegates provider runtime construction to dedicated provider modules","duration":0.7844169999999622,"failureMessages":[],"meta":{}},{"ancestorTitles":["provider abstraction contract"],"fullName":"provider abstraction contract registry provider runtimes expose provider-owned turn execution hooks","status":"passed","title":"registry provider runtimes expose provider-owned turn execution hooks","duration":0.9992080000000669,"failureMessages":[],"meta":{}},{"ancestorTitles":["provider abstraction contract"],"fullName":"provider abstraction contract azure provider runtime safely ignores tool output before turn state initialization","status":"passed","title":"azure provider runtime safely ignores tool output before turn state initialization","duration":0.8917920000000095,"failureMessages":[],"meta":{}},{"ancestorTitles":["anthropic setup-token provider contract"],"fullName":"anthropic setup-token provider contract uses Anthropic when setup-token credentials are configured in secrets.json","status":"passed","title":"uses Anthropic when setup-token credentials are configured in secrets.json","duration":1.8181670000000167,"failureMessages":[],"meta":{}},{"ancestorTitles":["anthropic setup-token provider contract"],"fullName":"anthropic setup-token provider contract fails fast with setup-token prefix guidance when non-setup Anthropic token is found","status":"passed","title":"fails fast with setup-token prefix guidance when non-setup Anthropic token is found","duration":1.62175000000002,"failureMessages":[],"meta":{}},{"ancestorTitles":["anthropic setup-token provider contract"],"fullName":"anthropic setup-token provider contract fails fast with setup-token length guidance when token is too short","status":"passed","title":"fails fast with setup-token length guidance when token is too short","duration":1.2845829999999978,"failureMessages":[],"meta":{}},{"ancestorTitles":["anthropic setup-token provider contract"],"fullName":"anthropic setup-token provider contract fails fast with re-auth guidance when setup-token is blank after trimming","status":"passed","title":"fails fast with re-auth guidance when setup-token is blank after trimming","duration":1.2113339999999653,"failureMessages":[],"meta":{}},{"ancestorTitles":["anthropic setup-token provider contract"],"fullName":"anthropic setup-token provider contract fails fast when Anthropic model is configured but setupToken is missing from secrets config","status":"passed","title":"fails fast when Anthropic model is configured but setupToken is missing from secrets config","duration":1.0871250000000146,"failureMessages":[],"meta":{}},{"ancestorTitles":["anthropic setup-token provider contract"],"fullName":"anthropic setup-token provider contract maps canonical messages to Anthropic payload and streams tool/text/thinking/usage events","status":"failed","title":"maps canonical messages to Anthropic payload and streams tool/text/thinking/usage events","duration":11.601916999999958,"failureMessages":["AssertionError: expected [ { id: 'call0', …(2) }, …(1) ] to deeply equal [ { id: 'call0', …(2) }, …(1) ]\n    at /Users/arimendelow/Projects/ouroboros-agent-harness/src/__tests__/heart/core.test.ts:3412:30\n    at processTicksAndRejections (node:internal/process/task_queues:105:5)\n    at file:///Users/arimendelow/Projects/ouroboros-agent-harness/node_modules/@vitest/runner/dist/index.js:915:20"],"meta":{}},{"ancestorTitles":["anthropic setup-token provider contract"],"fullName":"anthropic setup-token provider contract returns early when Anthropic stream signal is aborted","status":"passed","title":"returns early when Anthropic stream signal is aborted","duration":2.1262500000000273,"failureMessages":[],"meta":{}},{"ancestorTitles":["anthropic setup-token provider contract"],"fullName":"anthropic setup-token provider contract wraps Anthropic auth failures from create() with setup-token guidance","status":"passed","title":"wraps Anthropic auth failures from create() with setup-token guidance","duration":1.4268329999999878,"failureMessages":[],"meta":{}},{"ancestorTitles":["anthropic setup-token provider contract"],"fullName":"anthropic setup-token provider contract wraps Anthropic auth failures from streaming events with setup-token guidance","status":"passed","title":"wraps Anthropic auth failures from streaming events with setup-token guidance","duration":1.0243749999999636,"failureMessages":[],"meta":{}},{"ancestorTitles":["anthropic setup-token provider contract"],"fullName":"anthropic setup-token provider contract preserves non-auth Anthropic errors without rewriting guidance","status":"passed","title":"preserves non-auth Anthropic errors without rewriting guidance","duration":0.9458329999999933,"failureMessages":[],"meta":{}},{"ancestorTitles":["anthropic setup-token provider contract"],"fullName":"anthropic setup-token provider contract fails fast when setup-token contains only whitespace characters","status":"passed","title":"fails fast when setup-token contains only whitespace characters","duration":0.9534170000000586,"failureMessages":[],"meta":{}},{"ancestorTitles":["anthropic setup-token provider contract"],"fullName":"anthropic setup-token provider contract handles nullish Anthropic stream fields and unknown events safely","status":"passed","title":"handles nullish Anthropic stream fields and unknown events safely","duration":1.4032920000000786,"failureMessages":[],"meta":{}},{"ancestorTitles":["anthropic setup-token provider contract"],"fullName":"anthropic setup-token provider contract converts non-Error thrown values into terminal errors","status":"passed","title":"converts non-Error thrown values into terminal errors","duration":1.0760830000000396,"failureMessages":[],"meta":{}},{"ancestorTitles":["anthropic setup-token provider contract"],"fullName":"anthropic setup-token provider contract logs non-Error provider-resolution failures before exiting","status":"passed","title":"logs non-Error provider-resolution failures before exiting","duration":2.965208000000075,"failureMessages":[],"meta":{}},{"ancestorTitles":["hasToolIntent"],"fullName":"hasToolIntent returns true for each intent phrase","status":"passed","title":"returns true for each intent phrase","duration":2.001707999999894,"failureMessages":[],"meta":{}},{"ancestorTitles":["hasToolIntent"],"fullName":"hasToolIntent returns false for text without intent phrases","status":"passed","title":"returns false for text without intent phrases","duration":0.12100000000009459,"failureMessages":[],"meta":{}},{"ancestorTitles":["hasToolIntent"],"fullName":"hasToolIntent is case-insensitive","status":"passed","title":"is case-insensitive","duration":0.06720799999993687,"failureMessages":[],"meta":{}},{"ancestorTitles":["kick mechanism"],"fullName":"kick mechanism fires onKick when model narrates intent without tool calls, then retries","status":"passed","title":"fires onKick when model narrates intent without tool calls, then retries","duration":1.7651670000000195,"failureMessages":[],"meta":{}},{"ancestorTitles":["kick mechanism"],"fullName":"kick mechanism kicks fire unconditionally -- no maxKicks cap, bounded by MAX_TOOL_ROUNDS","status":"passed","title":"kicks fire unconditionally -- no maxKicks cap, bounded by MAX_TOOL_ROUNDS","duration":1.6212920000000395,"failureMessages":[],"meta":{}},{"ancestorTitles":["kick mechanism"],"fullName":"kick mechanism kick increments toolRounds and respects MAX_TOOL_ROUNDS","status":"passed","title":"kick increments toolRounds and respects MAX_TOOL_ROUNDS","duration":1.6970420000000104,"failureMessages":[],"meta":{}},{"ancestorTitles":["kick mechanism"],"fullName":"kick mechanism pushes self-correction message before retry","status":"passed","title":"pushes self-correction message before retry","duration":1.3094169999999394,"failureMessages":[],"meta":{}},{"ancestorTitles":["kick mechanism"],"fullName":"kick mechanism onKick callback receives no arguments","status":"passed","title":"onKick callback receives no arguments","duration":1.5037499999999682,"failureMessages":[],"meta":{}},{"ancestorTitles":["kick mechanism"],"fullName":"kick mechanism onKick callback is optional (no crash if not provided)","status":"passed","title":"onKick callback is optional (no crash if not provided)","duration":2.594250000000102,"failureMessages":[],"meta":{}},{"ancestorTitles":["kick mechanism"],"fullName":"kick mechanism malformed assistant message is NOT in history after kick","status":"passed","title":"malformed assistant message is NOT in history after kick","duration":1.903250000000071,"failureMessages":[],"meta":{}},{"ancestorTitles":["kick mechanism"],"fullName":"kick mechanism Azure: kick cleans up azureInput output items and forces rebuild on retry","status":"passed","title":"Azure: kick cleans up azureInput output items and forces rebuild on retry","duration":4.7539580000000115,"failureMessages":[],"meta":{}},{"ancestorTitles":["tool_choice required and final_answer"],"fullName":"tool_choice required and final_answer passes tool_choice: required in MiniMax createParams when toolChoiceRequired is true","status":"passed","title":"passes tool_choice: required in MiniMax createParams when toolChoiceRequired is true","duration":1.6749589999999444,"failureMessages":[],"meta":{}},{"ancestorTitles":["tool_choice required and final_answer"],"fullName":"tool_choice required and final_answer passes tool_choice: required in Azure createParams when toolChoiceRequired is true","status":"passed","title":"passes tool_choice: required in Azure createParams when toolChoiceRequired is true","duration":2.5202920000000404,"failureMessages":[],"meta":{}},{"ancestorTitles":["tool_choice required and final_answer"],"fullName":"tool_choice required and final_answer includes final_answer tool in tools list when toolChoiceRequired is true","status":"passed","title":"includes final_answer tool in tools list when toolChoiceRequired is true","duration":1.4310420000000477,"failureMessages":[],"meta":{}},{"ancestorTitles":["tool_choice required and final_answer"],"fullName":"tool_choice required and final_answer does NOT include final_answer tool when toolChoiceRequired is false/undefined","status":"passed","title":"does NOT include final_answer tool when toolChoiceRequired is false/undefined","duration":1.23112500000002,"failureMessages":[],"meta":{}},{"ancestorTitles":["tool_choice required and final_answer"],"fullName":"tool_choice required and final_answer does NOT pass tool_choice when toolChoiceRequired is not set","status":"passed","title":"does NOT pass tool_choice when toolChoiceRequired is not set","duration":1.1283750000000055,"failureMessages":[],"meta":{}},{"ancestorTitles":["tool_choice required and final_answer"],"fullName":"tool_choice required and final_answer final_answer sole call: extracts answer text and terminates loop","status":"passed","title":"final_answer sole call: extracts answer text and terminates loop","duration":1.4255829999999605,"failureMessages":[],"meta":{}},{"ancestorTitles":["tool_choice required and final_answer"],"fullName":"tool_choice required and final_answer final_answer mixed with other tool calls: other tools execute, final_answer rejected, loop continues","status":"passed","title":"final_answer mixed with other tool calls: other tools execute, final_answer rejected, loop continues","duration":1.6964169999999967,"failureMessages":[],"meta":{}},{"ancestorTitles":["tool_choice required and final_answer"],"fullName":"tool_choice required and final_answer final_answer with empty answer arg: uses empty string","status":"passed","title":"final_answer with empty answer arg: uses empty string","duration":1.5591249999999945,"failureMessages":[],"meta":{}},{"ancestorTitles":["tool_choice required and final_answer"],"fullName":"tool_choice required and final_answer final_answer is never passed to execTool (intercepted before execution)","status":"passed","title":"final_answer is never passed to execTool (intercepted before execution)","duration":1.9895420000000286,"failureMessages":[],"meta":{}},{"ancestorTitles":["tool_choice required and final_answer"],"fullName":"tool_choice required and final_answer Azure: mixed final_answer rejection pushes to azureInput","status":"passed","title":"Azure: mixed final_answer rejection pushes to azureInput","duration":2.550207999999998,"failureMessages":[],"meta":{}},{"ancestorTitles":["tool_choice required and final_answer"],"fullName":"tool_choice required and final_answer final_answer with invalid JSON arguments: falls back to result.content","status":"passed","title":"final_answer with invalid JSON arguments: falls back to result.content","duration":1.3055000000000518,"failureMessages":[],"meta":{}},{"ancestorTitles":["tool_choice required and final_answer"],"fullName":"tool_choice required and final_answer final_answer with valid JSON but no answer field: falls back to result.content","status":"passed","title":"final_answer with valid JSON but no answer field: falls back to result.content","duration":1.1647910000000365,"failureMessages":[],"meta":{}},{"ancestorTitles":["tool_choice required and final_answer"],"fullName":"tool_choice required and final_answer final_answer with invalid JSON and no content: falls back to empty string","status":"passed","title":"final_answer with invalid JSON and no content: falls back to empty string","duration":1.3038750000000618,"failureMessages":[],"meta":{}},{"ancestorTitles":["tool_choice required and final_answer"],"fullName":"tool_choice required and final_answer final_answer with valid JSON, no answer field, and no content: falls back to empty string","status":"passed","title":"final_answer with valid JSON, no answer field, and no content: falls back to empty string","duration":1.142417000000023,"failureMessages":[],"meta":{}},{"ancestorTitles":["integration: kick + tool_choice required combined"],"fullName":"integration: kick + tool_choice required combined kick fires when toolChoiceRequired is true and model narrates intent","status":"passed","title":"kick fires when toolChoiceRequired is true and model narrates intent","duration":1.5008339999999407,"failureMessages":[],"meta":{}},{"ancestorTitles":["integration: kick + tool_choice required combined"],"fullName":"integration: kick + tool_choice required combined after kick, model returns final_answer -- terminates cleanly","status":"passed","title":"after kick, model returns final_answer -- terminates cleanly","duration":1.2330839999999625,"failureMessages":[],"meta":{}},{"ancestorTitles":["integration: kick + tool_choice required combined"],"fullName":"integration: kick + tool_choice required combined MAX_TOOL_ROUNDS budget accounts for kicks + tool rounds together","status":"passed","title":"MAX_TOOL_ROUNDS budget accounts for kicks + tool rounds together","duration":2.813250000000039,"failureMessages":[],"meta":{}},{"ancestorTitles":["integration: kick + tool_choice required combined"],"fullName":"integration: kick + tool_choice required combined abort during kick attempt -- clean stop, no dangling messages","status":"passed","title":"abort during kick attempt -- clean stop, no dangling messages","duration":1.3774590000000444,"failureMessages":[],"meta":{}},{"ancestorTitles":["integration: kick + tool_choice required combined"],"fullName":"integration: kick + tool_choice required combined empty content with no tool_calls -- kicks (empty response is always wrong)","status":"passed","title":"empty content with no tool_calls -- kicks (empty response is always wrong)","duration":1.273416999999995,"failureMessages":[],"meta":{}},{"ancestorTitles":["integration: kick + tool_choice required combined"],"fullName":"integration: kick + tool_choice required combined intent phrase only in model content triggers kick, not in tool results","status":"passed","title":"intent phrase only in model content triggers kick, not in tool results","duration":1.1909580000000233,"failureMessages":[],"meta":{}},{"ancestorTitles":["integration: kick + tool_choice required combined"],"fullName":"integration: kick + tool_choice required combined final_answer with very long text -- full text preserved","status":"passed","title":"final_answer with very long text -- full text preserved","duration":1.3764999999999645,"failureMessages":[],"meta":{}},{"ancestorTitles":["integration: kick + tool_choice required combined"],"fullName":"integration: kick + tool_choice required combined toolChoiceRequired kicks even when content is empty (reasoning-only response)","status":"passed","title":"toolChoiceRequired kicks even when content is empty (reasoning-only response)","duration":1.2715409999999565,"failureMessages":[],"meta":{}},{"ancestorTitles":["integration: kick + tool_choice required combined"],"fullName":"integration: kick + tool_choice required combined uses getToolsForChannel to select tools based on channel","status":"passed","title":"uses getToolsForChannel to select tools based on channel","duration":1.5329160000000002,"failureMessages":[],"meta":{}},{"ancestorTitles":["integration: kick + tool_choice required combined"],"fullName":"integration: kick + tool_choice required combined does not include graph/ado tools for cli channel","status":"passed","title":"does not include graph/ado tools for cli channel","duration":1.62925000000007,"failureMessages":[],"meta":{}},{"ancestorTitles":["integration: kick + tool_choice required combined"],"fullName":"integration: kick + tool_choice required combined passes toolContext to execTool when calling graph/ado tools","status":"passed","title":"passes toolContext to execTool when calling graph/ado tools","duration":138.01866699999994,"failureMessages":[],"meta":{}},{"ancestorTitles":["final_answer injection after narration kick"],"fullName":"final_answer injection after narration kick after narration kick, final_answer is present in tools sent to API","status":"passed","title":"after narration kick, final_answer is present in tools sent to API","duration":2.4949589999999944,"failureMessages":[],"meta":{}},{"ancestorTitles":["final_answer injection after narration kick"],"fullName":"final_answer injection after narration kick after empty kick, final_answer is NOT in tools (narration-only injection)","status":"passed","title":"after empty kick, final_answer is NOT in tools (narration-only injection)","duration":1.4966250000001082,"failureMessages":[],"meta":{}},{"ancestorTitles":["final_answer injection after narration kick"],"fullName":"final_answer injection after narration kick model calls final_answer after narration kick -- terminates cleanly","status":"passed","title":"model calls final_answer after narration kick -- terminates cleanly","duration":1.8574579999999514,"failureMessages":[],"meta":{}},{"ancestorTitles":["final_answer injection after narration kick"],"fullName":"final_answer injection after narration kick activeTools computed per-iteration -- first call has no final_answer, after kick it does","status":"passed","title":"activeTools computed per-iteration -- first call has no final_answer, after kick it does","duration":1.4930830000000697,"failureMessages":[],"meta":{}},{"ancestorTitles":["final_answer injection after narration kick"],"fullName":"final_answer injection after narration kick toolChoiceRequired still includes final_answer even without prior kick","status":"passed","title":"toolChoiceRequired still includes final_answer even without prior kick","duration":1.7720420000000559,"failureMessages":[],"meta":{}},{"ancestorTitles":["confirmation system"],"fullName":"confirmation system confirmation tool + confirmed executes normally","status":"passed","title":"confirmation tool + confirmed executes normally","duration":19.003166999999962,"failureMessages":[],"meta":{}},{"ancestorTitles":["confirmation system"],"fullName":"confirmation system confirmation tool + denied returns cancelled message","status":"passed","title":"confirmation tool + denied returns cancelled message","duration":1.937750000000051,"failureMessages":[],"meta":{}},{"ancestorTitles":["confirmation system"],"fullName":"confirmation system confirmation tool + no callback returns cancelled (safe default)","status":"passed","title":"confirmation tool + no callback returns cancelled (safe default)","duration":2.2875420000000304,"failureMessages":[],"meta":{}},{"ancestorTitles":["confirmation system"],"fullName":"confirmation system non-confirmation tool executes normally without invoking callback","status":"passed","title":"non-confirmation tool executes normally without invoking callback","duration":2.5760409999999183,"failureMessages":[],"meta":{}},{"ancestorTitles":["confirmation system"],"fullName":"confirmation system Azure: confirmation denied pushes cancelled to azureInput","status":"passed","title":"Azure: confirmation denied pushes cancelled to azureInput","duration":2.415292000000022,"failureMessages":[],"meta":{}},{"ancestorTitles":["confirmation system"],"fullName":"confirmation system skipConfirmation bypasses confirmation for mutate tools","status":"passed","title":"skipConfirmation bypasses confirmation for mutate tools","duration":218.3912919999999,"failureMessages":[],"meta":{}},{"ancestorTitles":["confirmation system"],"fullName":"confirmation system truncates tool output exceeding maxToolOutputChars","status":"passed","title":"truncates tool output exceeding maxToolOutputChars","duration":2.8040000000000873,"failureMessages":[],"meta":{}},{"ancestorTitles":["confirmation system"],"fullName":"confirmation system re-reads friend record from disk each turn when friendStore is present","status":"passed","title":"re-reads friend record from disk each turn when friendStore is present","duration":1.828416000000061,"failureMessages":[],"meta":{}},{"ancestorTitles":["confirmation system"],"fullName":"confirmation system handles friendStore.get returning null gracefully","status":"passed","title":"handles friendStore.get returning null gracefully","duration":1.3801250000001346,"failureMessages":[],"meta":{}},{"ancestorTitles":["confirmation system"],"fullName":"confirmation system passes toolPreferences to getToolsForChannel when friend has preferences","status":"passed","title":"passes toolPreferences to getToolsForChannel when friend has preferences","duration":1.6617079999998623,"failureMessages":[],"meta":{}},{"ancestorTitles":["confirmation system"],"fullName":"confirmation system rebuilds system prompt with fresh context when friendStore returns updated record","status":"passed","title":"rebuilds system prompt with fresh context when friendStore returns updated record","duration":3.3987909999998465,"failureMessages":[],"meta":{}}],"startTime":1772679682886,"endTime":1772679683754.3987,"status":"failed","message":"","name":"/Users/arimendelow/Projects/ouroboros-agent-harness/src/__tests__/heart/core.test.ts"}]}