{"numTotalTestSuites":22,"numPassedTestSuites":18,"numFailedTestSuites":4,"numPendingTestSuites":0,"numTotalTests":244,"numPassedTests":242,"numFailedTests":2,"numPendingTests":0,"numTodoTests":0,"snapshot":{"added":0,"failure":false,"filesAdded":0,"filesRemoved":0,"filesRemovedList":[],"filesUnmatched":0,"filesUpdated":0,"matched":0,"total":0,"unchecked":0,"uncheckedKeysByFile":[],"unmatched":0,"updated":0,"didUpdate":false},"startTime":1772678667279,"success":false,"testResults":[{"assertionResults":[{"ancestorTitles":["isTransientError"],"fullName":"isTransientError detects Node.js network error codes","status":"passed","title":"detects Node.js network error codes","duration":121.215667,"failureMessages":[],"meta":{}},{"ancestorTitles":["isTransientError"],"fullName":"isTransientError detects fetch/network errors by message","status":"passed","title":"detects fetch/network errors by message","duration":0.24787500000002183,"failureMessages":[],"meta":{}},{"ancestorTitles":["isTransientError"],"fullName":"isTransientError detects HTTP status codes 429 and 5xx","status":"passed","title":"detects HTTP status codes 429 and 5xx","duration":0.1350420000000554,"failureMessages":[],"meta":{}},{"ancestorTitles":["isTransientError"],"fullName":"isTransientError returns false for non-transient errors","status":"passed","title":"returns false for non-transient errors","duration":0.2927090000000021,"failureMessages":[],"meta":{}},{"ancestorTitles":["isTransientError"],"fullName":"isTransientError returns false for context overflow messages (not transient)","status":"passed","title":"returns false for context overflow messages (not transient)","duration":0.086166999999989,"failureMessages":[],"meta":{}},{"ancestorTitles":["ChannelCallbacks interface"],"fullName":"ChannelCallbacks interface accepts an object with all required callback signatures","status":"passed","title":"accepts an object with all required callback signatures","duration":0.18895800000001373,"failureMessages":[],"meta":{}},{"ancestorTitles":["RunAgentOptions trace propagation contract"],"fullName":"RunAgentOptions trace propagation contract supports a traceId field in RunAgentOptions","status":"passed","title":"supports a traceId field in RunAgentOptions","duration":0.07333399999998846,"failureMessages":[],"meta":{}},{"ancestorTitles":["runAgent"],"fullName":"runAgent fires onModelStart before API call","status":"passed","title":"fires onModelStart before API call","duration":13.751541999999972,"failureMessages":[],"meta":{}},{"ancestorTitles":["runAgent"],"fullName":"runAgent injects steering follow-ups as ordered user messages before model calls","status":"passed","title":"injects steering follow-ups as ordered user messages before model calls","duration":3.370416999999975,"failureMessages":[],"meta":{}},{"ancestorTitles":["runAgent"],"fullName":"runAgent propagates traceId option into model request metadata","status":"passed","title":"propagates traceId option into model request metadata","duration":3.036375000000021,"failureMessages":[],"meta":{}},{"ancestorTitles":["runAgent"],"fullName":"runAgent emits engine lifecycle observability events for a successful turn","status":"passed","title":"emits engine lifecycle observability events for a successful turn","duration":5.528292000000022,"failureMessages":[],"meta":{}},{"ancestorTitles":["runAgent"],"fullName":"runAgent fires onModelStreamStart on first content token","status":"passed","title":"fires onModelStreamStart on first content token","duration":2.89387499999998,"failureMessages":[],"meta":{}},{"ancestorTitles":["runAgent"],"fullName":"runAgent routes inline think tags to onReasoningChunk and answer to onTextChunk (single chunk)","status":"passed","title":"routes inline think tags to onReasoningChunk and answer to onTextChunk (single chunk)","duration":1.7268750000000068,"failureMessages":[],"meta":{}},{"ancestorTitles":["runAgent"],"fullName":"runAgent routes inline think tags split across chunks","status":"passed","title":"routes inline think tags split across chunks","duration":1.46875,"failureMessages":[],"meta":{}},{"ancestorTitles":["runAgent"],"fullName":"runAgent content-only (no think tags) goes only to onTextChunk","status":"passed","title":"content-only (no think tags) goes only to onTextChunk","duration":1.5878749999999968,"failureMessages":[],"meta":{}},{"ancestorTitles":["runAgent"],"fullName":"runAgent think-only content goes only to onReasoningChunk","status":"passed","title":"think-only content goes only to onReasoningChunk","duration":2.976249999999993,"failureMessages":[],"meta":{}},{"ancestorTitles":["runAgent"],"fullName":"runAgent handles multiple think blocks in content","status":"passed","title":"handles multiple think blocks in content","duration":1.4368329999999787,"failureMessages":[],"meta":{}},{"ancestorTitles":["runAgent"],"fullName":"runAgent handles partial think tag at chunk boundary","status":"passed","title":"handles partial think tag at chunk boundary","duration":1.4722080000000233,"failureMessages":[],"meta":{}},{"ancestorTitles":["runAgent"],"fullName":"runAgent handles think tags split across many chunks","status":"passed","title":"handles think tags split across many chunks","duration":1.3743329999999787,"failureMessages":[],"meta":{}},{"ancestorTitles":["runAgent"],"fullName":"runAgent handles partial close tag at chunk boundary inside think block","status":"passed","title":"handles partial close tag at chunk boundary inside think block","duration":1.6231670000000804,"failureMessages":[],"meta":{}},{"ancestorTitles":["runAgent"],"fullName":"runAgent flushes remaining content buffer as text at end of stream","status":"passed","title":"flushes remaining content buffer as text at end of stream","duration":1.8892909999999574,"failureMessages":[],"meta":{}},{"ancestorTitles":["runAgent"],"fullName":"runAgent flushes remaining reasoning buffer at end of stream (unclosed think)","status":"passed","title":"flushes remaining reasoning buffer at end of stream (unclosed think)","duration":2.551207999999974,"failureMessages":[],"meta":{}},{"ancestorTitles":["runAgent"],"fullName":"runAgent retains partial close tag prefix in reasoning buffer across chunks","status":"passed","title":"retains partial close tag prefix in reasoning buffer across chunks","duration":1.4086670000000368,"failureMessages":[],"meta":{}},{"ancestorTitles":["runAgent"],"fullName":"runAgent flushes partial close tag prefix as reasoning at end of stream","status":"passed","title":"flushes partial close tag prefix as reasoning at end of stream","duration":1.1895829999999705,"failureMessages":[],"meta":{}},{"ancestorTitles":["runAgent"],"fullName":"runAgent handles empty reasoning before partial close tag prefix","status":"passed","title":"handles empty reasoning before partial close tag prefix","duration":1.373207999999977,"failureMessages":[],"meta":{}},{"ancestorTitles":["runAgent"],"fullName":"runAgent handles empty content chunks in think tag processing","status":"passed","title":"handles empty content chunks in think tag processing","duration":1.5604590000000371,"failureMessages":[],"meta":{}},{"ancestorTitles":["runAgent"],"fullName":"runAgent ends loop when response has no tool calls","status":"passed","title":"ends loop when response has no tool calls","duration":1.3279169999999567,"failureMessages":[],"meta":{}},{"ancestorTitles":["runAgent"],"fullName":"runAgent fires onToolStart before tool execution and onToolEnd after","status":"passed","title":"fires onToolStart before tool execution and onToolEnd after","duration":2.986709000000019,"failureMessages":[],"meta":{}},{"ancestorTitles":["runAgent"],"fullName":"runAgent loops back for another model call after tool execution","status":"passed","title":"loops back for another model call after tool execution","duration":1.6793329999999287,"failureMessages":[],"meta":{}},{"ancestorTitles":["runAgent"],"fullName":"runAgent fires onError on API errors with terminal severity and ends loop","status":"passed","title":"fires onError on API errors with terminal severity and ends loop","duration":1.9098750000000564,"failureMessages":[],"meta":{}},{"ancestorTitles":["runAgent"],"fullName":"runAgent pushes assistant message with content onto messages array","status":"passed","title":"pushes assistant message with content onto messages array","duration":1.5343750000000682,"failureMessages":[],"meta":{}},{"ancestorTitles":["runAgent"],"fullName":"runAgent pushes assistant message with tool_calls and tool result messages","status":"passed","title":"pushes assistant message with tool_calls and tool result messages","duration":2.0899579999999105,"failureMessages":[],"meta":{}},{"ancestorTitles":["runAgent"],"fullName":"runAgent does NOT push user message (adapter responsibility)","status":"passed","title":"does NOT push user message (adapter responsibility)","duration":1.8405830000000378,"failureMessages":[],"meta":{}},{"ancestorTitles":["runAgent"],"fullName":"runAgent handles tool call with arguments split across chunks","status":"passed","title":"handles tool call with arguments split across chunks","duration":2.044708000000014,"failureMessages":[],"meta":{}},{"ancestorTitles":["runAgent"],"fullName":"runAgent handles multiple tool calls in a single response","status":"passed","title":"handles multiple tool calls in a single response","duration":1.7694589999999835,"failureMessages":[],"meta":{}},{"ancestorTitles":["runAgent"],"fullName":"runAgent fires onToolEnd with success=false when tool throws","status":"passed","title":"fires onToolEnd with success=false when tool throws","duration":1.4174170000000004,"failureMessages":[],"meta":{}},{"ancestorTitles":["runAgent"],"fullName":"runAgent skips chunks with no delta","status":"passed","title":"skips chunks with no delta","duration":1.4652500000000828,"failureMessages":[],"meta":{}},{"ancestorTitles":["runAgent"],"fullName":"runAgent handles invalid JSON in tool call arguments gracefully","status":"passed","title":"handles invalid JSON in tool call arguments gracefully","duration":1.6142079999999623,"failureMessages":[],"meta":{}},{"ancestorTitles":["runAgent"],"fullName":"runAgent wraps non-Error thrown values in Error in onError callback","status":"passed","title":"wraps non-Error thrown values in Error in onError callback","duration":1.643624999999929,"failureMessages":[],"meta":{}},{"ancestorTitles":["runAgent"],"fullName":"runAgent pushes assistant message without content when only tool calls are returned","status":"passed","title":"pushes assistant message without content when only tool calls are returned","duration":2.8344999999999345,"failureMessages":[],"meta":{}},{"ancestorTitles":["runAgent"],"fullName":"runAgent handles tool call chunks with missing id and function name","status":"passed","title":"handles tool call chunks with missing id and function name","duration":1.572999999999979,"failureMessages":[],"meta":{}},{"ancestorTitles":["runAgent"],"fullName":"runAgent handles tool call chunk with no function arguments","status":"passed","title":"handles tool call chunk with no function arguments","duration":15.250415999999973,"failureMessages":[],"meta":{}},{"ancestorTitles":["runAgent"],"fullName":"runAgent uses minimax model from config when set","status":"passed","title":"uses minimax model from config when set","duration":1.9971669999999904,"failureMessages":[],"meta":{}},{"ancestorTitles":["runAgent"],"fullName":"runAgent calls onReasoningChunk for reasoning_content","status":"passed","title":"calls onReasoningChunk for reasoning_content","duration":1.5283749999999827,"failureMessages":[],"meta":{}},{"ancestorTitles":["runAgent"],"fullName":"runAgent calls onReasoningChunk for reasoning-only stream (kicks then gets real response)","status":"passed","title":"calls onReasoningChunk for reasoning-only stream (kicks then gets real response)","duration":1.526834000000008,"failureMessages":[],"meta":{}},{"ancestorTitles":["runAgent"],"fullName":"runAgent stops immediately when signal is pre-aborted","status":"passed","title":"stops immediately when signal is pre-aborted","duration":2.8524170000000595,"failureMessages":[],"meta":{}},{"ancestorTitles":["runAgent"],"fullName":"runAgent stops streaming when signal is aborted mid-stream","status":"passed","title":"stops streaming when signal is aborted mid-stream","duration":1.4601670000000695,"failureMessages":[],"meta":{}},{"ancestorTitles":["runAgent"],"fullName":"runAgent breaks out of loop cleanly when signal aborted during catch","status":"passed","title":"breaks out of loop cleanly when signal aborted during catch","duration":1.2196249999999509,"failureMessages":[],"meta":{}},{"ancestorTitles":["runAgent"],"fullName":"runAgent skips remaining tools when signal is aborted mid-tool-execution","status":"passed","title":"skips remaining tools when signal is aborted mid-tool-execution","duration":1.7741249999999127,"failureMessages":[],"meta":{}},{"ancestorTitles":["runAgent"],"fullName":"runAgent fires onModelStreamStart on first reasoning_content token","status":"passed","title":"fires onModelStreamStart on first reasoning_content token","duration":2.4315829999999323,"failureMessages":[],"meta":{}},{"ancestorTitles":["runAgent"],"fullName":"runAgent calls onReasoningChunk for each reasoning chunk","status":"passed","title":"calls onReasoningChunk for each reasoning chunk","duration":1.9897920000000795,"failureMessages":[],"meta":{}},{"ancestorTitles":["runAgent"],"fullName":"runAgent handles multiple reasoning_content chunks before content","status":"passed","title":"handles multiple reasoning_content chunks before content","duration":2.64812500000005,"failureMessages":[],"meta":{}},{"ancestorTitles":["runAgent"],"fullName":"runAgent Azure provider calls mockResponsesCreate with Responses API params","status":"passed","title":"Azure provider calls mockResponsesCreate with Responses API params","duration":3.3408750000000964,"failureMessages":[],"meta":{}},{"ancestorTitles":["runAgent"],"fullName":"runAgent Azure text-only response: assistant message pushed in CC format, loop ends","status":"passed","title":"Azure text-only response: assistant message pushed in CC format, loop ends","duration":2.2107090000000653,"failureMessages":[],"meta":{}},{"ancestorTitles":["runAgent"],"fullName":"runAgent Azure: propagates traceId option into responses metadata","status":"passed","title":"Azure: propagates traceId option into responses metadata","duration":2.804124999999999,"failureMessages":[],"meta":{}},{"ancestorTitles":["runAgent"],"fullName":"runAgent Azure tool-use turn: tool executed, result pushed, loop continues","status":"passed","title":"Azure tool-use turn: tool executed, result pushed, loop continues","duration":3.1312500000000227,"failureMessages":[],"meta":{}},{"ancestorTitles":["runAgent"],"fullName":"runAgent Azure native input: output items + function_call_output in correct order","status":"passed","title":"Azure native input: output items + function_call_output in correct order","duration":3.4592910000000074,"failureMessages":[],"meta":{}},{"ancestorTitles":["runAgent"],"fullName":"runAgent Azure native input: same array reference reused across iterations","status":"passed","title":"Azure native input: same array reference reused across iterations","duration":3.8763750000000528,"failureMessages":[],"meta":{}},{"ancestorTitles":["runAgent"],"fullName":"runAgent does not pass reasoning params for MiniMax provider","status":"passed","title":"does not pass reasoning params for MiniMax provider","duration":1.5077079999999796,"failureMessages":[],"meta":{}},{"ancestorTitles":["runAgent"],"fullName":"runAgent MiniMax path calls mockCreate, not mockResponsesCreate","status":"passed","title":"MiniMax path calls mockCreate, not mockResponsesCreate","duration":1.5354999999999563,"failureMessages":[],"meta":{}},{"ancestorTitles":["runAgent"],"fullName":"runAgent Azure: stores reasoning items as _reasoning_items on assistant message","status":"passed","title":"Azure: stores reasoning items as _reasoning_items on assistant message","duration":2.4071669999999585,"failureMessages":[],"meta":{}},{"ancestorTitles":["runAgent"],"fullName":"runAgent Azure: does not set _reasoning_items when outputItems has no reasoning items","status":"passed","title":"Azure: does not set _reasoning_items when outputItems has no reasoning items","duration":2.6237919999999804,"failureMessages":[],"meta":{}},{"ancestorTitles":["runAgent"],"fullName":"runAgent Azure: stores only reasoning items when outputItems has mixed types","status":"passed","title":"Azure: stores only reasoning items when outputItems has mixed types","duration":2.443125000000009,"failureMessages":[],"meta":{}},{"ancestorTitles":["runAgent"],"fullName":"runAgent Azure: azureInput.push still happens for each outputItem (existing behavior preserved)","status":"passed","title":"Azure: azureInput.push still happens for each outputItem (existing behavior preserved)","duration":3.2604169999999613,"failureMessages":[],"meta":{}},{"ancestorTitles":["runAgent"],"fullName":"runAgent MiniMax: does not set _reasoning_items (outputItems always empty)","status":"passed","title":"MiniMax: does not set _reasoning_items (outputItems always empty)","duration":2.3618329999999332,"failureMessages":[],"meta":{}},{"ancestorTitles":["runAgent"],"fullName":"runAgent returns usage from single API call (no tool calls)","status":"passed","title":"returns usage from single API call (no tool calls)","duration":1.6132910000000038,"failureMessages":[],"meta":{}},{"ancestorTitles":["runAgent"],"fullName":"runAgent returns usage from last API call when multiple tool rounds","status":"passed","title":"returns usage from last API call when multiple tool rounds","duration":1.9547079999999823,"failureMessages":[],"meta":{}},{"ancestorTitles":["runAgent"],"fullName":"runAgent returns undefined usage when no usage data available","status":"passed","title":"returns undefined usage when no usage data available","duration":1.2204589999998916,"failureMessages":[],"meta":{}},{"ancestorTitles":["runAgent"],"fullName":"runAgent returns undefined usage on error","status":"passed","title":"returns undefined usage on error","duration":1.1945840000000771,"failureMessages":[],"meta":{}},{"ancestorTitles":["runAgent"],"fullName":"runAgent recovers from Azure context_length_exceeded error by trimming and retrying","status":"passed","title":"recovers from Azure context_length_exceeded error by trimming and retrying","duration":1.6423330000000078,"failureMessages":[],"meta":{}},{"ancestorTitles":["runAgent"],"fullName":"runAgent recovers from Azure overflow via error message (no .code)","status":"passed","title":"recovers from Azure overflow via error message (no .code)","duration":1.356457999999975,"failureMessages":[],"meta":{}},{"ancestorTitles":["runAgent"],"fullName":"runAgent recovers from MiniMax context window exceeds limit error","status":"passed","title":"recovers from MiniMax context window exceeds limit error","duration":1.7239580000000387,"failureMessages":[],"meta":{}},{"ancestorTitles":["runAgent"],"fullName":"runAgent surfaces error via onError when retry also fails with overflow","status":"passed","title":"surfaces error via onError when retry also fails with overflow","duration":1.5869579999999814,"failureMessages":[],"meta":{}},{"ancestorTitles":["runAgent"],"fullName":"runAgent does not catch non-overflow errors with overflow recovery","status":"passed","title":"does not catch non-overflow errors with overflow recovery","duration":1.5779169999999567,"failureMessages":[],"meta":{}},{"ancestorTitles":["runAgent"],"fullName":"runAgent strips tool calls before trimming on mid-turn overflow","status":"passed","title":"strips tool calls before trimming on mid-turn overflow","duration":1.3616250000000036,"failureMessages":[],"meta":{}},{"ancestorTitles":["runAgent"],"fullName":"runAgent handles overflow error with empty message property","status":"passed","title":"handles overflow error with empty message property","duration":2.015292000000045,"failureMessages":[],"meta":{}},{"ancestorTitles":["runAgent"],"fullName":"runAgent overflow on cold start with only system message still retries","status":"passed","title":"overflow on cold start with only system message still retries","duration":1.5317919999999958,"failureMessages":[],"meta":{}},{"ancestorTitles":["runAgent"],"fullName":"runAgent retries on transient network errors with backoff and transient severity","status":"passed","title":"retries on transient network errors with backoff and transient severity","duration":3.3941670000000386,"failureMessages":[],"meta":{}},{"ancestorTitles":["runAgent"],"fullName":"runAgent gives up after MAX_RETRIES transient failures with terminal final error","status":"passed","title":"gives up after MAX_RETRIES transient failures with terminal final error","duration":2.393165999999951,"failureMessages":[],"meta":{}},{"ancestorTitles":["runAgent"],"fullName":"runAgent aborts retry wait on signal abort","status":"passed","title":"aborts retry wait on signal abort","duration":2.700417000000016,"failureMessages":[],"meta":{}},{"ancestorTitles":["runAgent"],"fullName":"runAgent skips retry wait immediately when signal is already aborted","status":"passed","title":"skips retry wait immediately when signal is already aborted","duration":1.584791999999993,"failureMessages":[],"meta":{}},{"ancestorTitles":["runAgent"],"fullName":"runAgent resets retry count after successful call","status":"passed","title":"resets retry count after successful call","duration":2.238124999999968,"failureMessages":[],"meta":{}},{"ancestorTitles":["runAgent"],"fullName":"runAgent detects HTTP 429 and 5xx as transient errors","status":"passed","title":"detects HTTP 429 and 5xx as transient errors","duration":1.8764169999999467,"failureMessages":[],"meta":{}},{"ancestorTitles":["runAgent"],"fullName":"runAgent refreshes system prompt at start of runAgent when channel is passed","status":"passed","title":"refreshes system prompt at start of runAgent when channel is passed","duration":1.8830839999999398,"failureMessages":[],"meta":{}},{"ancestorTitles":["runAgent"],"fullName":"runAgent refreshes system prompt for teams channel","status":"passed","title":"refreshes system prompt for teams channel","duration":1.3546660000000657,"failureMessages":[],"meta":{}},{"ancestorTitles":["runAgent"],"fullName":"runAgent preserves non-system history when refreshing system prompt","status":"passed","title":"preserves non-system history when refreshing system prompt","duration":1.4601250000000618,"failureMessages":[],"meta":{}},{"ancestorTitles":["runAgent"],"fullName":"runAgent falls back to existing system prompt when prompt refresh fails","status":"passed","title":"falls back to existing system prompt when prompt refresh fails","duration":3.442874999999958,"failureMessages":[],"meta":{}},{"ancestorTitles":["runAgent"],"fullName":"runAgent injects default fallback prompt when refresh throws a non-Error and no system prompt exists","status":"passed","title":"injects default fallback prompt when refresh throws a non-Error and no system prompt exists","duration":3.978249999999889,"failureMessages":[],"meta":{}},{"ancestorTitles":["runAgent"],"fullName":"runAgent still works without channel parameter (backward compatible)","status":"passed","title":"still works without channel parameter (backward compatible)","duration":1.5395409999999856,"failureMessages":[],"meta":{}},{"ancestorTitles":["getClient"],"fullName":"getClient exits when no env vars are set","status":"passed","title":"exits when no env vars are set","duration":1.1449589999999716,"failureMessages":[],"meta":{}},{"ancestorTitles":["getClient"],"fullName":"getClient uses MiniMax when minimax config is set","status":"passed","title":"uses MiniMax when minimax config is set","duration":0.8248340000000098,"failureMessages":[],"meta":{}},{"ancestorTitles":["getClient"],"fullName":"getClient prefers Azure when all Azure config is set","status":"passed","title":"prefers Azure when all Azure config is set","duration":0.9145829999999933,"failureMessages":[],"meta":{}},{"ancestorTitles":["getClient"],"fullName":"getClient fails fast when selected Azure provider config is incomplete","status":"passed","title":"fails fast when selected Azure provider config is incomplete","duration":1.3356670000000577,"failureMessages":[],"meta":{}},{"ancestorTitles":["getClient"],"fullName":"getClient caches client across multiple runAgent invocations","status":"passed","title":"caches client across multiple runAgent invocations","duration":1.8690419999999222,"failureMessages":[],"meta":{}},{"ancestorTitles":["getClient"],"fullName":"getClient omits model param in createParams when model is empty","status":"passed","title":"omits model param in createParams when model is empty","duration":1.1599579999999605,"failureMessages":[],"meta":{}},{"ancestorTitles":["getClient config integration"],"fullName":"getClient config integration uses azure config from config.json when apiKey is present","status":"passed","title":"uses azure config from config.json when apiKey is present","duration":1.2174590000000762,"failureMessages":[],"meta":{}},{"ancestorTitles":["getClient config integration"],"fullName":"getClient config integration uses minimax config from config.json when apiKey is present","status":"passed","title":"uses minimax config from config.json when apiKey is present","duration":1.0065410000000838,"failureMessages":[],"meta":{}},{"ancestorTitles":["getClient config integration"],"fullName":"getClient config integration prefers azure when both providers are configured in config.json","status":"passed","title":"prefers azure when both providers are configured in config.json","duration":0.9377500000000509,"failureMessages":[],"meta":{}},{"ancestorTitles":["getClient config integration"],"fullName":"getClient config integration uses agent.json provider with secrets.json settings","status":"passed","title":"uses agent.json provider with secrets.json settings","duration":1.803541999999993,"failureMessages":[],"meta":{}},{"ancestorTitles":["getClient config integration"],"fullName":"getClient config integration stripLastToolCalls pops trailing tool messages","status":"passed","title":"stripLastToolCalls pops trailing tool messages","duration":1.1986670000000004,"failureMessages":[],"meta":{}},{"ancestorTitles":["getClient config integration"],"fullName":"getClient config integration stripLastToolCalls removes empty assistant after stripping tool_calls","status":"passed","title":"stripLastToolCalls removes empty assistant after stripping tool_calls","duration":0.8575839999999744,"failureMessages":[],"meta":{}},{"ancestorTitles":["getClient config integration"],"fullName":"getClient config integration stripLastToolCalls is a no-op when no trailing tools","status":"passed","title":"stripLastToolCalls is a no-op when no trailing tools","duration":0.762540999999942,"failureMessages":[],"meta":{}},{"ancestorTitles":["getClient config integration"],"fullName":"getClient config integration fires onError when tool loop limit is reached","status":"passed","title":"fires onError when tool loop limit is reached","duration":2.2033330000000433,"failureMessages":[],"meta":{}},{"ancestorTitles":["getClient config integration"],"fullName":"getClient config integration exits when neither provider configured in config","status":"passed","title":"exits when neither provider configured in config","duration":1.5437080000000378,"failureMessages":[],"meta":{}},{"ancestorTitles":["provider abstraction contract"],"fullName":"provider abstraction contract exports createProviderRegistry for provider abstraction wiring","status":"passed","title":"exports createProviderRegistry for provider abstraction wiring","duration":0.07883399999991525,"failureMessages":[],"meta":{}},{"ancestorTitles":["provider abstraction contract"],"fullName":"provider abstraction contract runAgent request path avoids hardcoded provider-name branches","status":"passed","title":"runAgent request path avoids hardcoded provider-name branches","duration":0.04970900000000711,"failureMessages":[],"meta":{}},{"ancestorTitles":["provider abstraction contract"],"fullName":"provider abstraction contract delegates provider runtime construction to dedicated provider modules","status":"failed","title":"delegates provider runtime construction to dedicated provider modules","duration":7.7511670000000095,"failureMessages":["AssertionError: expected '' to contain 'from \"./providers/azure\"'\n    at /Users/arimendelow/Projects/ouroboros-agent-harness/src/__tests__/heart/core.test.ts:3064:20\n    at file:///Users/arimendelow/Projects/ouroboros-agent-harness/node_modules/@vitest/runner/dist/index.js:145:11\n    at file:///Users/arimendelow/Projects/ouroboros-agent-harness/node_modules/@vitest/runner/dist/index.js:915:26\n    at file:///Users/arimendelow/Projects/ouroboros-agent-harness/node_modules/@vitest/runner/dist/index.js:1243:20\n    at new Promise (<anonymous>)\n    at runWithTimeout (file:///Users/arimendelow/Projects/ouroboros-agent-harness/node_modules/@vitest/runner/dist/index.js:1209:10)\n    at file:///Users/arimendelow/Projects/ouroboros-agent-harness/node_modules/@vitest/runner/dist/index.js:1653:37\n    at Traces.$ (file:///Users/arimendelow/Projects/ouroboros-agent-harness/node_modules/vitest/dist/chunks/traces.CCmnQaNT.js:142:27)\n    at trace (file:///Users/arimendelow/Projects/ouroboros-agent-harness/node_modules/vitest/dist/chunks/test.B8ej_ZHS.js:239:21)\n    at runTest (file:///Users/arimendelow/Projects/ouroboros-agent-harness/node_modules/@vitest/runner/dist/index.js:1653:12)"],"meta":{}},{"ancestorTitles":["provider abstraction contract"],"fullName":"provider abstraction contract registry provider runtimes expose provider-owned turn execution hooks","status":"passed","title":"registry provider runtimes expose provider-owned turn execution hooks","duration":1.5147499999999354,"failureMessages":[],"meta":{}},{"ancestorTitles":["provider abstraction contract"],"fullName":"provider abstraction contract azure provider runtime safely ignores tool output before turn state initialization","status":"passed","title":"azure provider runtime safely ignores tool output before turn state initialization","duration":1.2226670000000013,"failureMessages":[],"meta":{}},{"ancestorTitles":["anthropic setup-token provider contract"],"fullName":"anthropic setup-token provider contract uses Anthropic when setup-token credentials are configured in secrets.json","status":"passed","title":"uses Anthropic when setup-token credentials are configured in secrets.json","duration":1.4148340000000417,"failureMessages":[],"meta":{}},{"ancestorTitles":["anthropic setup-token provider contract"],"fullName":"anthropic setup-token provider contract fails fast with setup-token prefix guidance when non-setup Anthropic token is found","status":"passed","title":"fails fast with setup-token prefix guidance when non-setup Anthropic token is found","duration":1.2621669999999767,"failureMessages":[],"meta":{}},{"ancestorTitles":["anthropic setup-token provider contract"],"fullName":"anthropic setup-token provider contract fails fast with setup-token length guidance when token is too short","status":"passed","title":"fails fast with setup-token length guidance when token is too short","duration":2.803875000000062,"failureMessages":[],"meta":{}},{"ancestorTitles":["anthropic setup-token provider contract"],"fullName":"anthropic setup-token provider contract fails fast with re-auth guidance when setup-token is blank after trimming","status":"passed","title":"fails fast with re-auth guidance when setup-token is blank after trimming","duration":1.6526669999999513,"failureMessages":[],"meta":{}},{"ancestorTitles":["anthropic setup-token provider contract"],"fullName":"anthropic setup-token provider contract fails fast when Anthropic model is configured but setupToken is missing from secrets config","status":"passed","title":"fails fast when Anthropic model is configured but setupToken is missing from secrets config","duration":1.4747089999999616,"failureMessages":[],"meta":{}},{"ancestorTitles":["anthropic setup-token provider contract"],"fullName":"anthropic setup-token provider contract maps canonical messages to Anthropic payload and streams tool/text/thinking/usage events","status":"passed","title":"maps canonical messages to Anthropic payload and streams tool/text/thinking/usage events","duration":1.712959000000069,"failureMessages":[],"meta":{}},{"ancestorTitles":["anthropic setup-token provider contract"],"fullName":"anthropic setup-token provider contract returns early when Anthropic stream signal is aborted","status":"passed","title":"returns early when Anthropic stream signal is aborted","duration":1.8149589999999307,"failureMessages":[],"meta":{}},{"ancestorTitles":["anthropic setup-token provider contract"],"fullName":"anthropic setup-token provider contract wraps Anthropic auth failures from create() with setup-token guidance","status":"passed","title":"wraps Anthropic auth failures from create() with setup-token guidance","duration":1.3144999999999527,"failureMessages":[],"meta":{}},{"ancestorTitles":["anthropic setup-token provider contract"],"fullName":"anthropic setup-token provider contract wraps Anthropic auth failures from streaming events with setup-token guidance","status":"passed","title":"wraps Anthropic auth failures from streaming events with setup-token guidance","duration":1.3821249999999736,"failureMessages":[],"meta":{}},{"ancestorTitles":["anthropic setup-token provider contract"],"fullName":"anthropic setup-token provider contract preserves non-auth Anthropic errors without rewriting guidance","status":"passed","title":"preserves non-auth Anthropic errors without rewriting guidance","duration":1.2671249999999645,"failureMessages":[],"meta":{}},{"ancestorTitles":["anthropic setup-token provider contract"],"fullName":"anthropic setup-token provider contract fails fast when setup-token contains only whitespace characters","status":"passed","title":"fails fast when setup-token contains only whitespace characters","duration":1.7759580000000597,"failureMessages":[],"meta":{}},{"ancestorTitles":["anthropic setup-token provider contract"],"fullName":"anthropic setup-token provider contract handles nullish Anthropic stream fields and unknown events safely","status":"passed","title":"handles nullish Anthropic stream fields and unknown events safely","duration":1.3532500000000027,"failureMessages":[],"meta":{}},{"ancestorTitles":["anthropic setup-token provider contract"],"fullName":"anthropic setup-token provider contract converts non-Error thrown values into terminal errors","status":"passed","title":"converts non-Error thrown values into terminal errors","duration":2.53875000000005,"failureMessages":[],"meta":{}},{"ancestorTitles":["anthropic setup-token provider contract"],"fullName":"anthropic setup-token provider contract logs non-Error provider-resolution failures before exiting","status":"passed","title":"logs non-Error provider-resolution failures before exiting","duration":1.8303750000000036,"failureMessages":[],"meta":{}},{"ancestorTitles":["hasToolIntent"],"fullName":"hasToolIntent returns true for each intent phrase","status":"passed","title":"returns true for each intent phrase","duration":0.7459579999999733,"failureMessages":[],"meta":{}},{"ancestorTitles":["hasToolIntent"],"fullName":"hasToolIntent returns false for text without intent phrases","status":"passed","title":"returns false for text without intent phrases","duration":0.1377500000000964,"failureMessages":[],"meta":{}},{"ancestorTitles":["hasToolIntent"],"fullName":"hasToolIntent is case-insensitive","status":"passed","title":"is case-insensitive","duration":0.1240420000000313,"failureMessages":[],"meta":{}},{"ancestorTitles":["kick mechanism"],"fullName":"kick mechanism fires onKick when model narrates intent without tool calls, then retries","status":"passed","title":"fires onKick when model narrates intent without tool calls, then retries","duration":1.7035830000000942,"failureMessages":[],"meta":{}},{"ancestorTitles":["kick mechanism"],"fullName":"kick mechanism kicks fire unconditionally -- no maxKicks cap, bounded by MAX_TOOL_ROUNDS","status":"passed","title":"kicks fire unconditionally -- no maxKicks cap, bounded by MAX_TOOL_ROUNDS","duration":1.6292499999999563,"failureMessages":[],"meta":{}},{"ancestorTitles":["kick mechanism"],"fullName":"kick mechanism kick increments toolRounds and respects MAX_TOOL_ROUNDS","status":"passed","title":"kick increments toolRounds and respects MAX_TOOL_ROUNDS","duration":1.7027499999999236,"failureMessages":[],"meta":{}},{"ancestorTitles":["kick mechanism"],"fullName":"kick mechanism pushes self-correction message before retry","status":"passed","title":"pushes self-correction message before retry","duration":1.2875419999999167,"failureMessages":[],"meta":{}},{"ancestorTitles":["kick mechanism"],"fullName":"kick mechanism onKick callback receives no arguments","status":"passed","title":"onKick callback receives no arguments","duration":1.3544579999999087,"failureMessages":[],"meta":{}},{"ancestorTitles":["kick mechanism"],"fullName":"kick mechanism onKick callback is optional (no crash if not provided)","status":"passed","title":"onKick callback is optional (no crash if not provided)","duration":1.4022079999999733,"failureMessages":[],"meta":{}},{"ancestorTitles":["kick mechanism"],"fullName":"kick mechanism malformed assistant message is NOT in history after kick","status":"passed","title":"malformed assistant message is NOT in history after kick","duration":1.6102919999999585,"failureMessages":[],"meta":{}},{"ancestorTitles":["kick mechanism"],"fullName":"kick mechanism Azure: kick cleans up azureInput output items and forces rebuild on retry","status":"passed","title":"Azure: kick cleans up azureInput output items and forces rebuild on retry","duration":3.425583999999958,"failureMessages":[],"meta":{}},{"ancestorTitles":["tool_choice required and final_answer"],"fullName":"tool_choice required and final_answer passes tool_choice: required in MiniMax createParams when toolChoiceRequired is true","status":"passed","title":"passes tool_choice: required in MiniMax createParams when toolChoiceRequired is true","duration":1.6424160000000256,"failureMessages":[],"meta":{}},{"ancestorTitles":["tool_choice required and final_answer"],"fullName":"tool_choice required and final_answer passes tool_choice: required in Azure createParams when toolChoiceRequired is true","status":"passed","title":"passes tool_choice: required in Azure createParams when toolChoiceRequired is true","duration":3.9289999999999736,"failureMessages":[],"meta":{}},{"ancestorTitles":["tool_choice required and final_answer"],"fullName":"tool_choice required and final_answer includes final_answer tool in tools list when toolChoiceRequired is true","status":"passed","title":"includes final_answer tool in tools list when toolChoiceRequired is true","duration":1.5156660000000102,"failureMessages":[],"meta":{}},{"ancestorTitles":["tool_choice required and final_answer"],"fullName":"tool_choice required and final_answer does NOT include final_answer tool when toolChoiceRequired is false/undefined","status":"passed","title":"does NOT include final_answer tool when toolChoiceRequired is false/undefined","duration":1.0982919999999012,"failureMessages":[],"meta":{}},{"ancestorTitles":["tool_choice required and final_answer"],"fullName":"tool_choice required and final_answer does NOT pass tool_choice when toolChoiceRequired is not set","status":"passed","title":"does NOT pass tool_choice when toolChoiceRequired is not set","duration":1.2201250000000528,"failureMessages":[],"meta":{}},{"ancestorTitles":["tool_choice required and final_answer"],"fullName":"tool_choice required and final_answer final_answer sole call: extracts answer text and terminates loop","status":"passed","title":"final_answer sole call: extracts answer text and terminates loop","duration":1.225667000000044,"failureMessages":[],"meta":{}},{"ancestorTitles":["tool_choice required and final_answer"],"fullName":"tool_choice required and final_answer final_answer mixed with other tool calls: other tools execute, final_answer rejected, loop continues","status":"passed","title":"final_answer mixed with other tool calls: other tools execute, final_answer rejected, loop continues","duration":1.705500000000029,"failureMessages":[],"meta":{}},{"ancestorTitles":["tool_choice required and final_answer"],"fullName":"tool_choice required and final_answer final_answer with empty answer arg: uses empty string","status":"passed","title":"final_answer with empty answer arg: uses empty string","duration":1.0769169999999804,"failureMessages":[],"meta":{}},{"ancestorTitles":["tool_choice required and final_answer"],"fullName":"tool_choice required and final_answer final_answer is never passed to execTool (intercepted before execution)","status":"passed","title":"final_answer is never passed to execTool (intercepted before execution)","duration":1.19825000000003,"failureMessages":[],"meta":{}},{"ancestorTitles":["tool_choice required and final_answer"],"fullName":"tool_choice required and final_answer Azure: mixed final_answer rejection pushes to azureInput","status":"passed","title":"Azure: mixed final_answer rejection pushes to azureInput","duration":2.42837499999996,"failureMessages":[],"meta":{}},{"ancestorTitles":["tool_choice required and final_answer"],"fullName":"tool_choice required and final_answer final_answer with invalid JSON arguments: falls back to result.content","status":"passed","title":"final_answer with invalid JSON arguments: falls back to result.content","duration":1.2022910000000593,"failureMessages":[],"meta":{}},{"ancestorTitles":["tool_choice required and final_answer"],"fullName":"tool_choice required and final_answer final_answer with valid JSON but no answer field: falls back to result.content","status":"passed","title":"final_answer with valid JSON but no answer field: falls back to result.content","duration":1.3475419999999758,"failureMessages":[],"meta":{}},{"ancestorTitles":["tool_choice required and final_answer"],"fullName":"tool_choice required and final_answer final_answer with invalid JSON and no content: falls back to empty string","status":"passed","title":"final_answer with invalid JSON and no content: falls back to empty string","duration":2.017791999999986,"failureMessages":[],"meta":{}},{"ancestorTitles":["tool_choice required and final_answer"],"fullName":"tool_choice required and final_answer final_answer with valid JSON, no answer field, and no content: falls back to empty string","status":"passed","title":"final_answer with valid JSON, no answer field, and no content: falls back to empty string","duration":1.373207999999977,"failureMessages":[],"meta":{}},{"ancestorTitles":["integration: kick + tool_choice required combined"],"fullName":"integration: kick + tool_choice required combined kick fires when toolChoiceRequired is true and model narrates intent","status":"passed","title":"kick fires when toolChoiceRequired is true and model narrates intent","duration":1.2587919999999713,"failureMessages":[],"meta":{}},{"ancestorTitles":["integration: kick + tool_choice required combined"],"fullName":"integration: kick + tool_choice required combined after kick, model returns final_answer -- terminates cleanly","status":"passed","title":"after kick, model returns final_answer -- terminates cleanly","duration":1.3511250000000246,"failureMessages":[],"meta":{}},{"ancestorTitles":["integration: kick + tool_choice required combined"],"fullName":"integration: kick + tool_choice required combined MAX_TOOL_ROUNDS budget accounts for kicks + tool rounds together","status":"passed","title":"MAX_TOOL_ROUNDS budget accounts for kicks + tool rounds together","duration":1.8314159999999902,"failureMessages":[],"meta":{}},{"ancestorTitles":["integration: kick + tool_choice required combined"],"fullName":"integration: kick + tool_choice required combined abort during kick attempt -- clean stop, no dangling messages","status":"passed","title":"abort during kick attempt -- clean stop, no dangling messages","duration":1.455916000000002,"failureMessages":[],"meta":{}},{"ancestorTitles":["integration: kick + tool_choice required combined"],"fullName":"integration: kick + tool_choice required combined empty content with no tool_calls -- kicks (empty response is always wrong)","status":"passed","title":"empty content with no tool_calls -- kicks (empty response is always wrong)","duration":1.336500000000001,"failureMessages":[],"meta":{}},{"ancestorTitles":["integration: kick + tool_choice required combined"],"fullName":"integration: kick + tool_choice required combined intent phrase only in model content triggers kick, not in tool results","status":"passed","title":"intent phrase only in model content triggers kick, not in tool results","duration":1.4950000000000045,"failureMessages":[],"meta":{}},{"ancestorTitles":["integration: kick + tool_choice required combined"],"fullName":"integration: kick + tool_choice required combined final_answer with very long text -- full text preserved","status":"passed","title":"final_answer with very long text -- full text preserved","duration":1.6606250000000955,"failureMessages":[],"meta":{}},{"ancestorTitles":["integration: kick + tool_choice required combined"],"fullName":"integration: kick + tool_choice required combined toolChoiceRequired kicks even when content is empty (reasoning-only response)","status":"passed","title":"toolChoiceRequired kicks even when content is empty (reasoning-only response)","duration":1.4265000000000327,"failureMessages":[],"meta":{}},{"ancestorTitles":["integration: kick + tool_choice required combined"],"fullName":"integration: kick + tool_choice required combined uses getToolsForChannel to select tools based on channel","status":"passed","title":"uses getToolsForChannel to select tools based on channel","duration":2.1834579999999733,"failureMessages":[],"meta":{}},{"ancestorTitles":["integration: kick + tool_choice required combined"],"fullName":"integration: kick + tool_choice required combined does not include graph/ado tools for cli channel","status":"passed","title":"does not include graph/ado tools for cli channel","duration":2.22783400000003,"failureMessages":[],"meta":{}},{"ancestorTitles":["integration: kick + tool_choice required combined"],"fullName":"integration: kick + tool_choice required combined passes toolContext to execTool when calling graph/ado tools","status":"passed","title":"passes toolContext to execTool when calling graph/ado tools","duration":110.00425000000007,"failureMessages":[],"meta":{}},{"ancestorTitles":["final_answer injection after narration kick"],"fullName":"final_answer injection after narration kick after narration kick, final_answer is present in tools sent to API","status":"passed","title":"after narration kick, final_answer is present in tools sent to API","duration":2.8539590000000317,"failureMessages":[],"meta":{}},{"ancestorTitles":["final_answer injection after narration kick"],"fullName":"final_answer injection after narration kick after empty kick, final_answer is NOT in tools (narration-only injection)","status":"passed","title":"after empty kick, final_answer is NOT in tools (narration-only injection)","duration":2.341666000000032,"failureMessages":[],"meta":{}},{"ancestorTitles":["final_answer injection after narration kick"],"fullName":"final_answer injection after narration kick model calls final_answer after narration kick -- terminates cleanly","status":"passed","title":"model calls final_answer after narration kick -- terminates cleanly","duration":1.8698329999999714,"failureMessages":[],"meta":{}},{"ancestorTitles":["final_answer injection after narration kick"],"fullName":"final_answer injection after narration kick activeTools computed per-iteration -- first call has no final_answer, after kick it does","status":"passed","title":"activeTools computed per-iteration -- first call has no final_answer, after kick it does","duration":1.8326250000000073,"failureMessages":[],"meta":{}},{"ancestorTitles":["final_answer injection after narration kick"],"fullName":"final_answer injection after narration kick toolChoiceRequired still includes final_answer even without prior kick","status":"passed","title":"toolChoiceRequired still includes final_answer even without prior kick","duration":1.639791999999943,"failureMessages":[],"meta":{}},{"ancestorTitles":["confirmation system"],"fullName":"confirmation system confirmation tool + confirmed executes normally","status":"passed","title":"confirmation tool + confirmed executes normally","duration":19.177332999999976,"failureMessages":[],"meta":{}},{"ancestorTitles":["confirmation system"],"fullName":"confirmation system confirmation tool + denied returns cancelled message","status":"passed","title":"confirmation tool + denied returns cancelled message","duration":1.9733750000000327,"failureMessages":[],"meta":{}},{"ancestorTitles":["confirmation system"],"fullName":"confirmation system confirmation tool + no callback returns cancelled (safe default)","status":"passed","title":"confirmation tool + no callback returns cancelled (safe default)","duration":2.94395899999995,"failureMessages":[],"meta":{}},{"ancestorTitles":["confirmation system"],"fullName":"confirmation system non-confirmation tool executes normally without invoking callback","status":"passed","title":"non-confirmation tool executes normally without invoking callback","duration":1.870457999999985,"failureMessages":[],"meta":{}},{"ancestorTitles":["confirmation system"],"fullName":"confirmation system Azure: confirmation denied pushes cancelled to azureInput","status":"passed","title":"Azure: confirmation denied pushes cancelled to azureInput","duration":2.6987080000000105,"failureMessages":[],"meta":{}},{"ancestorTitles":["confirmation system"],"fullName":"confirmation system skipConfirmation bypasses confirmation for mutate tools","status":"passed","title":"skipConfirmation bypasses confirmation for mutate tools","duration":15.78125,"failureMessages":[],"meta":{}},{"ancestorTitles":["confirmation system"],"fullName":"confirmation system truncates tool output exceeding maxToolOutputChars","status":"passed","title":"truncates tool output exceeding maxToolOutputChars","duration":1.7413340000000517,"failureMessages":[],"meta":{}},{"ancestorTitles":["confirmation system"],"fullName":"confirmation system re-reads friend record from disk each turn when friendStore is present","status":"passed","title":"re-reads friend record from disk each turn when friendStore is present","duration":1.6557500000000118,"failureMessages":[],"meta":{}},{"ancestorTitles":["confirmation system"],"fullName":"confirmation system handles friendStore.get returning null gracefully","status":"passed","title":"handles friendStore.get returning null gracefully","duration":1.572458000000097,"failureMessages":[],"meta":{}},{"ancestorTitles":["confirmation system"],"fullName":"confirmation system passes toolPreferences to getToolsForChannel when friend has preferences","status":"passed","title":"passes toolPreferences to getToolsForChannel when friend has preferences","duration":2.8707500000000437,"failureMessages":[],"meta":{}},{"ancestorTitles":["confirmation system"],"fullName":"confirmation system rebuilds system prompt with fresh context when friendStore returns updated record","status":"passed","title":"rebuilds system prompt with fresh context when friendStore returns updated record","duration":1.4271250000000464,"failureMessages":[],"meta":{}}],"startTime":1772678667669,"endTime":1772678668272.4272,"status":"failed","message":"","name":"/Users/arimendelow/Projects/ouroboros-agent-harness/src/__tests__/heart/core.test.ts"},{"assertionResults":[{"ancestorTitles":["toResponsesTools"],"fullName":"toResponsesTools converts a single CC tool to Responses API FunctionTool format","status":"passed","title":"converts a single CC tool to Responses API FunctionTool format","duration":20.351625000000013,"failureMessages":[],"meta":{}},{"ancestorTitles":["toResponsesTools"],"fullName":"toResponsesTools converts all tools in the exported tools array","status":"passed","title":"converts all tools in the exported tools array","duration":2.1958329999999933,"failureMessages":[],"meta":{}},{"ancestorTitles":["toResponsesTools"],"fullName":"toResponsesTools sets description to null when undefined","status":"passed","title":"sets description to null when undefined","duration":1.4771669999999801,"failureMessages":[],"meta":{}},{"ancestorTitles":["toResponsesTools"],"fullName":"toResponsesTools sets parameters to null when undefined","status":"passed","title":"sets parameters to null when undefined","duration":1.4737499999999955,"failureMessages":[],"meta":{}},{"ancestorTitles":["provider module boundary contract"],"fullName":"provider module boundary contract has dedicated provider runtime modules for azure/anthropic/minimax","status":"failed","title":"has dedicated provider runtime modules for azure/anthropic/minimax","duration":5.169749999999993,"failureMessages":["AssertionError: expected false to be true // Object.is equality\n    at /Users/arimendelow/Projects/ouroboros-agent-harness/src/__tests__/heart/streaming.test.ts:115:44\n    at file:///Users/arimendelow/Projects/ouroboros-agent-harness/node_modules/@vitest/runner/dist/index.js:145:11\n    at file:///Users/arimendelow/Projects/ouroboros-agent-harness/node_modules/@vitest/runner/dist/index.js:915:26\n    at file:///Users/arimendelow/Projects/ouroboros-agent-harness/node_modules/@vitest/runner/dist/index.js:1243:20\n    at new Promise (<anonymous>)\n    at runWithTimeout (file:///Users/arimendelow/Projects/ouroboros-agent-harness/node_modules/@vitest/runner/dist/index.js:1209:10)\n    at file:///Users/arimendelow/Projects/ouroboros-agent-harness/node_modules/@vitest/runner/dist/index.js:1653:37\n    at Traces.$ (file:///Users/arimendelow/Projects/ouroboros-agent-harness/node_modules/vitest/dist/chunks/traces.CCmnQaNT.js:142:27)\n    at trace (file:///Users/arimendelow/Projects/ouroboros-agent-harness/node_modules/vitest/dist/chunks/test.B8ej_ZHS.js:239:21)\n    at runTest (file:///Users/arimendelow/Projects/ouroboros-agent-harness/node_modules/@vitest/runner/dist/index.js:1653:12)"],"meta":{}},{"ancestorTitles":["toResponsesInput"],"fullName":"toResponsesInput extracts system message content into instructions","status":"passed","title":"extracts system message content into instructions","duration":1.0057499999999777,"failureMessages":[],"meta":{}},{"ancestorTitles":["toResponsesInput"],"fullName":"toResponsesInput converts user message to input item","status":"passed","title":"converts user message to input item","duration":0.9445419999999842,"failureMessages":[],"meta":{}},{"ancestorTitles":["toResponsesInput"],"fullName":"toResponsesInput converts assistant message (text only) to input item","status":"passed","title":"converts assistant message (text only) to input item","duration":3.751874999999984,"failureMessages":[],"meta":{}},{"ancestorTitles":["toResponsesInput"],"fullName":"toResponsesInput converts assistant with tool_calls to content + function_call items","status":"passed","title":"converts assistant with tool_calls to content + function_call items","duration":0.655791999999991,"failureMessages":[],"meta":{}},{"ancestorTitles":["toResponsesInput"],"fullName":"toResponsesInput converts tool message to function_call_output item","status":"passed","title":"converts tool message to function_call_output item","duration":0.6720420000000047,"failureMessages":[],"meta":{}},{"ancestorTitles":["toResponsesInput"],"fullName":"toResponsesInput returns empty instructions when no system message","status":"passed","title":"returns empty instructions when no system message","duration":0.3807499999999777,"failureMessages":[],"meta":{}},{"ancestorTitles":["toResponsesInput"],"fullName":"toResponsesInput preserves order in mixed multi-turn conversation","status":"passed","title":"preserves order in mixed multi-turn conversation","duration":0.5548329999999737,"failureMessages":[],"meta":{}},{"ancestorTitles":["toResponsesInput"],"fullName":"toResponsesInput returns empty instructions and empty input for empty messages","status":"passed","title":"returns empty instructions and empty input for empty messages","duration":0.3661250000000109,"failureMessages":[],"meta":{}},{"ancestorTitles":["toResponsesInput"],"fullName":"toResponsesInput omits assistant content message when content is empty/falsy with tool_calls","status":"passed","title":"omits assistant content message when content is empty/falsy with tool_calls","duration":1.273416999999995,"failureMessages":[],"meta":{}},{"ancestorTitles":["toResponsesInput"],"fullName":"toResponsesInput only extracts first system message as instructions","status":"passed","title":"only extracts first system message as instructions","duration":0.7224580000000174,"failureMessages":[],"meta":{}},{"ancestorTitles":["toResponsesInput"],"fullName":"toResponsesInput handles system message with empty content","status":"passed","title":"handles system message with empty content","duration":0.5040839999999776,"failureMessages":[],"meta":{}},{"ancestorTitles":["toResponsesInput"],"fullName":"toResponsesInput silently skips messages with unknown roles","status":"passed","title":"silently skips messages with unknown roles","duration":0.5352499999999907,"failureMessages":[],"meta":{}},{"ancestorTitles":["toResponsesInput"],"fullName":"toResponsesInput handles non-string content in system message","status":"passed","title":"handles non-string content in system message","duration":0.36616700000001856,"failureMessages":[],"meta":{}},{"ancestorTitles":["toResponsesInput"],"fullName":"toResponsesInput handles non-string content in user message","status":"passed","title":"handles non-string content in user message","duration":0.3039579999999944,"failureMessages":[],"meta":{}},{"ancestorTitles":["toResponsesInput"],"fullName":"toResponsesInput handles non-string content in assistant message","status":"passed","title":"handles non-string content in assistant message","duration":0.31133299999999053,"failureMessages":[],"meta":{}},{"ancestorTitles":["toResponsesInput"],"fullName":"toResponsesInput handles non-string content in tool message","status":"passed","title":"handles non-string content in tool message","duration":0.42079100000000835,"failureMessages":[],"meta":{}},{"ancestorTitles":["toResponsesInput"],"fullName":"toResponsesInput restores _reasoning_items before assistant content in input","status":"passed","title":"restores _reasoning_items before assistant content in input","duration":0.42516699999998764,"failureMessages":[],"meta":{}},{"ancestorTitles":["toResponsesInput"],"fullName":"toResponsesInput does not modify input when assistant has no _reasoning_items","status":"passed","title":"does not modify input when assistant has no _reasoning_items","duration":0.34070800000000645,"failureMessages":[],"meta":{}},{"ancestorTitles":["toResponsesInput"],"fullName":"toResponsesInput emits reasoning items as-is (not wrapped or modified)","status":"passed","title":"emits reasoning items as-is (not wrapped or modified)","duration":0.39929100000000517,"failureMessages":[],"meta":{}},{"ancestorTitles":["toResponsesInput"],"fullName":"toResponsesInput restores _reasoning_items for multiple assistant messages","status":"passed","title":"restores _reasoning_items for multiple assistant messages","duration":0.3643330000000162,"failureMessages":[],"meta":{}},{"ancestorTitles":["toResponsesInput"],"fullName":"toResponsesInput emits items in order: reasoning, then content, then function_calls","status":"passed","title":"emits items in order: reasoning, then content, then function_calls","duration":0.32629199999999514,"failureMessages":[],"meta":{}},{"ancestorTitles":["ChannelCallbacks interface"],"fullName":"ChannelCallbacks interface accepts an object with all required callback signatures","status":"passed","title":"accepts an object with all required callback signatures","duration":0.12587500000000773,"failureMessages":[],"meta":{}},{"ancestorTitles":["streamChatCompletion"],"fullName":"streamChatCompletion returns TurnResult with content for text-only response","status":"passed","title":"returns TurnResult with content for text-only response","duration":0.7784169999999904,"failureMessages":[],"meta":{}},{"ancestorTitles":["streamChatCompletion"],"fullName":"streamChatCompletion calls onModelStreamStart once on first content delta","status":"passed","title":"calls onModelStreamStart once on first content delta","duration":0.434915999999987,"failureMessages":[],"meta":{}},{"ancestorTitles":["streamChatCompletion"],"fullName":"streamChatCompletion calls onTextChunk for each content delta","status":"passed","title":"calls onTextChunk for each content delta","duration":0.38333399999999074,"failureMessages":[],"meta":{}},{"ancestorTitles":["streamChatCompletion"],"fullName":"streamChatCompletion accumulates tool call deltas and returns them in toolCalls","status":"passed","title":"accumulates tool call deltas and returns them in toolCalls","duration":0.3868750000000034,"failureMessages":[],"meta":{}},{"ancestorTitles":["streamChatCompletion"],"fullName":"streamChatCompletion calls onReasoningChunk for reasoning_content delta","status":"passed","title":"calls onReasoningChunk for reasoning_content delta","duration":0.431666000000007,"failureMessages":[],"meta":{}},{"ancestorTitles":["streamChatCompletion"],"fullName":"streamChatCompletion routes think tags through processContentBuf correctly","status":"passed","title":"routes think tags through processContentBuf correctly","duration":0.39304200000000833,"failureMessages":[],"meta":{}},{"ancestorTitles":["streamChatCompletion"],"fullName":"streamChatCompletion handles mixed content + tool_calls in same response","status":"passed","title":"handles mixed content + tool_calls in same response","duration":0.4309999999999832,"failureMessages":[],"meta":{}},{"ancestorTitles":["streamChatCompletion"],"fullName":"streamChatCompletion always returns empty outputItems (CC path)","status":"passed","title":"always returns empty outputItems (CC path)","duration":1.2547500000000014,"failureMessages":[],"meta":{}},{"ancestorTitles":["streamChatCompletion"],"fullName":"streamChatCompletion respects abort signal during stream iteration","status":"passed","title":"respects abort signal during stream iteration","duration":0.6772080000000074,"failureMessages":[],"meta":{}},{"ancestorTitles":["streamChatCompletion"],"fullName":"streamChatCompletion propagates errors from client.chat.completions.create","status":"passed","title":"propagates errors from client.chat.completions.create","duration":0.921291999999994,"failureMessages":[],"meta":{}},{"ancestorTitles":["streamChatCompletion"],"fullName":"streamChatCompletion adds stream_options: { include_usage: true } to create params","status":"passed","title":"adds stream_options: { include_usage: true } to create params","duration":0.40704200000001833,"failureMessages":[],"meta":{}},{"ancestorTitles":["streamChatCompletion"],"fullName":"streamChatCompletion captures usage from final chunk with chunk.usage","status":"passed","title":"captures usage from final chunk with chunk.usage","duration":0.3800420000000031,"failureMessages":[],"meta":{}},{"ancestorTitles":["streamChatCompletion"],"fullName":"streamChatCompletion maps MiniMax usage fields correctly","status":"passed","title":"maps MiniMax usage fields correctly","duration":0.37008300000002237,"failureMessages":[],"meta":{}},{"ancestorTitles":["streamChatCompletion"],"fullName":"streamChatCompletion returns undefined usage when no usage chunk arrives","status":"passed","title":"returns undefined usage when no usage chunk arrives","duration":0.3452920000000006,"failureMessages":[],"meta":{}},{"ancestorTitles":["streamChatCompletion"],"fullName":"streamChatCompletion defaults reasoning_tokens to 0 when completion_tokens_details is missing","status":"passed","title":"defaults reasoning_tokens to 0 when completion_tokens_details is missing","duration":0.3981670000000008,"failureMessages":[],"meta":{}},{"ancestorTitles":["streamResponsesApi"],"fullName":"streamResponsesApi calls client.responses.create with createParams and signal","status":"passed","title":"calls client.responses.create with createParams and signal","duration":1.413250000000005,"failureMessages":[],"meta":{}},{"ancestorTitles":["streamResponsesApi"],"fullName":"streamResponsesApi calls client.responses.create without signal options when no signal","status":"passed","title":"calls client.responses.create without signal options when no signal","duration":0.48329200000000583,"failureMessages":[],"meta":{}},{"ancestorTitles":["streamResponsesApi"],"fullName":"streamResponsesApi fires onTextChunk and accumulates content on text delta events","status":"passed","title":"fires onTextChunk and accumulates content on text delta events","duration":0.39041699999998514,"failureMessages":[],"meta":{}},{"ancestorTitles":["streamResponsesApi"],"fullName":"streamResponsesApi fires onReasoningChunk on reasoning summary text delta events","status":"passed","title":"fires onReasoningChunk on reasoning summary text delta events","duration":0.3515830000000051,"failureMessages":[],"meta":{}},{"ancestorTitles":["streamResponsesApi"],"fullName":"streamResponsesApi fires onModelStreamStart once on first text or reasoning delta","status":"passed","title":"fires onModelStreamStart once on first text or reasoning delta","duration":0.3584590000000105,"failureMessages":[],"meta":{}},{"ancestorTitles":["streamResponsesApi"],"fullName":"streamResponsesApi fires onModelStreamStart on first reasoning delta when no text","status":"passed","title":"fires onModelStreamStart on first reasoning delta when no text","duration":0.3462080000000185,"failureMessages":[],"meta":{}},{"ancestorTitles":["streamResponsesApi"],"fullName":"streamResponsesApi returns TurnResult with accumulated content, empty toolCalls and outputItems for text-only","status":"passed","title":"returns TurnResult with accumulated content, empty toolCalls and outputItems for text-only","duration":0.3512499999999932,"failureMessages":[],"meta":{}},{"ancestorTitles":["streamResponsesApi"],"fullName":"streamResponsesApi silently ignores unknown event types","status":"passed","title":"silently ignores unknown event types","duration":0.33908299999998803,"failureMessages":[],"meta":{}},{"ancestorTitles":["streamResponsesApi"],"fullName":"streamResponsesApi fires callback even for empty delta string","status":"passed","title":"fires callback even for empty delta string","duration":0.38162500000001387,"failureMessages":[],"meta":{}},{"ancestorTitles":["streamResponsesApi"],"fullName":"streamResponsesApi casts non-string delta to String()","status":"passed","title":"casts non-string delta to String()","duration":0.3492919999999913,"failureMessages":[],"meta":{}},{"ancestorTitles":["streamResponsesApi"],"fullName":"streamResponsesApi respects abort signal during stream iteration","status":"passed","title":"respects abort signal during stream iteration","duration":0.42758399999999597,"failureMessages":[],"meta":{}},{"ancestorTitles":["streamResponsesApi"],"fullName":"streamResponsesApi handles abort signal already aborted before iteration","status":"passed","title":"handles abort signal already aborted before iteration","duration":0.4259169999999983,"failureMessages":[],"meta":{}},{"ancestorTitles":["streamResponsesApi"],"fullName":"streamResponsesApi propagates errors from client.responses.create","status":"passed","title":"propagates errors from client.responses.create","duration":0.7000409999999988,"failureMessages":[],"meta":{}},{"ancestorTitles":["streamResponsesApi"],"fullName":"streamResponsesApi handles stream with only non-content events","status":"passed","title":"handles stream with only non-content events","duration":0.6725419999999929,"failureMessages":[],"meta":{}},{"ancestorTitles":["streamResponsesApi"],"fullName":"streamResponsesApi tracks function_call from output_item.added + arguments.delta + output_item.done","status":"passed","title":"tracks function_call from output_item.added + arguments.delta + output_item.done","duration":0.7436250000000086,"failureMessages":[],"meta":{}},{"ancestorTitles":["streamResponsesApi"],"fullName":"streamResponsesApi tracks multiple tool calls independently","status":"passed","title":"tracks multiple tool calls independently","duration":0.943583000000018,"failureMessages":[],"meta":{}},{"ancestorTitles":["streamResponsesApi"],"fullName":"streamResponsesApi pushes all output_item.done items to outputItems regardless of type","status":"passed","title":"pushes all output_item.done items to outputItems regardless of type","duration":0.5311669999999822,"failureMessages":[],"meta":{}},{"ancestorTitles":["streamResponsesApi"],"fullName":"streamResponsesApi preserves encrypted_content in reasoning output items","status":"passed","title":"preserves encrypted_content in reasoning output items","duration":0.3328339999999912,"failureMessages":[],"meta":{}},{"ancestorTitles":["streamResponsesApi"],"fullName":"streamResponsesApi returns empty outputItems when no done events","status":"passed","title":"returns empty outputItems when no done events","duration":0.32824999999999704,"failureMessages":[],"meta":{}},{"ancestorTitles":["streamResponsesApi"],"fullName":"streamResponsesApi returns TurnResult with text + tool calls + output items","status":"passed","title":"returns TurnResult with text + tool calls + output items","duration":0.4210419999999999,"failureMessages":[],"meta":{}},{"ancestorTitles":["streamResponsesApi"],"fullName":"streamResponsesApi does not track output_item.added for non-function_call types","status":"passed","title":"does not track output_item.added for non-function_call types","duration":0.3837910000000022,"failureMessages":[],"meta":{}},{"ancestorTitles":["streamResponsesApi"],"fullName":"streamResponsesApi ignores function_call_arguments.delta when no active tool call","status":"passed","title":"ignores function_call_arguments.delta when no active tool call","duration":0.35745800000000827,"failureMessages":[],"meta":{}},{"ancestorTitles":["streamResponsesApi"],"fullName":"streamResponsesApi handles tool call with empty arguments string","status":"passed","title":"handles tool call with empty arguments string","duration":0.3519590000000221,"failureMessages":[],"meta":{}},{"ancestorTitles":["streamResponsesApi"],"fullName":"streamResponsesApi captures usage from response.completed event","status":"passed","title":"captures usage from response.completed event","duration":0.3548329999999851,"failureMessages":[],"meta":{}},{"ancestorTitles":["streamResponsesApi"],"fullName":"streamResponsesApi returns undefined usage when no response.completed event fires","status":"passed","title":"returns undefined usage when no response.completed event fires","duration":0.8824160000000063,"failureMessages":[],"meta":{}},{"ancestorTitles":["streamResponsesApi"],"fullName":"streamResponsesApi maps usage fields correctly from response.completed","status":"passed","title":"maps usage fields correctly from response.completed","duration":0.6356669999999838,"failureMessages":[],"meta":{}},{"ancestorTitles":["streamResponsesApi"],"fullName":"streamResponsesApi defaults reasoning_tokens to 0 when output_tokens_details is missing","status":"passed","title":"defaults reasoning_tokens to 0 when output_tokens_details is missing","duration":0.3973750000000109,"failureMessages":[],"meta":{}}],"startTime":1772678668443,"endTime":1772678668512.3975,"status":"failed","message":"","name":"/Users/arimendelow/Projects/ouroboros-agent-harness/src/__tests__/heart/streaming.test.ts"}]}