{"numTotalTestSuites":44,"numPassedTestSuites":35,"numFailedTestSuites":9,"numPendingTestSuites":0,"numTotalTests":311,"numPassedTests":303,"numFailedTests":8,"numPendingTests":0,"numTodoTests":0,"snapshot":{"added":0,"failure":false,"filesAdded":0,"filesRemoved":0,"filesRemovedList":[],"filesUnmatched":0,"filesUpdated":0,"matched":0,"total":0,"unchecked":0,"uncheckedKeysByFile":[],"unmatched":0,"updated":0,"didUpdate":false},"startTime":1772681383332,"success":false,"testResults":[{"assertionResults":[{"ancestorTitles":["loadConfig"],"fullName":"loadConfig reads config from path specified in agent.json configPath","status":"passed","title":"reads config from path specified in agent.json configPath","duration":5.346417000000002,"failureMessages":[],"meta":{}},{"ancestorTitles":["loadConfig"],"fullName":"loadConfig auto-creates config directory when loading","status":"passed","title":"auto-creates config directory when loading","duration":1.6485830000000021,"failureMessages":[],"meta":{}},{"ancestorTitles":["loadConfig"],"fullName":"loadConfig throws when agent.json configPath does not use .agentsecrets/<agent>/secrets.json","status":"passed","title":"throws when agent.json configPath does not use .agentsecrets/<agent>/secrets.json","duration":1.210250000000002,"failureMessages":[],"meta":{}},{"ancestorTitles":["loadConfig"],"fullName":"loadConfig returns defaults when file is missing (ENOENT)","status":"failed","title":"returns defaults when file is missing (ENOENT)","duration":7.365958000000006,"failureMessages":["AssertionError: expected { Object (providers) } to match object { providers: { …(2) } }\n(8 matching properties omitted from actual)\n    at Proxy.<anonymous> (file:///Users/arimendelow/Projects/ouroboros-agent-harness/node_modules/@vitest/expect/dist/index.js:1216:10)\n    at Proxy.<anonymous> (file:///Users/arimendelow/Projects/ouroboros-agent-harness/node_modules/@vitest/expect/dist/index.js:1090:14)\n    at Proxy.methodWrapper (file:///Users/arimendelow/Projects/ouroboros-agent-harness/node_modules/chai/index.js:1700:25)\n    at /Users/arimendelow/Projects/ouroboros-agent-harness/src/__tests__/config.test.ts:115:20\n    at processTicksAndRejections (node:internal/process/task_queues:105:5)\n    at file:///Users/arimendelow/Projects/ouroboros-agent-harness/node_modules/@vitest/runner/dist/index.js:915:20"],"meta":{}},{"ancestorTitles":["loadConfig"],"fullName":"loadConfig returns defaults when file contains invalid JSON","status":"passed","title":"returns defaults when file contains invalid JSON","duration":0.8278330000000267,"failureMessages":[],"meta":{}},{"ancestorTitles":["loadConfig"],"fullName":"loadConfig returns defaults when config read throws a non-Error value","status":"passed","title":"returns defaults when config read throws a non-Error value","duration":0.7815830000000119,"failureMessages":[],"meta":{}},{"ancestorTitles":["loadConfig"],"fullName":"loadConfig merges partial config with defaults","status":"passed","title":"merges partial config with defaults","duration":0.7765410000000088,"failureMessages":[],"meta":{}},{"ancestorTitles":["loadConfig"],"fullName":"loadConfig does not use OUROBOROS_CONFIG_PATH env var","status":"passed","title":"does not use OUROBOROS_CONFIG_PATH env var","duration":0.7405840000000126,"failureMessages":[],"meta":{}},{"ancestorTitles":["loadConfig"],"fullName":"loadConfig resolves configPath with ~ to homedir","status":"passed","title":"resolves configPath with ~ to homedir","duration":0.5895830000000046,"failureMessages":[],"meta":{}},{"ancestorTitles":["loadConfig"],"fullName":"loadConfig uses absolute configPath as-is","status":"passed","title":"uses absolute configPath as-is","duration":1.6802079999999933,"failureMessages":[],"meta":{}},{"ancestorTitles":["loadConfig"],"fullName":"loadConfig caches config after first load","status":"passed","title":"caches config after first load","duration":0.6501670000000104,"failureMessages":[],"meta":{}},{"ancestorTitles":["loadConfig"],"fullName":"loadConfig re-reads from disk after resetConfigCache()","status":"passed","title":"re-reads from disk after resetConfigCache()","duration":0.6163749999999766,"failureMessages":[],"meta":{}},{"ancestorTitles":["loadConfig"],"fullName":"loadConfig emits config.load observability event when loading config","status":"passed","title":"emits config.load observability event when loading config","duration":2.334958999999998,"failureMessages":[],"meta":{}},{"ancestorTitles":["getAzureConfig"],"fullName":"getAzureConfig returns azure config from config.json","status":"passed","title":"returns azure config from config.json","duration":0.3262499999999875,"failureMessages":[],"meta":{}},{"ancestorTitles":["getAzureConfig"],"fullName":"getAzureConfig uses default apiVersion when not specified","status":"passed","title":"uses default apiVersion when not specified","duration":0.15787500000001842,"failureMessages":[],"meta":{}},{"ancestorTitles":["getMinimaxConfig"],"fullName":"getMinimaxConfig returns minimax config from config.json","status":"passed","title":"returns minimax config from config.json","duration":0.18087500000001455,"failureMessages":[],"meta":{}},{"ancestorTitles":["getOpenAICodexConfig"],"fullName":"getOpenAICodexConfig exports openai-codex config getter and returns oauth config from secrets.json","status":"failed","title":"exports openai-codex config getter and returns oauth config from secrets.json","duration":1.723875000000021,"failureMessages":["AssertionError: expected 'undefined' to be 'function' // Object.is equality\n    at /Users/arimendelow/Projects/ouroboros-agent-harness/src/__tests__/config.test.ts:358:57\n    at processTicksAndRejections (node:internal/process/task_queues:105:5)\n    at file:///Users/arimendelow/Projects/ouroboros-agent-harness/node_modules/@vitest/runner/dist/index.js:915:20"],"meta":{}},{"ancestorTitles":["getTeamsConfig"],"fullName":"getTeamsConfig returns teams config from config.json","status":"passed","title":"returns teams config from config.json","duration":0.4287919999999872,"failureMessages":[],"meta":{}},{"ancestorTitles":["getContextConfig"],"fullName":"getContextConfig returns context config from agent.json","status":"passed","title":"returns context config from agent.json","duration":0.26037500000001046,"failureMessages":[],"meta":{}},{"ancestorTitles":["getContextConfig"],"fullName":"getContextConfig returns defaults when not configured","status":"passed","title":"returns defaults when not configured","duration":0.16045900000000302,"failureMessages":[],"meta":{}},{"ancestorTitles":["getContextConfig"],"fullName":"getContextConfig falls back per-field defaults when agent.json context has invalid types","status":"passed","title":"falls back per-field defaults when agent.json context has invalid types","duration":0.16329199999998423,"failureMessages":[],"meta":{}},{"ancestorTitles":["getContextConfig"],"fullName":"getContextConfig falls back contextMargin to default when agent.json contextMargin is not numeric","status":"passed","title":"falls back contextMargin to default when agent.json contextMargin is not numeric","duration":0.15870799999999008,"failureMessages":[],"meta":{}},{"ancestorTitles":["sessionPath"],"fullName":"sessionPath returns correct path with friendId, channel, and key (3-arg signature)","status":"passed","title":"returns correct path with friendId, channel, and key (3-arg signature)","duration":0.21979099999998652,"failureMessages":[],"meta":{}},{"ancestorTitles":["sessionPath"],"fullName":"sessionPath returns correct path for teams channel with friendId","status":"passed","title":"returns correct path for teams channel with friendId","duration":0.1675830000000076,"failureMessages":[],"meta":{}},{"ancestorTitles":["sessionPath"],"fullName":"sessionPath sanitizes key by replacing slashes and colons with underscores","status":"passed","title":"sanitizes key by replacing slashes and colons with underscores","duration":0.14125000000001364,"failureMessages":[],"meta":{}},{"ancestorTitles":["sessionPath"],"fullName":"sessionPath auto-creates parent directories","status":"passed","title":"auto-creates parent directories","duration":0.20383400000000051,"failureMessages":[],"meta":{}},{"ancestorTitles":["logPath"],"fullName":"logPath returns logs directory using agent name from identity module","status":"passed","title":"returns logs directory using agent name from identity module","duration":0.37725000000000364,"failureMessages":[],"meta":{}},{"ancestorTitles":["logPath"],"fullName":"logPath returns NDJSON log path and sanitizes key","status":"passed","title":"returns NDJSON log path and sanitizes key","duration":0.2083329999999819,"failureMessages":[],"meta":{}},{"ancestorTitles":["getOAuthConfig"],"fullName":"getOAuthConfig returns default connection names","status":"passed","title":"returns default connection names","duration":0.18949999999998113,"failureMessages":[],"meta":{}},{"ancestorTitles":["getOAuthConfig"],"fullName":"getOAuthConfig respects config.json values","status":"passed","title":"respects config.json values","duration":0.1670000000000016,"failureMessages":[],"meta":{}},{"ancestorTitles":["getAdoConfig removed"],"fullName":"getAdoConfig removed getAdoConfig no longer exists (removed in Unit 1Hb)","status":"passed","title":"getAdoConfig no longer exists (removed in Unit 1Hb)","duration":0.1345839999999896,"failureMessages":[],"meta":{}},{"ancestorTitles":["getTeamsChannelConfig"],"fullName":"getTeamsChannelConfig returns default teamsChannel config when not specified","status":"passed","title":"returns default teamsChannel config when not specified","duration":0.19079199999998764,"failureMessages":[],"meta":{}},{"ancestorTitles":["getTeamsChannelConfig"],"fullName":"getTeamsChannelConfig returns teamsChannel config from config.json","status":"passed","title":"returns teamsChannel config from config.json","duration":0.15291600000000471,"failureMessages":[],"meta":{}},{"ancestorTitles":["getTeamsChannelConfig"],"fullName":"getTeamsChannelConfig returns a shallow copy (not the same reference)","status":"passed","title":"returns a shallow copy (not the same reference)","duration":0.17312499999999886,"failureMessages":[],"meta":{}},{"ancestorTitles":["getTeamsChannelConfig"],"fullName":"getTeamsChannelConfig merges partial teamsChannel config with defaults","status":"passed","title":"merges partial teamsChannel config with defaults","duration":0.1590829999999812,"failureMessages":[],"meta":{}},{"ancestorTitles":["getIntegrationsConfig"],"fullName":"getIntegrationsConfig returns default integrations config when not specified","status":"passed","title":"returns default integrations config when not specified","duration":0.1419999999999959,"failureMessages":[],"meta":{}},{"ancestorTitles":["getIntegrationsConfig"],"fullName":"getIntegrationsConfig returns integrations config from config.json","status":"passed","title":"returns integrations config from config.json","duration":0.12858399999998937,"failureMessages":[],"meta":{}},{"ancestorTitles":["getIntegrationsConfig"],"fullName":"getIntegrationsConfig returns a shallow copy (not the same reference)","status":"passed","title":"returns a shallow copy (not the same reference)","duration":0.14858300000000213,"failureMessages":[],"meta":{}},{"ancestorTitles":["setTestConfig"],"fullName":"setTestConfig deep-merges partial config into cached config","status":"passed","title":"deep-merges partial config into cached config","duration":0.19387499999999136,"failureMessages":[],"meta":{}},{"ancestorTitles":["setTestConfig"],"fullName":"setTestConfig overrides specific fields while leaving others untouched","status":"passed","title":"overrides specific fields while leaving others untouched","duration":0.1962919999999997,"failureMessages":[],"meta":{}},{"ancestorTitles":["setTestConfig"],"fullName":"setTestConfig works with resetConfigCache to restore defaults","status":"passed","title":"works with resetConfigCache to restore defaults","duration":0.16508300000000986,"failureMessages":[],"meta":{}},{"ancestorTitles":["setTestConfig"],"fullName":"setTestConfig handles empty partial (no-op)","status":"passed","title":"handles empty partial (no-op)","duration":0.18116699999998787,"failureMessages":[],"meta":{}},{"ancestorTitles":["setTestConfig"],"fullName":"setTestConfig can set nested config sections (teamsChannel, integrations)","status":"passed","title":"can set nested config sections (teamsChannel, integrations)","duration":0.1838329999999928,"failureMessages":[],"meta":{}},{"ancestorTitles":["setTestConfig"],"fullName":"setTestConfig can overwrite then reset then overwrite again","status":"passed","title":"can overwrite then reset then overwrite again","duration":0.167082999999991,"failureMessages":[],"meta":{}}],"startTime":1772681384782,"endTime":1772681384815.1838,"status":"failed","message":"","name":"/Users/arimendelow/Projects/ouroboros-agent-harness/src/__tests__/config.test.ts"},{"assertionResults":[{"ancestorTitles":["getAgentName"],"fullName":"getAgentName parses --agent <name> from process.argv","status":"passed","title":"parses --agent <name> from process.argv","duration":5.3315000000000055,"failureMessages":[],"meta":{}},{"ancestorTitles":["getAgentName"],"fullName":"getAgentName parses --agent <name> when other args are present","status":"passed","title":"parses --agent <name> when other args are present","duration":0.9606249999999932,"failureMessages":[],"meta":{}},{"ancestorTitles":["getAgentName"],"fullName":"getAgentName throws when --agent is missing from process.argv","status":"passed","title":"throws when --agent is missing from process.argv","duration":0.8481249999999818,"failureMessages":[],"meta":{}},{"ancestorTitles":["getAgentName"],"fullName":"getAgentName throws when --agent is present but no value follows","status":"passed","title":"throws when --agent is present but no value follows","duration":0.5665000000000191,"failureMessages":[],"meta":{}},{"ancestorTitles":["getAgentName"],"fullName":"getAgentName caches the agent name after first parse","status":"passed","title":"caches the agent name after first parse","duration":0.47620800000001395,"failureMessages":[],"meta":{}},{"ancestorTitles":["getRepoRoot"],"fullName":"getRepoRoot resolves repo root from src/ directory (dev via tsx)","status":"passed","title":"resolves repo root from src/ directory (dev via tsx)","duration":0.5867920000000026,"failureMessages":[],"meta":{}},{"ancestorTitles":["getRepoRoot"],"fullName":"getRepoRoot returns a directory that exists","status":"passed","title":"returns a directory that exists","duration":0.6904590000000042,"failureMessages":[],"meta":{}},{"ancestorTitles":["getAgentRoot"],"fullName":"getAgentRoot returns path.join(repoRoot, agentName)","status":"passed","title":"returns path.join(repoRoot, agentName)","duration":0.6518749999999898,"failureMessages":[],"meta":{}},{"ancestorTitles":["getAgentRoot"],"fullName":"getAgentRoot uses a different name for a different agent","status":"passed","title":"uses a different name for a different agent","duration":0.6027909999999963,"failureMessages":[],"meta":{}},{"ancestorTitles":["loadAgentConfig"],"fullName":"loadAgentConfig reads and parses agent.json from agent root","status":"passed","title":"reads and parses agent.json from agent root","duration":0.9309590000000014,"failureMessages":[],"meta":{}},{"ancestorTitles":["loadAgentConfig"],"fullName":"loadAgentConfig auto-fills placeholder phrases when agent.json has no phrases field","status":"passed","title":"auto-fills placeholder phrases when agent.json has no phrases field","duration":1.2186660000000131,"failureMessages":[],"meta":{}},{"ancestorTitles":["loadAgentConfig"],"fullName":"loadAgentConfig warns and writes placeholders when agent.json is missing phrases","status":"passed","title":"warns and writes placeholders when agent.json is missing phrases","duration":1.6366669999999885,"failureMessages":[],"meta":{}},{"ancestorTitles":["loadAgentConfig"],"fullName":"loadAgentConfig does NOT warn or write when agent.json already has phrases","status":"passed","title":"does NOT warn or write when agent.json already has phrases","duration":0.4586669999999913,"failureMessages":[],"meta":{}},{"ancestorTitles":["loadAgentConfig"],"fullName":"loadAgentConfig throws descriptive error when agent.json is missing","status":"passed","title":"throws descriptive error when agent.json is missing","duration":0.4145830000000217,"failureMessages":[],"meta":{}},{"ancestorTitles":["loadAgentConfig"],"fullName":"loadAgentConfig throws descriptive error when agent.json has invalid JSON","status":"passed","title":"throws descriptive error when agent.json has invalid JSON","duration":0.4116249999999866,"failureMessages":[],"meta":{}},{"ancestorTitles":["loadAgentConfig"],"fullName":"loadAgentConfig throws when agent.json is missing configPath","status":"passed","title":"throws when agent.json is missing configPath","duration":1.3909170000000017,"failureMessages":[],"meta":{}},{"ancestorTitles":["loadAgentConfig"],"fullName":"loadAgentConfig throws when agent.json configPath is blank","status":"passed","title":"throws when agent.json configPath is blank","duration":0.42958300000000804,"failureMessages":[],"meta":{}},{"ancestorTitles":["loadAgentConfig"],"fullName":"loadAgentConfig throws when agent.json configPath still points at legacy .agentconfigs location","status":"passed","title":"throws when agent.json configPath still points at legacy .agentconfigs location","duration":0.5071660000000122,"failureMessages":[],"meta":{}},{"ancestorTitles":["loadAgentConfig"],"fullName":"loadAgentConfig throws when agent.json is missing provider","status":"passed","title":"throws when agent.json is missing provider","duration":0.7588329999999814,"failureMessages":[],"meta":{}},{"ancestorTitles":["loadAgentConfig"],"fullName":"loadAgentConfig throws when agent.json provider is invalid","status":"failed","title":"throws when agent.json provider is invalid","duration":4.3495829999999955,"failureMessages":["AssertionError: expected [Function] to throw error matching /openai-codex/ but got 'agent.json at /Users/arimendelow/Proj…'\n    at Proxy.<anonymous> (file:///Users/arimendelow/Projects/ouroboros-agent-harness/node_modules/@vitest/expect/dist/index.js:1485:16)\n    at Proxy.<anonymous> (file:///Users/arimendelow/Projects/ouroboros-agent-harness/node_modules/@vitest/expect/dist/index.js:1090:14)\n    at Proxy.methodWrapper (file:///Users/arimendelow/Projects/ouroboros-agent-harness/node_modules/chai/index.js:1700:25)\n    at /Users/arimendelow/Projects/ouroboros-agent-harness/src/__tests__/identity.test.ts:315:37\n    at processTicksAndRejections (node:internal/process/task_queues:105:5)\n    at file:///Users/arimendelow/Projects/ouroboros-agent-harness/node_modules/@vitest/runner/dist/index.js:915:20"],"meta":{}},{"ancestorTitles":["loadAgentConfig"],"fullName":"loadAgentConfig accepts openai-codex as a valid provider","status":"failed","title":"accepts openai-codex as a valid provider","duration":1.1516249999999957,"failureMessages":["Error: agent.json at /Users/arimendelow/Projects/ouroboros-agent-harness/ouroboros/agent.json must include provider: \"azure\", \"minimax\", or \"anthropic\".\n    at loadAgentConfig (/Users/arimendelow/Projects/ouroboros-agent-harness/src/identity.ts:209:11)\n    at /Users/arimendelow/Projects/ouroboros-agent-harness/src/__tests__/identity.test.ts:333:20\n    at processTicksAndRejections (node:internal/process/task_queues:105:5)\n    at file:///Users/arimendelow/Projects/ouroboros-agent-harness/node_modules/@vitest/runner/dist/index.js:915:20"],"meta":{}},{"ancestorTitles":["loadAgentConfig"],"fullName":"loadAgentConfig handles non-Error read failures when loading agent.json","status":"passed","title":"handles non-Error read failures when loading agent.json","duration":0.6065419999999904,"failureMessages":[],"meta":{}},{"ancestorTitles":["loadAgentConfig"],"fullName":"loadAgentConfig handles non-Error parse failures when loading agent.json","status":"passed","title":"handles non-Error parse failures when loading agent.json","duration":0.4974579999999946,"failureMessages":[],"meta":{}},{"ancestorTitles":["loadAgentConfig"],"fullName":"loadAgentConfig caches the config after first load","status":"passed","title":"caches the config after first load","duration":0.6079999999999757,"failureMessages":[],"meta":{}},{"ancestorTitles":["loadAgentConfig"],"fullName":"loadAgentConfig emits identity.resolve observability event when loading agent config","status":"passed","title":"emits identity.resolve observability event when loading agent config","duration":2.967583000000019,"failureMessages":[],"meta":{}},{"ancestorTitles":["resetIdentity"],"fullName":"resetIdentity clears cached agent name so it can be re-parsed","status":"passed","title":"clears cached agent name so it can be re-parsed","duration":0.21658300000001418,"failureMessages":[],"meta":{}},{"ancestorTitles":["resetIdentity"],"fullName":"resetIdentity clears cached agent config so it can be re-loaded","status":"passed","title":"clears cached agent config so it can be re-loaded","duration":0.30666700000000446,"failureMessages":[],"meta":{}}],"startTime":1772681384962,"endTime":1772681384992.3066,"status":"failed","message":"","name":"/Users/arimendelow/Projects/ouroboros-agent-harness/src/__tests__/identity.test.ts"},{"assertionResults":[{"ancestorTitles":["buildSystem"],"fullName":"buildSystem includes soul section with personality","status":"passed","title":"includes soul section with personality","duration":29.351583000000005,"failureMessages":[],"meta":{}},{"ancestorTitles":["buildSystem"],"fullName":"buildSystem includes identity section with Ouroboros name","status":"passed","title":"includes identity section with Ouroboros name","duration":2.390625,"failureMessages":[],"meta":{}},{"ancestorTitles":["buildSystem"],"fullName":"buildSystem includes lore section","status":"passed","title":"includes lore section","duration":1.911500000000018,"failureMessages":[],"meta":{}},{"ancestorTitles":["buildSystem"],"fullName":"buildSystem includes friends section","status":"passed","title":"includes friends section","duration":2.6464579999999955,"failureMessages":[],"meta":{}},{"ancestorTitles":["buildSystem"],"fullName":"buildSystem includes runtime info section for cli channel","status":"passed","title":"includes runtime info section for cli channel","duration":2.241874999999993,"failureMessages":[],"meta":{}},{"ancestorTitles":["buildSystem"],"fullName":"buildSystem includes runtime info section for teams channel","status":"passed","title":"includes runtime info section for teams channel","duration":2.3327919999999835,"failureMessages":[],"meta":{}},{"ancestorTitles":["buildSystem"],"fullName":"buildSystem defaults to cli channel","status":"passed","title":"defaults to cli channel","duration":2.3633330000000115,"failureMessages":[],"meta":{}},{"ancestorTitles":["buildSystem"],"fullName":"buildSystem includes date section with current date","status":"passed","title":"includes date section with current date","duration":1.5512080000000026,"failureMessages":[],"meta":{}},{"ancestorTitles":["buildSystem"],"fullName":"buildSystem includes tools section with tool names","status":"passed","title":"includes tools section with tool names","duration":1.8747079999999983,"failureMessages":[],"meta":{}},{"ancestorTitles":["buildSystem"],"fullName":"buildSystem includes skills section from listSkills","status":"passed","title":"includes skills section from listSkills","duration":1.5680410000000222,"failureMessages":[],"meta":{}},{"ancestorTitles":["buildSystem"],"fullName":"buildSystem omits skills section when no skills available","status":"passed","title":"omits skills section when no skills available","duration":1.2759590000000003,"failureMessages":[],"meta":{}},{"ancestorTitles":["buildSystem"],"fullName":"buildSystem does NOT export isOwnCodebase (removed)","status":"passed","title":"does NOT export isOwnCodebase (removed)","duration":2.0304160000000024,"failureMessages":[],"meta":{}},{"ancestorTitles":["buildSystem"],"fullName":"buildSystem includes azure provider string when azure config is set","status":"passed","title":"includes azure provider string when azure config is set","duration":1.492750000000001,"failureMessages":[],"meta":{}},{"ancestorTitles":["buildSystem"],"fullName":"buildSystem includes anthropic provider string when Anthropic model is configured with Claude setup-token credentials","status":"passed","title":"includes anthropic provider string when Anthropic model is configured with Claude setup-token credentials","duration":1.8334159999999997,"failureMessages":[],"meta":{}},{"ancestorTitles":["buildSystem"],"fullName":"buildSystem includes openai codex provider string when OpenAI Codex OAuth is configured","status":"failed","title":"includes openai codex provider string when OpenAI Codex OAuth is configured","duration":5.800999999999988,"failureMessages":["Error: process.exit called\n    at process.<anonymous> (/Users/arimendelow/Projects/ouroboros-agent-harness/src/__tests__/mind/prompt.test.ts:298:13)\n    at process.Mock (file:///Users/arimendelow/Projects/ouroboros-agent-harness/node_modules/@vitest/spy/dist/index.js:285:34)\n    at getProviderRuntime (/Users/arimendelow/Projects/ouroboros-agent-harness/src/heart/core.ts:70:15)\n    at getModel (/Users/arimendelow/Projects/ouroboros-agent-harness/src/heart/core.ts:85:10)\n    at getProviderDisplayLabel (/Users/arimendelow/Projects/ouroboros-agent-harness/src/heart/core.ts:93:17)\n    at providerSection (/Users/arimendelow/Projects/ouroboros-agent-harness/src/mind/prompt.ts:82:29)\n    at buildSystem (/Users/arimendelow/Projects/ouroboros-agent-harness/src/mind/prompt.ts:219:5)\n    at /Users/arimendelow/Projects/ouroboros-agent-harness/src/__tests__/mind/prompt.test.ts:303:28\n    at processTicksAndRejections (node:internal/process/task_queues:105:5)\n    at file:///Users/arimendelow/Projects/ouroboros-agent-harness/node_modules/@vitest/runner/dist/index.js:915:20"],"meta":{}},{"ancestorTitles":["buildSystem"],"fullName":"buildSystem uses 'default' deployment when azure deployment is not set","status":"passed","title":"uses 'default' deployment when azure deployment is not set","duration":2.6784590000000037,"failureMessages":[],"meta":{}},{"ancestorTitles":["buildSystem"],"fullName":"buildSystem reads soul content from SOUL.md file","status":"passed","title":"reads soul content from SOUL.md file","duration":2.508125000000007,"failureMessages":[],"meta":{}},{"ancestorTitles":["buildSystem"],"fullName":"buildSystem reads identity content from IDENTITY.md file","status":"passed","title":"reads identity content from IDENTITY.md file","duration":1.4150840000000073,"failureMessages":[],"meta":{}},{"ancestorTitles":["buildSystem"],"fullName":"buildSystem includes tool behavior section when toolChoiceRequired is true","status":"passed","title":"includes tool behavior section when toolChoiceRequired is true","duration":1.2715420000000108,"failureMessages":[],"meta":{}},{"ancestorTitles":["buildSystem"],"fullName":"buildSystem does NOT include tool behavior section when toolChoiceRequired is false","status":"passed","title":"does NOT include tool behavior section when toolChoiceRequired is false","duration":2.070999999999998,"failureMessages":[],"meta":{}},{"ancestorTitles":["buildSystem"],"fullName":"buildSystem does NOT include tool behavior section when options is undefined","status":"passed","title":"does NOT include tool behavior section when options is undefined","duration":1.2542089999999746,"failureMessages":[],"meta":{}},{"ancestorTitles":["buildSystem"],"fullName":"buildSystem includes flags section when disableStreaming is true and channel is teams","status":"passed","title":"includes flags section when disableStreaming is true and channel is teams","duration":1.3331669999999747,"failureMessages":[],"meta":{}},{"ancestorTitles":["buildSystem"],"fullName":"buildSystem does NOT include flags section when disableStreaming is true but channel is cli","status":"passed","title":"does NOT include flags section when disableStreaming is true but channel is cli","duration":1.9121250000000032,"failureMessages":[],"meta":{}},{"ancestorTitles":["buildSystem"],"fullName":"buildSystem does NOT include flags section when disableStreaming is false","status":"passed","title":"does NOT include flags section when disableStreaming is false","duration":1.4737499999999955,"failureMessages":[],"meta":{}},{"ancestorTitles":["buildSystem"],"fullName":"buildSystem does NOT include flags section when disableStreaming is undefined","status":"passed","title":"does NOT include flags section when disableStreaming is undefined","duration":2.318916999999999,"failureMessages":[],"meta":{}},{"ancestorTitles":["provider section contract"],"fullName":"provider section contract does not hardcode provider-specific branching in prompt provider rendering","status":"passed","title":"does not hardcode provider-specific branching in prompt provider rendering","duration":0.08737500000000864,"failureMessages":[],"meta":{}},{"ancestorTitles":["runtimeInfoSection"],"fullName":"runtimeInfoSection always includes agent name and cwd","status":"passed","title":"always includes agent name and cwd","duration":1.294333999999992,"failureMessages":[],"meta":{}},{"ancestorTitles":["runtimeInfoSection"],"fullName":"runtimeInfoSection includes note about self-modification","status":"passed","title":"includes note about self-modification","duration":1.281583000000012,"failureMessages":[],"meta":{}},{"ancestorTitles":["runtimeInfoSection"],"fullName":"runtimeInfoSection cli channel includes boot greeting","status":"passed","title":"cli channel includes boot greeting","duration":1.4966249999999945,"failureMessages":[],"meta":{}},{"ancestorTitles":["runtimeInfoSection"],"fullName":"runtimeInfoSection teams channel includes concise behavior","status":"passed","title":"teams channel includes concise behavior","duration":1.1614999999999895,"failureMessages":[],"meta":{}},{"ancestorTitles":["psyche loading"],"fullName":"psyche loading loads psyche files from agentRoot/psyche/","status":"passed","title":"loads psyche files from agentRoot/psyche/","duration":3.1695829999999887,"failureMessages":[],"meta":{}},{"ancestorTitles":["psyche loading"],"fullName":"psyche loading handles missing psyche files gracefully (empty string, no crash)","status":"passed","title":"handles missing psyche files gracefully (empty string, no crash)","duration":1.7706249999999955,"failureMessages":[],"meta":{}},{"ancestorTitles":["psyche loading"],"fullName":"psyche loading caches psyche text after first load","status":"passed","title":"caches psyche text after first load","duration":1.4190000000000111,"failureMessages":[],"meta":{}},{"ancestorTitles":["psyche loading"],"fullName":"psyche loading resetPsycheCache clears cached psyche text","status":"passed","title":"resetPsycheCache clears cached psyche text","duration":1.3968749999999943,"failureMessages":[],"meta":{}},{"ancestorTitles":["flagsSection rationale"],"fullName":"flagsSection rationale mentions devtunnel relay buffering (microsoft/dev-tunnels#518)","status":"passed","title":"mentions devtunnel relay buffering (microsoft/dev-tunnels#518)","duration":1.2352499999999793,"failureMessages":[],"meta":{}},{"ancestorTitles":["flagsSection rationale"],"fullName":"flagsSection rationale mentions 60-second hard timeout","status":"passed","title":"mentions 60-second hard timeout","duration":2.1397499999999923,"failureMessages":[],"meta":{}},{"ancestorTitles":["flagsSection rationale"],"fullName":"flagsSection rationale mentions no HTTP/2 support on devtunnels","status":"passed","title":"mentions no HTTP/2 support on devtunnels","duration":1.2456249999999898,"failureMessages":[],"meta":{}},{"ancestorTitles":["flagsSection rationale"],"fullName":"flagsSection rationale mentions Teams throttles streaming updates to 1 req/sec","status":"passed","title":"mentions Teams throttles streaming updates to 1 req/sec","duration":1.2284170000000074,"failureMessages":[],"meta":{}},{"ancestorTitles":["flagsSection rationale"],"fullName":"flagsSection rationale mentions buffering avoids compounding latency","status":"passed","title":"mentions buffering avoids compounding latency","duration":1.0953340000000082,"failureMessages":[],"meta":{}},{"ancestorTitles":["contextSection"],"fullName":"contextSection returns empty string when context is undefined","status":"passed","title":"returns empty string when context is undefined","duration":1.0298329999999964,"failureMessages":[],"meta":{}},{"ancestorTitles":["contextSection"],"fullName":"contextSection returns empty string when context has neither friend nor identity","status":"passed","title":"returns empty string when context has neither friend nor identity","duration":1.1561249999999745,"failureMessages":[],"meta":{}},{"ancestorTitles":["contextSection"],"fullName":"contextSection renders friend identity with display name","status":"passed","title":"renders friend identity with display name","duration":1.1308750000000032,"failureMessages":[],"meta":{}},{"ancestorTitles":["contextSection"],"fullName":"contextSection renders AAD identity with external ID in parentheses","status":"passed","title":"renders AAD identity with external ID in parentheses","duration":1.357541000000026,"failureMessages":[],"meta":{}},{"ancestorTitles":["contextSection"],"fullName":"contextSection renders Teams channel capabilities correctly","status":"passed","title":"renders Teams channel capabilities correctly","duration":1.7907500000000027,"failureMessages":[],"meta":{}},{"ancestorTitles":["contextSection"],"fullName":"contextSection renders CLI channel with streaming","status":"passed","title":"renders CLI channel with streaming","duration":1.328583999999978,"failureMessages":[],"meta":{}},{"ancestorTitles":["contextSection"],"fullName":"contextSection renders notes section when friend has notes","status":"passed","title":"renders notes section when friend has notes","duration":2.0047079999999937,"failureMessages":[],"meta":{}},{"ancestorTitles":["contextSection"],"fullName":"contextSection does not render notes section when notes is empty","status":"passed","title":"does not render notes section when notes is empty","duration":1.105165999999997,"failureMessages":[],"meta":{}},{"ancestorTitles":["contextSection"],"fullName":"contextSection does not render preferences in system prompt (toolPreferences go to tool descriptions only)","status":"passed","title":"does not render preferences in system prompt (toolPreferences go to tool descriptions only)","duration":1.1016250000000127,"failureMessages":[],"meta":{}},{"ancestorTitles":["contextSection"],"fullName":"contextSection does not render authority section (removed)","status":"passed","title":"does not render authority section (removed)","duration":1.0819999999999936,"failureMessages":[],"meta":{}},{"ancestorTitles":["contextSection"],"fullName":"contextSection includes memory ephemerality instruction when friend context exists","status":"passed","title":"includes memory ephemerality instruction when friend context exists","duration":1.9209999999999923,"failureMessages":[],"meta":{}},{"ancestorTitles":["contextSection"],"fullName":"contextSection includes name-quality instruction with displayName","status":"passed","title":"includes name-quality instruction with displayName","duration":1.2769579999999792,"failureMessages":[],"meta":{}},{"ancestorTitles":["contextSection"],"fullName":"contextSection includes new-friend instruction when notes and toolPreferences both empty","status":"passed","title":"includes new-friend instruction when notes and toolPreferences both empty","duration":1.0637080000000196,"failureMessages":[],"meta":{}},{"ancestorTitles":["contextSection"],"fullName":"contextSection does NOT include new-friend instruction when notes has entries","status":"passed","title":"does NOT include new-friend instruction when notes has entries","duration":1.215167000000008,"failureMessages":[],"meta":{}},{"ancestorTitles":["contextSection"],"fullName":"contextSection does NOT include new-friend instruction when toolPreferences has entries","status":"passed","title":"does NOT include new-friend instruction when toolPreferences has entries","duration":1.4446249999999736,"failureMessages":[],"meta":{}},{"ancestorTitles":["contextSection"],"fullName":"contextSection does NOT render toolPreferences in system prompt","status":"passed","title":"does NOT render toolPreferences in system prompt","duration":1.1683340000000157,"failureMessages":[],"meta":{}},{"ancestorTitles":["contextSection"],"fullName":"contextSection includes priority guidance when friend context is present","status":"passed","title":"includes priority guidance when friend context is present","duration":2.3919589999999857,"failureMessages":[],"meta":{}},{"ancestorTitles":["contextSection"],"fullName":"contextSection includes working-memory trust instruction","status":"passed","title":"includes working-memory trust instruction","duration":1.276125000000036,"failureMessages":[],"meta":{}},{"ancestorTitles":["contextSection"],"fullName":"contextSection includes stale notes awareness instruction","status":"passed","title":"includes stale notes awareness instruction","duration":3.162834000000032,"failureMessages":[],"meta":{}},{"ancestorTitles":["buildSystem with context"],"fullName":"buildSystem with context includes context section when context is provided","status":"passed","title":"includes context section when context is provided","duration":5.254708999999991,"failureMessages":[],"meta":{}},{"ancestorTitles":["buildSystem with context"],"fullName":"buildSystem with context omits context section when context is undefined","status":"passed","title":"omits context section when context is undefined","duration":4.8292090000000485,"failureMessages":[],"meta":{}},{"ancestorTitles":["buildSystem with context"],"fullName":"buildSystem with context returns a Promise (async function)","status":"passed","title":"returns a Promise (async function)","duration":2.979833000000042,"failureMessages":[],"meta":{}}],"startTime":1772681384475,"endTime":1772681384615.9797,"status":"failed","message":"","name":"/Users/arimendelow/Projects/ouroboros-agent-harness/src/__tests__/mind/prompt.test.ts"},{"assertionResults":[{"ancestorTitles":["isTransientError"],"fullName":"isTransientError detects Node.js network error codes","status":"passed","title":"detects Node.js network error codes","duration":119.065292,"failureMessages":[],"meta":{}},{"ancestorTitles":["isTransientError"],"fullName":"isTransientError detects fetch/network errors by message","status":"passed","title":"detects fetch/network errors by message","duration":0.25774999999998727,"failureMessages":[],"meta":{}},{"ancestorTitles":["isTransientError"],"fullName":"isTransientError detects HTTP status codes 429 and 5xx","status":"passed","title":"detects HTTP status codes 429 and 5xx","duration":0.14066600000001017,"failureMessages":[],"meta":{}},{"ancestorTitles":["isTransientError"],"fullName":"isTransientError returns false for non-transient errors","status":"passed","title":"returns false for non-transient errors","duration":0.30074999999999363,"failureMessages":[],"meta":{}},{"ancestorTitles":["isTransientError"],"fullName":"isTransientError returns false for context overflow messages (not transient)","status":"passed","title":"returns false for context overflow messages (not transient)","duration":0.07687499999997272,"failureMessages":[],"meta":{}},{"ancestorTitles":["ChannelCallbacks interface"],"fullName":"ChannelCallbacks interface accepts an object with all required callback signatures","status":"passed","title":"accepts an object with all required callback signatures","duration":0.1877499999999941,"failureMessages":[],"meta":{}},{"ancestorTitles":["RunAgentOptions trace propagation contract"],"fullName":"RunAgentOptions trace propagation contract supports a traceId field in RunAgentOptions","status":"passed","title":"supports a traceId field in RunAgentOptions","duration":0.06783300000000736,"failureMessages":[],"meta":{}},{"ancestorTitles":["runAgent"],"fullName":"runAgent fires onModelStart before API call","status":"passed","title":"fires onModelStart before API call","duration":6.632790999999997,"failureMessages":[],"meta":{}},{"ancestorTitles":["runAgent"],"fullName":"runAgent injects steering follow-ups as ordered user messages before model calls","status":"passed","title":"injects steering follow-ups as ordered user messages before model calls","duration":4.609041999999988,"failureMessages":[],"meta":{}},{"ancestorTitles":["runAgent"],"fullName":"runAgent propagates traceId option into model request metadata","status":"passed","title":"propagates traceId option into model request metadata","duration":2.821875000000034,"failureMessages":[],"meta":{}},{"ancestorTitles":["runAgent"],"fullName":"runAgent emits engine lifecycle observability events for a successful turn","status":"passed","title":"emits engine lifecycle observability events for a successful turn","duration":4.876166000000012,"failureMessages":[],"meta":{}},{"ancestorTitles":["runAgent"],"fullName":"runAgent fires onModelStreamStart on first content token","status":"passed","title":"fires onModelStreamStart on first content token","duration":1.7721250000000168,"failureMessages":[],"meta":{}},{"ancestorTitles":["runAgent"],"fullName":"runAgent routes inline think tags to onReasoningChunk and answer to onTextChunk (single chunk)","status":"passed","title":"routes inline think tags to onReasoningChunk and answer to onTextChunk (single chunk)","duration":1.910415999999998,"failureMessages":[],"meta":{}},{"ancestorTitles":["runAgent"],"fullName":"runAgent routes inline think tags split across chunks","status":"passed","title":"routes inline think tags split across chunks","duration":2.48595899999998,"failureMessages":[],"meta":{}},{"ancestorTitles":["runAgent"],"fullName":"runAgent content-only (no think tags) goes only to onTextChunk","status":"passed","title":"content-only (no think tags) goes only to onTextChunk","duration":2.0296670000000177,"failureMessages":[],"meta":{}},{"ancestorTitles":["runAgent"],"fullName":"runAgent think-only content goes only to onReasoningChunk","status":"passed","title":"think-only content goes only to onReasoningChunk","duration":1.682875000000024,"failureMessages":[],"meta":{}},{"ancestorTitles":["runAgent"],"fullName":"runAgent handles multiple think blocks in content","status":"passed","title":"handles multiple think blocks in content","duration":1.3777919999999995,"failureMessages":[],"meta":{}},{"ancestorTitles":["runAgent"],"fullName":"runAgent handles partial think tag at chunk boundary","status":"passed","title":"handles partial think tag at chunk boundary","duration":1.458958999999993,"failureMessages":[],"meta":{}},{"ancestorTitles":["runAgent"],"fullName":"runAgent handles think tags split across many chunks","status":"passed","title":"handles think tags split across many chunks","duration":1.7738330000000246,"failureMessages":[],"meta":{}},{"ancestorTitles":["runAgent"],"fullName":"runAgent handles partial close tag at chunk boundary inside think block","status":"passed","title":"handles partial close tag at chunk boundary inside think block","duration":1.4822080000000142,"failureMessages":[],"meta":{}},{"ancestorTitles":["runAgent"],"fullName":"runAgent flushes remaining content buffer as text at end of stream","status":"passed","title":"flushes remaining content buffer as text at end of stream","duration":1.5599579999999946,"failureMessages":[],"meta":{}},{"ancestorTitles":["runAgent"],"fullName":"runAgent flushes remaining reasoning buffer at end of stream (unclosed think)","status":"passed","title":"flushes remaining reasoning buffer at end of stream (unclosed think)","duration":1.2220829999999978,"failureMessages":[],"meta":{}},{"ancestorTitles":["runAgent"],"fullName":"runAgent retains partial close tag prefix in reasoning buffer across chunks","status":"passed","title":"retains partial close tag prefix in reasoning buffer across chunks","duration":1.517750000000035,"failureMessages":[],"meta":{}},{"ancestorTitles":["runAgent"],"fullName":"runAgent flushes partial close tag prefix as reasoning at end of stream","status":"passed","title":"flushes partial close tag prefix as reasoning at end of stream","duration":2.002790999999945,"failureMessages":[],"meta":{}},{"ancestorTitles":["runAgent"],"fullName":"runAgent handles empty reasoning before partial close tag prefix","status":"passed","title":"handles empty reasoning before partial close tag prefix","duration":2.3157090000000267,"failureMessages":[],"meta":{}},{"ancestorTitles":["runAgent"],"fullName":"runAgent handles empty content chunks in think tag processing","status":"passed","title":"handles empty content chunks in think tag processing","duration":1.5475420000000213,"failureMessages":[],"meta":{}},{"ancestorTitles":["runAgent"],"fullName":"runAgent ends loop when response has no tool calls","status":"passed","title":"ends loop when response has no tool calls","duration":1.3228749999999536,"failureMessages":[],"meta":{}},{"ancestorTitles":["runAgent"],"fullName":"runAgent fires onToolStart before tool execution and onToolEnd after","status":"passed","title":"fires onToolStart before tool execution and onToolEnd after","duration":2.1055000000000064,"failureMessages":[],"meta":{}},{"ancestorTitles":["runAgent"],"fullName":"runAgent loops back for another model call after tool execution","status":"passed","title":"loops back for another model call after tool execution","duration":2.0065419999999676,"failureMessages":[],"meta":{}},{"ancestorTitles":["runAgent"],"fullName":"runAgent fires onError on API errors with terminal severity and ends loop","status":"passed","title":"fires onError on API errors with terminal severity and ends loop","duration":1.7497090000000526,"failureMessages":[],"meta":{}},{"ancestorTitles":["runAgent"],"fullName":"runAgent pushes assistant message with content onto messages array","status":"passed","title":"pushes assistant message with content onto messages array","duration":1.2744169999999713,"failureMessages":[],"meta":{}},{"ancestorTitles":["runAgent"],"fullName":"runAgent pushes assistant message with tool_calls and tool result messages","status":"passed","title":"pushes assistant message with tool_calls and tool result messages","duration":1.516083999999978,"failureMessages":[],"meta":{}},{"ancestorTitles":["runAgent"],"fullName":"runAgent does NOT push user message (adapter responsibility)","status":"passed","title":"does NOT push user message (adapter responsibility)","duration":1.6342079999999441,"failureMessages":[],"meta":{}},{"ancestorTitles":["runAgent"],"fullName":"runAgent handles tool call with arguments split across chunks","status":"passed","title":"handles tool call with arguments split across chunks","duration":1.8044160000000602,"failureMessages":[],"meta":{}},{"ancestorTitles":["runAgent"],"fullName":"runAgent handles multiple tool calls in a single response","status":"passed","title":"handles multiple tool calls in a single response","duration":1.5482500000000528,"failureMessages":[],"meta":{}},{"ancestorTitles":["runAgent"],"fullName":"runAgent fires onToolEnd with success=false when tool throws","status":"passed","title":"fires onToolEnd with success=false when tool throws","duration":1.9080830000000333,"failureMessages":[],"meta":{}},{"ancestorTitles":["runAgent"],"fullName":"runAgent skips chunks with no delta","status":"passed","title":"skips chunks with no delta","duration":1.5924159999999574,"failureMessages":[],"meta":{}},{"ancestorTitles":["runAgent"],"fullName":"runAgent handles invalid JSON in tool call arguments gracefully","status":"passed","title":"handles invalid JSON in tool call arguments gracefully","duration":1.6308329999999387,"failureMessages":[],"meta":{}},{"ancestorTitles":["runAgent"],"fullName":"runAgent wraps non-Error thrown values in Error in onError callback","status":"passed","title":"wraps non-Error thrown values in Error in onError callback","duration":2.263249999999971,"failureMessages":[],"meta":{}},{"ancestorTitles":["runAgent"],"fullName":"runAgent pushes assistant message without content when only tool calls are returned","status":"passed","title":"pushes assistant message without content when only tool calls are returned","duration":1.777249999999981,"failureMessages":[],"meta":{}},{"ancestorTitles":["runAgent"],"fullName":"runAgent handles tool call chunks with missing id and function name","status":"passed","title":"handles tool call chunks with missing id and function name","duration":1.603749999999991,"failureMessages":[],"meta":{}},{"ancestorTitles":["runAgent"],"fullName":"runAgent handles tool call chunk with no function arguments","status":"passed","title":"handles tool call chunk with no function arguments","duration":14.484291999999982,"failureMessages":[],"meta":{}},{"ancestorTitles":["runAgent"],"fullName":"runAgent uses minimax model from config when set","status":"passed","title":"uses minimax model from config when set","duration":1.5646669999999858,"failureMessages":[],"meta":{}},{"ancestorTitles":["runAgent"],"fullName":"runAgent calls onReasoningChunk for reasoning_content","status":"passed","title":"calls onReasoningChunk for reasoning_content","duration":2.0537910000000466,"failureMessages":[],"meta":{}},{"ancestorTitles":["runAgent"],"fullName":"runAgent calls onReasoningChunk for reasoning-only stream (kicks then gets real response)","status":"passed","title":"calls onReasoningChunk for reasoning-only stream (kicks then gets real response)","duration":1.4329159999999774,"failureMessages":[],"meta":{}},{"ancestorTitles":["runAgent"],"fullName":"runAgent stops immediately when signal is pre-aborted","status":"passed","title":"stops immediately when signal is pre-aborted","duration":1.2721669999999676,"failureMessages":[],"meta":{}},{"ancestorTitles":["runAgent"],"fullName":"runAgent stops streaming when signal is aborted mid-stream","status":"passed","title":"stops streaming when signal is aborted mid-stream","duration":1.4197920000000295,"failureMessages":[],"meta":{}},{"ancestorTitles":["runAgent"],"fullName":"runAgent breaks out of loop cleanly when signal aborted during catch","status":"passed","title":"breaks out of loop cleanly when signal aborted during catch","duration":1.2008749999999964,"failureMessages":[],"meta":{}},{"ancestorTitles":["runAgent"],"fullName":"runAgent skips remaining tools when signal is aborted mid-tool-execution","status":"passed","title":"skips remaining tools when signal is aborted mid-tool-execution","duration":1.71062500000005,"failureMessages":[],"meta":{}},{"ancestorTitles":["runAgent"],"fullName":"runAgent fires onModelStreamStart on first reasoning_content token","status":"passed","title":"fires onModelStreamStart on first reasoning_content token","duration":1.808084000000008,"failureMessages":[],"meta":{}},{"ancestorTitles":["runAgent"],"fullName":"runAgent calls onReasoningChunk for each reasoning chunk","status":"passed","title":"calls onReasoningChunk for each reasoning chunk","duration":1.7824590000000171,"failureMessages":[],"meta":{}},{"ancestorTitles":["runAgent"],"fullName":"runAgent handles multiple reasoning_content chunks before content","status":"passed","title":"handles multiple reasoning_content chunks before content","duration":2.5329999999999018,"failureMessages":[],"meta":{}},{"ancestorTitles":["runAgent"],"fullName":"runAgent Azure provider calls mockResponsesCreate with Responses API params","status":"passed","title":"Azure provider calls mockResponsesCreate with Responses API params","duration":4.259791999999948,"failureMessages":[],"meta":{}},{"ancestorTitles":["runAgent"],"fullName":"runAgent Azure text-only response: assistant message pushed in CC format, loop ends","status":"passed","title":"Azure text-only response: assistant message pushed in CC format, loop ends","duration":3.0440830000000005,"failureMessages":[],"meta":{}},{"ancestorTitles":["runAgent"],"fullName":"runAgent Azure: propagates traceId option into responses metadata","status":"passed","title":"Azure: propagates traceId option into responses metadata","duration":2.5057500000000346,"failureMessages":[],"meta":{}},{"ancestorTitles":["runAgent"],"fullName":"runAgent Azure tool-use turn: tool executed, result pushed, loop continues","status":"passed","title":"Azure tool-use turn: tool executed, result pushed, loop continues","duration":2.7778330000001006,"failureMessages":[],"meta":{}},{"ancestorTitles":["runAgent"],"fullName":"runAgent Azure native input: output items + function_call_output in correct order","status":"passed","title":"Azure native input: output items + function_call_output in correct order","duration":4.4541659999999865,"failureMessages":[],"meta":{}},{"ancestorTitles":["runAgent"],"fullName":"runAgent Azure native input: same array reference reused across iterations","status":"passed","title":"Azure native input: same array reference reused across iterations","duration":3.6240420000000313,"failureMessages":[],"meta":{}},{"ancestorTitles":["runAgent"],"fullName":"runAgent does not pass reasoning params for MiniMax provider","status":"passed","title":"does not pass reasoning params for MiniMax provider","duration":1.484958000000006,"failureMessages":[],"meta":{}},{"ancestorTitles":["runAgent"],"fullName":"runAgent MiniMax path calls mockCreate, not mockResponsesCreate","status":"passed","title":"MiniMax path calls mockCreate, not mockResponsesCreate","duration":2.0761249999999336,"failureMessages":[],"meta":{}},{"ancestorTitles":["runAgent"],"fullName":"runAgent Azure: stores reasoning items as _reasoning_items on assistant message","status":"passed","title":"Azure: stores reasoning items as _reasoning_items on assistant message","duration":2.2981659999999238,"failureMessages":[],"meta":{}},{"ancestorTitles":["runAgent"],"fullName":"runAgent Azure: does not set _reasoning_items when outputItems has no reasoning items","status":"passed","title":"Azure: does not set _reasoning_items when outputItems has no reasoning items","duration":1.9697499999999764,"failureMessages":[],"meta":{}},{"ancestorTitles":["runAgent"],"fullName":"runAgent Azure: stores only reasoning items when outputItems has mixed types","status":"passed","title":"Azure: stores only reasoning items when outputItems has mixed types","duration":2.7197079999999687,"failureMessages":[],"meta":{}},{"ancestorTitles":["runAgent"],"fullName":"runAgent Azure: azureInput.push still happens for each outputItem (existing behavior preserved)","status":"passed","title":"Azure: azureInput.push still happens for each outputItem (existing behavior preserved)","duration":3.241792000000032,"failureMessages":[],"meta":{}},{"ancestorTitles":["runAgent"],"fullName":"runAgent MiniMax: does not set _reasoning_items (outputItems always empty)","status":"passed","title":"MiniMax: does not set _reasoning_items (outputItems always empty)","duration":1.4607499999999618,"failureMessages":[],"meta":{}},{"ancestorTitles":["runAgent"],"fullName":"runAgent returns usage from single API call (no tool calls)","status":"passed","title":"returns usage from single API call (no tool calls)","duration":1.5027919999999995,"failureMessages":[],"meta":{}},{"ancestorTitles":["runAgent"],"fullName":"runAgent returns usage from last API call when multiple tool rounds","status":"passed","title":"returns usage from last API call when multiple tool rounds","duration":1.3497919999999795,"failureMessages":[],"meta":{}},{"ancestorTitles":["runAgent"],"fullName":"runAgent returns undefined usage when no usage data available","status":"passed","title":"returns undefined usage when no usage data available","duration":2.1037919999999986,"failureMessages":[],"meta":{}},{"ancestorTitles":["runAgent"],"fullName":"runAgent returns undefined usage on error","status":"passed","title":"returns undefined usage on error","duration":1.2494159999999965,"failureMessages":[],"meta":{}},{"ancestorTitles":["runAgent"],"fullName":"runAgent recovers from Azure context_length_exceeded error by trimming and retrying","status":"passed","title":"recovers from Azure context_length_exceeded error by trimming and retrying","duration":1.265292000000045,"failureMessages":[],"meta":{}},{"ancestorTitles":["runAgent"],"fullName":"runAgent recovers from Azure overflow via error message (no .code)","status":"passed","title":"recovers from Azure overflow via error message (no .code)","duration":1.1582909999999629,"failureMessages":[],"meta":{}},{"ancestorTitles":["runAgent"],"fullName":"runAgent recovers from MiniMax context window exceeds limit error","status":"passed","title":"recovers from MiniMax context window exceeds limit error","duration":1.2352079999999432,"failureMessages":[],"meta":{}},{"ancestorTitles":["runAgent"],"fullName":"runAgent surfaces error via onError when retry also fails with overflow","status":"passed","title":"surfaces error via onError when retry also fails with overflow","duration":2.1628749999999854,"failureMessages":[],"meta":{}},{"ancestorTitles":["runAgent"],"fullName":"runAgent does not catch non-overflow errors with overflow recovery","status":"passed","title":"does not catch non-overflow errors with overflow recovery","duration":1.7839999999999918,"failureMessages":[],"meta":{}},{"ancestorTitles":["runAgent"],"fullName":"runAgent strips tool calls before trimming on mid-turn overflow","status":"passed","title":"strips tool calls before trimming on mid-turn overflow","duration":1.6301670000000286,"failureMessages":[],"meta":{}},{"ancestorTitles":["runAgent"],"fullName":"runAgent handles overflow error with empty message property","status":"passed","title":"handles overflow error with empty message property","duration":1.2532919999999876,"failureMessages":[],"meta":{}},{"ancestorTitles":["runAgent"],"fullName":"runAgent overflow on cold start with only system message still retries","status":"passed","title":"overflow on cold start with only system message still retries","duration":1.2947500000000218,"failureMessages":[],"meta":{}},{"ancestorTitles":["runAgent"],"fullName":"runAgent retries on transient network errors with backoff and transient severity","status":"passed","title":"retries on transient network errors with backoff and transient severity","duration":3.5761669999999413,"failureMessages":[],"meta":{}},{"ancestorTitles":["runAgent"],"fullName":"runAgent gives up after MAX_RETRIES transient failures with terminal final error","status":"passed","title":"gives up after MAX_RETRIES transient failures with terminal final error","duration":2.1767090000000735,"failureMessages":[],"meta":{}},{"ancestorTitles":["runAgent"],"fullName":"runAgent aborts retry wait on signal abort","status":"passed","title":"aborts retry wait on signal abort","duration":1.724042000000054,"failureMessages":[],"meta":{}},{"ancestorTitles":["runAgent"],"fullName":"runAgent skips retry wait immediately when signal is already aborted","status":"passed","title":"skips retry wait immediately when signal is already aborted","duration":1.6254999999999882,"failureMessages":[],"meta":{}},{"ancestorTitles":["runAgent"],"fullName":"runAgent resets retry count after successful call","status":"passed","title":"resets retry count after successful call","duration":2.265792000000033,"failureMessages":[],"meta":{}},{"ancestorTitles":["runAgent"],"fullName":"runAgent detects HTTP 429 and 5xx as transient errors","status":"passed","title":"detects HTTP 429 and 5xx as transient errors","duration":1.30925000000002,"failureMessages":[],"meta":{}},{"ancestorTitles":["runAgent"],"fullName":"runAgent refreshes system prompt at start of runAgent when channel is passed","status":"passed","title":"refreshes system prompt at start of runAgent when channel is passed","duration":1.4577500000000327,"failureMessages":[],"meta":{}},{"ancestorTitles":["runAgent"],"fullName":"runAgent refreshes system prompt for teams channel","status":"passed","title":"refreshes system prompt for teams channel","duration":1.4337920000000395,"failureMessages":[],"meta":{}},{"ancestorTitles":["runAgent"],"fullName":"runAgent preserves non-system history when refreshing system prompt","status":"passed","title":"preserves non-system history when refreshing system prompt","duration":1.3714580000000751,"failureMessages":[],"meta":{}},{"ancestorTitles":["runAgent"],"fullName":"runAgent falls back to existing system prompt when prompt refresh fails","status":"passed","title":"falls back to existing system prompt when prompt refresh fails","duration":2.670957999999928,"failureMessages":[],"meta":{}},{"ancestorTitles":["runAgent"],"fullName":"runAgent injects default fallback prompt when refresh throws a non-Error and no system prompt exists","status":"passed","title":"injects default fallback prompt when refresh throws a non-Error and no system prompt exists","duration":3.4729999999999563,"failureMessages":[],"meta":{}},{"ancestorTitles":["runAgent"],"fullName":"runAgent still works without channel parameter (backward compatible)","status":"passed","title":"still works without channel parameter (backward compatible)","duration":1.588124999999991,"failureMessages":[],"meta":{}},{"ancestorTitles":["getClient"],"fullName":"getClient exits when no env vars are set","status":"passed","title":"exits when no env vars are set","duration":1.4611250000000382,"failureMessages":[],"meta":{}},{"ancestorTitles":["getClient"],"fullName":"getClient uses MiniMax when minimax config is set","status":"passed","title":"uses MiniMax when minimax config is set","duration":1.3217919999999594,"failureMessages":[],"meta":{}},{"ancestorTitles":["getClient"],"fullName":"getClient prefers Azure when all Azure config is set","status":"passed","title":"prefers Azure when all Azure config is set","duration":2.425542000000064,"failureMessages":[],"meta":{}},{"ancestorTitles":["getClient"],"fullName":"getClient fails fast when selected Azure provider config is incomplete","status":"passed","title":"fails fast when selected Azure provider config is incomplete","duration":1.6770420000000286,"failureMessages":[],"meta":{}},{"ancestorTitles":["getClient"],"fullName":"getClient caches client across multiple runAgent invocations","status":"passed","title":"caches client across multiple runAgent invocations","duration":1.4053329999999278,"failureMessages":[],"meta":{}},{"ancestorTitles":["getClient"],"fullName":"getClient omits model param in createParams when model is empty","status":"passed","title":"omits model param in createParams when model is empty","duration":1.3039999999999736,"failureMessages":[],"meta":{}},{"ancestorTitles":["getClient config integration"],"fullName":"getClient config integration uses azure config from config.json when apiKey is present","status":"passed","title":"uses azure config from config.json when apiKey is present","duration":1.054708000000005,"failureMessages":[],"meta":{}},{"ancestorTitles":["getClient config integration"],"fullName":"getClient config integration uses minimax config from config.json when apiKey is present","status":"passed","title":"uses minimax config from config.json when apiKey is present","duration":0.9872909999999138,"failureMessages":[],"meta":{}},{"ancestorTitles":["getClient config integration"],"fullName":"getClient config integration prefers azure when both providers are configured in config.json","status":"passed","title":"prefers azure when both providers are configured in config.json","duration":1.1434169999999995,"failureMessages":[],"meta":{}},{"ancestorTitles":["getClient config integration"],"fullName":"getClient config integration uses agent.json provider with secrets.json settings","status":"passed","title":"uses agent.json provider with secrets.json settings","duration":1.0417080000000851,"failureMessages":[],"meta":{}},{"ancestorTitles":["getClient config integration"],"fullName":"getClient config integration stripLastToolCalls pops trailing tool messages","status":"passed","title":"stripLastToolCalls pops trailing tool messages","duration":0.9010000000000673,"failureMessages":[],"meta":{}},{"ancestorTitles":["getClient config integration"],"fullName":"getClient config integration stripLastToolCalls removes empty assistant after stripping tool_calls","status":"passed","title":"stripLastToolCalls removes empty assistant after stripping tool_calls","duration":0.850832999999966,"failureMessages":[],"meta":{}},{"ancestorTitles":["getClient config integration"],"fullName":"getClient config integration stripLastToolCalls is a no-op when no trailing tools","status":"passed","title":"stripLastToolCalls is a no-op when no trailing tools","duration":1.6495419999999967,"failureMessages":[],"meta":{}},{"ancestorTitles":["getClient config integration"],"fullName":"getClient config integration fires onError when tool loop limit is reached","status":"passed","title":"fires onError when tool loop limit is reached","duration":3.150250000000028,"failureMessages":[],"meta":{}},{"ancestorTitles":["getClient config integration"],"fullName":"getClient config integration exits when neither provider configured in config","status":"passed","title":"exits when neither provider configured in config","duration":1.292332999999985,"failureMessages":[],"meta":{}},{"ancestorTitles":["provider abstraction contract"],"fullName":"provider abstraction contract exports createProviderRegistry for provider abstraction wiring","status":"passed","title":"exports createProviderRegistry for provider abstraction wiring","duration":0.05254100000001927,"failureMessages":[],"meta":{}},{"ancestorTitles":["provider abstraction contract"],"fullName":"provider abstraction contract runAgent request path avoids hardcoded provider-name branches","status":"passed","title":"runAgent request path avoids hardcoded provider-name branches","duration":0.04720800000006875,"failureMessages":[],"meta":{}},{"ancestorTitles":["provider abstraction contract"],"fullName":"provider abstraction contract delegates provider runtime construction to dedicated provider modules","status":"passed","title":"delegates provider runtime construction to dedicated provider modules","duration":0.7712500000000091,"failureMessages":[],"meta":{}},{"ancestorTitles":["provider abstraction contract"],"fullName":"provider abstraction contract registry provider runtimes expose provider-owned turn execution hooks","status":"passed","title":"registry provider runtimes expose provider-owned turn execution hooks","duration":1.2177920000000313,"failureMessages":[],"meta":{}},{"ancestorTitles":["provider abstraction contract"],"fullName":"provider abstraction contract azure provider runtime safely ignores tool output before turn state initialization","status":"passed","title":"azure provider runtime safely ignores tool output before turn state initialization","duration":1.3870000000000573,"failureMessages":[],"meta":{}},{"ancestorTitles":["anthropic setup-token provider contract"],"fullName":"anthropic setup-token provider contract uses Anthropic when setup-token credentials are configured in secrets.json","status":"passed","title":"uses Anthropic when setup-token credentials are configured in secrets.json","duration":1.6132089999999835,"failureMessages":[],"meta":{}},{"ancestorTitles":["anthropic setup-token provider contract"],"fullName":"anthropic setup-token provider contract fails fast with setup-token prefix guidance when non-setup Anthropic token is found","status":"passed","title":"fails fast with setup-token prefix guidance when non-setup Anthropic token is found","duration":1.9240830000001097,"failureMessages":[],"meta":{}},{"ancestorTitles":["anthropic setup-token provider contract"],"fullName":"anthropic setup-token provider contract fails fast with setup-token length guidance when token is too short","status":"passed","title":"fails fast with setup-token length guidance when token is too short","duration":1.1766670000000659,"failureMessages":[],"meta":{}},{"ancestorTitles":["anthropic setup-token provider contract"],"fullName":"anthropic setup-token provider contract fails fast with re-auth guidance when setup-token is blank after trimming","status":"passed","title":"fails fast with re-auth guidance when setup-token is blank after trimming","duration":1.32974999999999,"failureMessages":[],"meta":{}},{"ancestorTitles":["anthropic setup-token provider contract"],"fullName":"anthropic setup-token provider contract fails fast when Anthropic model is configured but setupToken is missing from secrets config","status":"passed","title":"fails fast when Anthropic model is configured but setupToken is missing from secrets config","duration":1.229332999999997,"failureMessages":[],"meta":{}},{"ancestorTitles":["anthropic setup-token provider contract"],"fullName":"anthropic setup-token provider contract maps canonical messages to Anthropic payload and streams tool/text/thinking/usage events","status":"passed","title":"maps canonical messages to Anthropic payload and streams tool/text/thinking/usage events","duration":2.0513329999999996,"failureMessages":[],"meta":{}},{"ancestorTitles":["anthropic setup-token provider contract"],"fullName":"anthropic setup-token provider contract handles Anthropic tool argument merge/reset/fallback delta paths","status":"passed","title":"handles Anthropic tool argument merge/reset/fallback delta paths","duration":2.989582999999925,"failureMessages":[],"meta":{}},{"ancestorTitles":["anthropic setup-token provider contract"],"fullName":"anthropic setup-token provider contract returns early when Anthropic stream signal is aborted","status":"passed","title":"returns early when Anthropic stream signal is aborted","duration":1.9936669999999594,"failureMessages":[],"meta":{}},{"ancestorTitles":["anthropic setup-token provider contract"],"fullName":"anthropic setup-token provider contract wraps Anthropic auth failures from create() with setup-token guidance","status":"passed","title":"wraps Anthropic auth failures from create() with setup-token guidance","duration":1.389791999999943,"failureMessages":[],"meta":{}},{"ancestorTitles":["anthropic setup-token provider contract"],"fullName":"anthropic setup-token provider contract wraps Anthropic auth failures from streaming events with setup-token guidance","status":"passed","title":"wraps Anthropic auth failures from streaming events with setup-token guidance","duration":1.0760000000000218,"failureMessages":[],"meta":{}},{"ancestorTitles":["anthropic setup-token provider contract"],"fullName":"anthropic setup-token provider contract preserves non-auth Anthropic errors without rewriting guidance","status":"passed","title":"preserves non-auth Anthropic errors without rewriting guidance","duration":0.949916999999914,"failureMessages":[],"meta":{}},{"ancestorTitles":["anthropic setup-token provider contract"],"fullName":"anthropic setup-token provider contract fails fast when setup-token contains only whitespace characters","status":"passed","title":"fails fast when setup-token contains only whitespace characters","duration":1.5592089999998962,"failureMessages":[],"meta":{}},{"ancestorTitles":["anthropic setup-token provider contract"],"fullName":"anthropic setup-token provider contract handles nullish Anthropic stream fields and unknown events safely","status":"passed","title":"handles nullish Anthropic stream fields and unknown events safely","duration":1.3221250000000282,"failureMessages":[],"meta":{}},{"ancestorTitles":["anthropic setup-token provider contract"],"fullName":"anthropic setup-token provider contract converts non-Error thrown values into terminal errors","status":"passed","title":"converts non-Error thrown values into terminal errors","duration":1.5387090000000399,"failureMessages":[],"meta":{}},{"ancestorTitles":["anthropic setup-token provider contract"],"fullName":"anthropic setup-token provider contract logs non-Error provider-resolution failures before exiting","status":"passed","title":"logs non-Error provider-resolution failures before exiting","duration":1.8727499999999964,"failureMessages":[],"meta":{}},{"ancestorTitles":["openai-codex oauth provider contract"],"fullName":"openai-codex oauth provider contract uses openai-codex when oauth credentials are configured in secrets.json","status":"failed","title":"uses openai-codex when oauth credentials are configured in secrets.json","duration":9.998417000000018,"failureMessages":["Error: process.exit called\n    at process.<anonymous> (/Users/arimendelow/Projects/ouroboros-agent-harness/src/__tests__/heart/core.test.ts:3903:13)\n    at process.Mock (file:///Users/arimendelow/Projects/ouroboros-agent-harness/node_modules/@vitest/spy/dist/index.js:285:34)\n    at getProviderRuntime (/Users/arimendelow/Projects/ouroboros-agent-harness/src/heart/core.ts:70:15)\n    at Module.getProvider (/Users/arimendelow/Projects/ouroboros-agent-harness/src/heart/core.ts:89:10)\n    at /Users/arimendelow/Projects/ouroboros-agent-harness/src/__tests__/heart/core.test.ts:3908:19\n    at processTicksAndRejections (node:internal/process/task_queues:105:5)\n    at file:///Users/arimendelow/Projects/ouroboros-agent-harness/node_modules/@vitest/runner/dist/index.js:915:20"],"meta":{}},{"ancestorTitles":["openai-codex oauth provider contract"],"fullName":"openai-codex oauth provider contract fails fast with oauth guidance when openai-codex oauthAccessToken is missing","status":"failed","title":"fails fast with oauth guidance when openai-codex oauthAccessToken is missing","duration":3.873917000000006,"failureMessages":["AssertionError: expected \"error\" to be called with arguments: [ StringContaining \"openai-codex\" ]\n\nReceived: \n\n  1st error call:\n\n  [\n-   StringContaining \"openai-codex\",\n+   \"factories[provider] is not a function\",\n  ]\n\n\nNumber of calls: 1\n\n    at Proxy.<anonymous> (file:///Users/arimendelow/Projects/ouroboros-agent-harness/node_modules/@vitest/expect/dist/index.js:1420:10)\n    at Proxy.<anonymous> (file:///Users/arimendelow/Projects/ouroboros-agent-harness/node_modules/@vitest/expect/dist/index.js:1090:14)\n    at Proxy.methodWrapper (file:///Users/arimendelow/Projects/ouroboros-agent-harness/node_modules/chai/index.js:1700:25)\n    at /Users/arimendelow/Projects/ouroboros-agent-harness/src/__tests__/heart/core.test.ts:3936:25\n    at processTicksAndRejections (node:internal/process/task_queues:105:5)\n    at file:///Users/arimendelow/Projects/ouroboros-agent-harness/node_modules/@vitest/runner/dist/index.js:915:20"],"meta":{}},{"ancestorTitles":["openai-codex oauth provider contract"],"fullName":"openai-codex oauth provider contract wraps openai-codex oauth auth failures with explicit re-auth guidance","status":"failed","title":"wraps openai-codex oauth auth failures with explicit re-auth guidance","duration":1.6228330000000142,"failureMessages":["TypeError: factories[provider] is not a function\n    at Object.resolve (/Users/arimendelow/Projects/ouroboros-agent-harness/src/heart/core.ts:59:32)\n    at /Users/arimendelow/Projects/ouroboros-agent-harness/src/__tests__/heart/core.test.ts:3972:60\n    at processTicksAndRejections (node:internal/process/task_queues:105:5)\n    at file:///Users/arimendelow/Projects/ouroboros-agent-harness/node_modules/@vitest/runner/dist/index.js:915:20"],"meta":{}},{"ancestorTitles":["hasToolIntent"],"fullName":"hasToolIntent returns true for each intent phrase","status":"passed","title":"returns true for each intent phrase","duration":0.38695799999993596,"failureMessages":[],"meta":{}},{"ancestorTitles":["hasToolIntent"],"fullName":"hasToolIntent returns false for text without intent phrases","status":"passed","title":"returns false for text without intent phrases","duration":0.13549999999997908,"failureMessages":[],"meta":{}},{"ancestorTitles":["hasToolIntent"],"fullName":"hasToolIntent is case-insensitive","status":"passed","title":"is case-insensitive","duration":0.12274999999999636,"failureMessages":[],"meta":{}},{"ancestorTitles":["kick mechanism"],"fullName":"kick mechanism fires onKick when model narrates intent without tool calls, then retries","status":"passed","title":"fires onKick when model narrates intent without tool calls, then retries","duration":1.8567910000000438,"failureMessages":[],"meta":{}},{"ancestorTitles":["kick mechanism"],"fullName":"kick mechanism kicks fire unconditionally -- no maxKicks cap, bounded by MAX_TOOL_ROUNDS","status":"passed","title":"kicks fire unconditionally -- no maxKicks cap, bounded by MAX_TOOL_ROUNDS","duration":2.199792000000002,"failureMessages":[],"meta":{}},{"ancestorTitles":["kick mechanism"],"fullName":"kick mechanism kick increments toolRounds and respects MAX_TOOL_ROUNDS","status":"passed","title":"kick increments toolRounds and respects MAX_TOOL_ROUNDS","duration":2.8749159999999847,"failureMessages":[],"meta":{}},{"ancestorTitles":["kick mechanism"],"fullName":"kick mechanism pushes self-correction message before retry","status":"passed","title":"pushes self-correction message before retry","duration":1.2930000000000064,"failureMessages":[],"meta":{}},{"ancestorTitles":["kick mechanism"],"fullName":"kick mechanism onKick callback receives no arguments","status":"passed","title":"onKick callback receives no arguments","duration":1.6441670000000386,"failureMessages":[],"meta":{}},{"ancestorTitles":["kick mechanism"],"fullName":"kick mechanism onKick callback is optional (no crash if not provided)","status":"passed","title":"onKick callback is optional (no crash if not provided)","duration":1.9310839999999416,"failureMessages":[],"meta":{}},{"ancestorTitles":["kick mechanism"],"fullName":"kick mechanism malformed assistant message is NOT in history after kick","status":"passed","title":"malformed assistant message is NOT in history after kick","duration":1.598333000000025,"failureMessages":[],"meta":{}},{"ancestorTitles":["kick mechanism"],"fullName":"kick mechanism Azure: kick cleans up azureInput output items and forces rebuild on retry","status":"passed","title":"Azure: kick cleans up azureInput output items and forces rebuild on retry","duration":2.673082999999906,"failureMessages":[],"meta":{}},{"ancestorTitles":["tool_choice required and final_answer"],"fullName":"tool_choice required and final_answer passes tool_choice: required in MiniMax createParams when toolChoiceRequired is true","status":"passed","title":"passes tool_choice: required in MiniMax createParams when toolChoiceRequired is true","duration":2.752166999999986,"failureMessages":[],"meta":{}},{"ancestorTitles":["tool_choice required and final_answer"],"fullName":"tool_choice required and final_answer passes tool_choice: required in Azure createParams when toolChoiceRequired is true","status":"passed","title":"passes tool_choice: required in Azure createParams when toolChoiceRequired is true","duration":3.406125000000088,"failureMessages":[],"meta":{}},{"ancestorTitles":["tool_choice required and final_answer"],"fullName":"tool_choice required and final_answer includes final_answer tool in tools list when toolChoiceRequired is true","status":"passed","title":"includes final_answer tool in tools list when toolChoiceRequired is true","duration":1.9981669999999667,"failureMessages":[],"meta":{}},{"ancestorTitles":["tool_choice required and final_answer"],"fullName":"tool_choice required and final_answer does NOT include final_answer tool when toolChoiceRequired is false/undefined","status":"passed","title":"does NOT include final_answer tool when toolChoiceRequired is false/undefined","duration":1.827541999999994,"failureMessages":[],"meta":{}},{"ancestorTitles":["tool_choice required and final_answer"],"fullName":"tool_choice required and final_answer does NOT pass tool_choice when toolChoiceRequired is not set","status":"passed","title":"does NOT pass tool_choice when toolChoiceRequired is not set","duration":1.8805419999999913,"failureMessages":[],"meta":{}},{"ancestorTitles":["tool_choice required and final_answer"],"fullName":"tool_choice required and final_answer final_answer sole call: extracts answer text and terminates loop","status":"passed","title":"final_answer sole call: extracts answer text and terminates loop","duration":2.0318750000000136,"failureMessages":[],"meta":{}},{"ancestorTitles":["tool_choice required and final_answer"],"fullName":"tool_choice required and final_answer final_answer mixed with other tool calls: other tools execute, final_answer rejected, loop continues","status":"passed","title":"final_answer mixed with other tool calls: other tools execute, final_answer rejected, loop continues","duration":3.7517090000000053,"failureMessages":[],"meta":{}},{"ancestorTitles":["tool_choice required and final_answer"],"fullName":"tool_choice required and final_answer final_answer with empty answer arg: uses empty string","status":"passed","title":"final_answer with empty answer arg: uses empty string","duration":1.45799999999997,"failureMessages":[],"meta":{}},{"ancestorTitles":["tool_choice required and final_answer"],"fullName":"tool_choice required and final_answer final_answer is never passed to execTool (intercepted before execution)","status":"passed","title":"final_answer is never passed to execTool (intercepted before execution)","duration":1.487292000000025,"failureMessages":[],"meta":{}},{"ancestorTitles":["tool_choice required and final_answer"],"fullName":"tool_choice required and final_answer Azure: mixed final_answer rejection pushes to azureInput","status":"passed","title":"Azure: mixed final_answer rejection pushes to azureInput","duration":2.2768330000000105,"failureMessages":[],"meta":{}},{"ancestorTitles":["tool_choice required and final_answer"],"fullName":"tool_choice required and final_answer final_answer with invalid JSON arguments: falls back to result.content","status":"passed","title":"final_answer with invalid JSON arguments: falls back to result.content","duration":1.6526250000000573,"failureMessages":[],"meta":{}},{"ancestorTitles":["tool_choice required and final_answer"],"fullName":"tool_choice required and final_answer final_answer with valid JSON but no answer field: falls back to result.content","status":"passed","title":"final_answer with valid JSON but no answer field: falls back to result.content","duration":1.1268749999999272,"failureMessages":[],"meta":{}},{"ancestorTitles":["tool_choice required and final_answer"],"fullName":"tool_choice required and final_answer final_answer with invalid JSON and no content: falls back to empty string","status":"passed","title":"final_answer with invalid JSON and no content: falls back to empty string","duration":1.3889580000000024,"failureMessages":[],"meta":{}},{"ancestorTitles":["tool_choice required and final_answer"],"fullName":"tool_choice required and final_answer final_answer with valid JSON, no answer field, and no content: falls back to empty string","status":"passed","title":"final_answer with valid JSON, no answer field, and no content: falls back to empty string","duration":1.2648340000000644,"failureMessages":[],"meta":{}},{"ancestorTitles":["integration: kick + tool_choice required combined"],"fullName":"integration: kick + tool_choice required combined kick fires when toolChoiceRequired is true and model narrates intent","status":"passed","title":"kick fires when toolChoiceRequired is true and model narrates intent","duration":1.3194160000000466,"failureMessages":[],"meta":{}},{"ancestorTitles":["integration: kick + tool_choice required combined"],"fullName":"integration: kick + tool_choice required combined after kick, model returns final_answer -- terminates cleanly","status":"passed","title":"after kick, model returns final_answer -- terminates cleanly","duration":1.789209000000028,"failureMessages":[],"meta":{}},{"ancestorTitles":["integration: kick + tool_choice required combined"],"fullName":"integration: kick + tool_choice required combined MAX_TOOL_ROUNDS budget accounts for kicks + tool rounds together","status":"passed","title":"MAX_TOOL_ROUNDS budget accounts for kicks + tool rounds together","duration":1.5319170000000213,"failureMessages":[],"meta":{}},{"ancestorTitles":["integration: kick + tool_choice required combined"],"fullName":"integration: kick + tool_choice required combined abort during kick attempt -- clean stop, no dangling messages","status":"passed","title":"abort during kick attempt -- clean stop, no dangling messages","duration":1.5104590000000826,"failureMessages":[],"meta":{}},{"ancestorTitles":["integration: kick + tool_choice required combined"],"fullName":"integration: kick + tool_choice required combined empty content with no tool_calls -- kicks (empty response is always wrong)","status":"passed","title":"empty content with no tool_calls -- kicks (empty response is always wrong)","duration":1.2919170000000122,"failureMessages":[],"meta":{}},{"ancestorTitles":["integration: kick + tool_choice required combined"],"fullName":"integration: kick + tool_choice required combined intent phrase only in model content triggers kick, not in tool results","status":"passed","title":"intent phrase only in model content triggers kick, not in tool results","duration":1.7975830000000315,"failureMessages":[],"meta":{}},{"ancestorTitles":["integration: kick + tool_choice required combined"],"fullName":"integration: kick + tool_choice required combined final_answer with very long text -- full text preserved","status":"passed","title":"final_answer with very long text -- full text preserved","duration":1.7582499999999754,"failureMessages":[],"meta":{}},{"ancestorTitles":["integration: kick + tool_choice required combined"],"fullName":"integration: kick + tool_choice required combined toolChoiceRequired kicks even when content is empty (reasoning-only response)","status":"passed","title":"toolChoiceRequired kicks even when content is empty (reasoning-only response)","duration":1.3220420000000104,"failureMessages":[],"meta":{}},{"ancestorTitles":["integration: kick + tool_choice required combined"],"fullName":"integration: kick + tool_choice required combined uses getToolsForChannel to select tools based on channel","status":"passed","title":"uses getToolsForChannel to select tools based on channel","duration":1.523584000000028,"failureMessages":[],"meta":{}},{"ancestorTitles":["integration: kick + tool_choice required combined"],"fullName":"integration: kick + tool_choice required combined does not include graph/ado tools for cli channel","status":"passed","title":"does not include graph/ado tools for cli channel","duration":1.4719579999999723,"failureMessages":[],"meta":{}},{"ancestorTitles":["integration: kick + tool_choice required combined"],"fullName":"integration: kick + tool_choice required combined passes toolContext to execTool when calling graph/ado tools","status":"passed","title":"passes toolContext to execTool when calling graph/ado tools","duration":108.06941699999993,"failureMessages":[],"meta":{}},{"ancestorTitles":["final_answer injection after narration kick"],"fullName":"final_answer injection after narration kick after narration kick, final_answer is present in tools sent to API","status":"passed","title":"after narration kick, final_answer is present in tools sent to API","duration":3.668083999999908,"failureMessages":[],"meta":{}},{"ancestorTitles":["final_answer injection after narration kick"],"fullName":"final_answer injection after narration kick after empty kick, final_answer is NOT in tools (narration-only injection)","status":"passed","title":"after empty kick, final_answer is NOT in tools (narration-only injection)","duration":1.8332909999999174,"failureMessages":[],"meta":{}},{"ancestorTitles":["final_answer injection after narration kick"],"fullName":"final_answer injection after narration kick model calls final_answer after narration kick -- terminates cleanly","status":"passed","title":"model calls final_answer after narration kick -- terminates cleanly","duration":1.2092079999999896,"failureMessages":[],"meta":{}},{"ancestorTitles":["final_answer injection after narration kick"],"fullName":"final_answer injection after narration kick activeTools computed per-iteration -- first call has no final_answer, after kick it does","status":"passed","title":"activeTools computed per-iteration -- first call has no final_answer, after kick it does","duration":1.601500000000101,"failureMessages":[],"meta":{}},{"ancestorTitles":["final_answer injection after narration kick"],"fullName":"final_answer injection after narration kick toolChoiceRequired still includes final_answer even without prior kick","status":"passed","title":"toolChoiceRequired still includes final_answer even without prior kick","duration":1.2302079999999478,"failureMessages":[],"meta":{}},{"ancestorTitles":["confirmation system"],"fullName":"confirmation system confirmation tool + confirmed executes normally","status":"passed","title":"confirmation tool + confirmed executes normally","duration":16.805207999999993,"failureMessages":[],"meta":{}},{"ancestorTitles":["confirmation system"],"fullName":"confirmation system confirmation tool + denied returns cancelled message","status":"passed","title":"confirmation tool + denied returns cancelled message","duration":2.2223749999999427,"failureMessages":[],"meta":{}},{"ancestorTitles":["confirmation system"],"fullName":"confirmation system confirmation tool + no callback returns cancelled (safe default)","status":"passed","title":"confirmation tool + no callback returns cancelled (safe default)","duration":2.564292000000023,"failureMessages":[],"meta":{}},{"ancestorTitles":["confirmation system"],"fullName":"confirmation system non-confirmation tool executes normally without invoking callback","status":"passed","title":"non-confirmation tool executes normally without invoking callback","duration":1.6526249999999436,"failureMessages":[],"meta":{}},{"ancestorTitles":["confirmation system"],"fullName":"confirmation system Azure: confirmation denied pushes cancelled to azureInput","status":"passed","title":"Azure: confirmation denied pushes cancelled to azureInput","duration":2.6580000000000155,"failureMessages":[],"meta":{}},{"ancestorTitles":["confirmation system"],"fullName":"confirmation system skipConfirmation bypasses confirmation for mutate tools","status":"passed","title":"skipConfirmation bypasses confirmation for mutate tools","duration":16.116459000000077,"failureMessages":[],"meta":{}},{"ancestorTitles":["confirmation system"],"fullName":"confirmation system truncates tool output exceeding maxToolOutputChars","status":"passed","title":"truncates tool output exceeding maxToolOutputChars","duration":1.5263330000000224,"failureMessages":[],"meta":{}},{"ancestorTitles":["confirmation system"],"fullName":"confirmation system re-reads friend record from disk each turn when friendStore is present","status":"passed","title":"re-reads friend record from disk each turn when friendStore is present","duration":1.2620409999999538,"failureMessages":[],"meta":{}},{"ancestorTitles":["confirmation system"],"fullName":"confirmation system handles friendStore.get returning null gracefully","status":"passed","title":"handles friendStore.get returning null gracefully","duration":1.1321249999999736,"failureMessages":[],"meta":{}},{"ancestorTitles":["confirmation system"],"fullName":"confirmation system passes toolPreferences to getToolsForChannel when friend has preferences","status":"passed","title":"passes toolPreferences to getToolsForChannel when friend has preferences","duration":1.347833000000037,"failureMessages":[],"meta":{}},{"ancestorTitles":["confirmation system"],"fullName":"confirmation system rebuilds system prompt with fresh context when friendStore returns updated record","status":"passed","title":"rebuilds system prompt with fresh context when friendStore returns updated record","duration":2.186958000000004,"failureMessages":[],"meta":{}}],"startTime":1772681383710,"endTime":1772681384305.187,"status":"failed","message":"","name":"/Users/arimendelow/Projects/ouroboros-agent-harness/src/__tests__/heart/core.test.ts"}]}