{"numTotalTestSuites":2,"numPassedTestSuites":0,"numFailedTestSuites":2,"numPendingTestSuites":0,"numTotalTests":1,"numPassedTests":0,"numFailedTests":1,"numPendingTests":0,"numTodoTests":0,"snapshot":{"added":0,"failure":false,"filesAdded":0,"filesRemoved":0,"filesRemovedList":[],"filesUnmatched":0,"filesUpdated":0,"matched":0,"total":0,"unchecked":0,"uncheckedKeysByFile":[],"unmatched":0,"updated":0,"didUpdate":false},"startTime":1772679300357,"success":false,"testResults":[{"assertionResults":[{"ancestorTitles":["CLI logging contract"],"fullName":"CLI logging contract exports a CLI runtime logger configurator that routes nerves logs to NDJSON sink","status":"failed","title":"exports a CLI runtime logger configurator that routes nerves logs to NDJSON sink","duration":273.580166,"failureMessages":["AssertionError: expected 'undefined' to be 'function' // Object.is equality\n    at /Users/arimendelow/Projects/ouroboros-agent-harness/src/__tests__/senses/cli-logging.test.ts:49:95\n    at processTicksAndRejections (node:internal/process/task_queues:105:5)\n    at file:///Users/arimendelow/Projects/ouroboros-agent-harness/node_modules/@vitest/runner/dist/index.js:915:20"],"meta":{}}],"startTime":1772679300567,"endTime":1772679300840.58,"status":"failed","message":"","name":"/Users/arimendelow/Projects/ouroboros-agent-harness/src/__tests__/senses/cli-logging.test.ts"}]}