{"numTotalTestSuites":22,"numPassedTestSuites":22,"numFailedTestSuites":0,"numPendingTestSuites":0,"numTotalTests":244,"numPassedTests":244,"numFailedTests":0,"numPendingTests":0,"numTodoTests":0,"snapshot":{"added":0,"failure":false,"filesAdded":0,"filesRemoved":0,"filesRemovedList":[],"filesUnmatched":0,"filesUpdated":0,"matched":0,"total":0,"unchecked":0,"uncheckedKeysByFile":[],"unmatched":0,"updated":0,"didUpdate":false},"startTime":1772679007274,"success":true,"testResults":[{"assertionResults":[{"ancestorTitles":["isTransientError"],"fullName":"isTransientError detects Node.js network error codes","status":"passed","title":"detects Node.js network error codes","duration":130.59024999999997,"failureMessages":[],"meta":{}},{"ancestorTitles":["isTransientError"],"fullName":"isTransientError detects fetch/network errors by message","status":"passed","title":"detects fetch/network errors by message","duration":0.27787499999999454,"failureMessages":[],"meta":{}},{"ancestorTitles":["isTransientError"],"fullName":"isTransientError detects HTTP status codes 429 and 5xx","status":"passed","title":"detects HTTP status codes 429 and 5xx","duration":0.17737499999998363,"failureMessages":[],"meta":{}},{"ancestorTitles":["isTransientError"],"fullName":"isTransientError returns false for non-transient errors","status":"passed","title":"returns false for non-transient errors","duration":0.3236660000000029,"failureMessages":[],"meta":{}},{"ancestorTitles":["isTransientError"],"fullName":"isTransientError returns false for context overflow messages (not transient)","status":"passed","title":"returns false for context overflow messages (not transient)","duration":0.23341600000003382,"failureMessages":[],"meta":{}},{"ancestorTitles":["ChannelCallbacks interface"],"fullName":"ChannelCallbacks interface accepts an object with all required callback signatures","status":"passed","title":"accepts an object with all required callback signatures","duration":0.22954200000003766,"failureMessages":[],"meta":{}},{"ancestorTitles":["RunAgentOptions trace propagation contract"],"fullName":"RunAgentOptions trace propagation contract supports a traceId field in RunAgentOptions","status":"passed","title":"supports a traceId field in RunAgentOptions","duration":0.0885420000000181,"failureMessages":[],"meta":{}},{"ancestorTitles":["runAgent"],"fullName":"runAgent fires onModelStart before API call","status":"passed","title":"fires onModelStart before API call","duration":5.528625000000034,"failureMessages":[],"meta":{}},{"ancestorTitles":["runAgent"],"fullName":"runAgent injects steering follow-ups as ordered user messages before model calls","status":"passed","title":"injects steering follow-ups as ordered user messages before model calls","duration":3.4663340000000744,"failureMessages":[],"meta":{}},{"ancestorTitles":["runAgent"],"fullName":"runAgent propagates traceId option into model request metadata","status":"passed","title":"propagates traceId option into model request metadata","duration":3.052917000000093,"failureMessages":[],"meta":{}},{"ancestorTitles":["runAgent"],"fullName":"runAgent emits engine lifecycle observability events for a successful turn","status":"passed","title":"emits engine lifecycle observability events for a successful turn","duration":5.691249999999968,"failureMessages":[],"meta":{}},{"ancestorTitles":["runAgent"],"fullName":"runAgent fires onModelStreamStart on first content token","status":"passed","title":"fires onModelStreamStart on first content token","duration":2.1273329999999078,"failureMessages":[],"meta":{}},{"ancestorTitles":["runAgent"],"fullName":"runAgent routes inline think tags to onReasoningChunk and answer to onTextChunk (single chunk)","status":"passed","title":"routes inline think tags to onReasoningChunk and answer to onTextChunk (single chunk)","duration":2.430833000000007,"failureMessages":[],"meta":{}},{"ancestorTitles":["runAgent"],"fullName":"runAgent routes inline think tags split across chunks","status":"passed","title":"routes inline think tags split across chunks","duration":1.7919170000000122,"failureMessages":[],"meta":{}},{"ancestorTitles":["runAgent"],"fullName":"runAgent content-only (no think tags) goes only to onTextChunk","status":"passed","title":"content-only (no think tags) goes only to onTextChunk","duration":2.365750000000048,"failureMessages":[],"meta":{}},{"ancestorTitles":["runAgent"],"fullName":"runAgent think-only content goes only to onReasoningChunk","status":"passed","title":"think-only content goes only to onReasoningChunk","duration":1.7786250000000337,"failureMessages":[],"meta":{}},{"ancestorTitles":["runAgent"],"fullName":"runAgent handles multiple think blocks in content","status":"passed","title":"handles multiple think blocks in content","duration":1.3219159999999874,"failureMessages":[],"meta":{}},{"ancestorTitles":["runAgent"],"fullName":"runAgent handles partial think tag at chunk boundary","status":"passed","title":"handles partial think tag at chunk boundary","duration":1.931291999999985,"failureMessages":[],"meta":{}},{"ancestorTitles":["runAgent"],"fullName":"runAgent handles think tags split across many chunks","status":"passed","title":"handles think tags split across many chunks","duration":1.7137920000000122,"failureMessages":[],"meta":{}},{"ancestorTitles":["runAgent"],"fullName":"runAgent handles partial close tag at chunk boundary inside think block","status":"passed","title":"handles partial close tag at chunk boundary inside think block","duration":1.823959000000059,"failureMessages":[],"meta":{}},{"ancestorTitles":["runAgent"],"fullName":"runAgent flushes remaining content buffer as text at end of stream","status":"passed","title":"flushes remaining content buffer as text at end of stream","duration":1.6572079999999687,"failureMessages":[],"meta":{}},{"ancestorTitles":["runAgent"],"fullName":"runAgent flushes remaining reasoning buffer at end of stream (unclosed think)","status":"passed","title":"flushes remaining reasoning buffer at end of stream (unclosed think)","duration":1.2822079999999687,"failureMessages":[],"meta":{}},{"ancestorTitles":["runAgent"],"fullName":"runAgent retains partial close tag prefix in reasoning buffer across chunks","status":"passed","title":"retains partial close tag prefix in reasoning buffer across chunks","duration":2.0396670000000086,"failureMessages":[],"meta":{}},{"ancestorTitles":["runAgent"],"fullName":"runAgent flushes partial close tag prefix as reasoning at end of stream","status":"passed","title":"flushes partial close tag prefix as reasoning at end of stream","duration":2.299957999999947,"failureMessages":[],"meta":{}},{"ancestorTitles":["runAgent"],"fullName":"runAgent handles empty reasoning before partial close tag prefix","status":"passed","title":"handles empty reasoning before partial close tag prefix","duration":1.6809170000000222,"failureMessages":[],"meta":{}},{"ancestorTitles":["runAgent"],"fullName":"runAgent handles empty content chunks in think tag processing","status":"passed","title":"handles empty content chunks in think tag processing","duration":1.5265000000000555,"failureMessages":[],"meta":{}},{"ancestorTitles":["runAgent"],"fullName":"runAgent ends loop when response has no tool calls","status":"passed","title":"ends loop when response has no tool calls","duration":1.3678750000000264,"failureMessages":[],"meta":{}},{"ancestorTitles":["runAgent"],"fullName":"runAgent fires onToolStart before tool execution and onToolEnd after","status":"passed","title":"fires onToolStart before tool execution and onToolEnd after","duration":3.4137920000000577,"failureMessages":[],"meta":{}},{"ancestorTitles":["runAgent"],"fullName":"runAgent loops back for another model call after tool execution","status":"passed","title":"loops back for another model call after tool execution","duration":1.7242499999999836,"failureMessages":[],"meta":{}},{"ancestorTitles":["runAgent"],"fullName":"runAgent fires onError on API errors with terminal severity and ends loop","status":"passed","title":"fires onError on API errors with terminal severity and ends loop","duration":1.845083000000045,"failureMessages":[],"meta":{}},{"ancestorTitles":["runAgent"],"fullName":"runAgent pushes assistant message with content onto messages array","status":"passed","title":"pushes assistant message with content onto messages array","duration":1.3585420000000568,"failureMessages":[],"meta":{}},{"ancestorTitles":["runAgent"],"fullName":"runAgent pushes assistant message with tool_calls and tool result messages","status":"passed","title":"pushes assistant message with tool_calls and tool result messages","duration":1.5420830000000478,"failureMessages":[],"meta":{}},{"ancestorTitles":["runAgent"],"fullName":"runAgent does NOT push user message (adapter responsibility)","status":"passed","title":"does NOT push user message (adapter responsibility)","duration":1.8791249999999309,"failureMessages":[],"meta":{}},{"ancestorTitles":["runAgent"],"fullName":"runAgent handles tool call with arguments split across chunks","status":"passed","title":"handles tool call with arguments split across chunks","duration":1.7047079999999823,"failureMessages":[],"meta":{}},{"ancestorTitles":["runAgent"],"fullName":"runAgent handles multiple tool calls in a single response","status":"passed","title":"handles multiple tool calls in a single response","duration":1.7439170000000104,"failureMessages":[],"meta":{}},{"ancestorTitles":["runAgent"],"fullName":"runAgent fires onToolEnd with success=false when tool throws","status":"passed","title":"fires onToolEnd with success=false when tool throws","duration":1.4273749999999836,"failureMessages":[],"meta":{}},{"ancestorTitles":["runAgent"],"fullName":"runAgent skips chunks with no delta","status":"passed","title":"skips chunks with no delta","duration":1.5542500000000246,"failureMessages":[],"meta":{}},{"ancestorTitles":["runAgent"],"fullName":"runAgent handles invalid JSON in tool call arguments gracefully","status":"passed","title":"handles invalid JSON in tool call arguments gracefully","duration":2.1856250000000728,"failureMessages":[],"meta":{}},{"ancestorTitles":["runAgent"],"fullName":"runAgent wraps non-Error thrown values in Error in onError callback","status":"passed","title":"wraps non-Error thrown values in Error in onError callback","duration":1.5930410000000848,"failureMessages":[],"meta":{}},{"ancestorTitles":["runAgent"],"fullName":"runAgent pushes assistant message without content when only tool calls are returned","status":"passed","title":"pushes assistant message without content when only tool calls are returned","duration":1.990458999999987,"failureMessages":[],"meta":{}},{"ancestorTitles":["runAgent"],"fullName":"runAgent handles tool call chunks with missing id and function name","status":"passed","title":"handles tool call chunks with missing id and function name","duration":1.8312920000000759,"failureMessages":[],"meta":{}},{"ancestorTitles":["runAgent"],"fullName":"runAgent handles tool call chunk with no function arguments","status":"passed","title":"handles tool call chunk with no function arguments","duration":14.628292000000101,"failureMessages":[],"meta":{}},{"ancestorTitles":["runAgent"],"fullName":"runAgent uses minimax model from config when set","status":"passed","title":"uses minimax model from config when set","duration":2.781166999999982,"failureMessages":[],"meta":{}},{"ancestorTitles":["runAgent"],"fullName":"runAgent calls onReasoningChunk for reasoning_content","status":"passed","title":"calls onReasoningChunk for reasoning_content","duration":1.954915999999912,"failureMessages":[],"meta":{}},{"ancestorTitles":["runAgent"],"fullName":"runAgent calls onReasoningChunk for reasoning-only stream (kicks then gets real response)","status":"passed","title":"calls onReasoningChunk for reasoning-only stream (kicks then gets real response)","duration":1.3732499999999845,"failureMessages":[],"meta":{}},{"ancestorTitles":["runAgent"],"fullName":"runAgent stops immediately when signal is pre-aborted","status":"passed","title":"stops immediately when signal is pre-aborted","duration":1.1912500000000819,"failureMessages":[],"meta":{}},{"ancestorTitles":["runAgent"],"fullName":"runAgent stops streaming when signal is aborted mid-stream","status":"passed","title":"stops streaming when signal is aborted mid-stream","duration":1.1467910000000074,"failureMessages":[],"meta":{}},{"ancestorTitles":["runAgent"],"fullName":"runAgent breaks out of loop cleanly when signal aborted during catch","status":"passed","title":"breaks out of loop cleanly when signal aborted during catch","duration":1.1462920000000167,"failureMessages":[],"meta":{}},{"ancestorTitles":["runAgent"],"fullName":"runAgent skips remaining tools when signal is aborted mid-tool-execution","status":"passed","title":"skips remaining tools when signal is aborted mid-tool-execution","duration":1.6525830000000497,"failureMessages":[],"meta":{}},{"ancestorTitles":["runAgent"],"fullName":"runAgent fires onModelStreamStart on first reasoning_content token","status":"passed","title":"fires onModelStreamStart on first reasoning_content token","duration":2.4595829999999523,"failureMessages":[],"meta":{}},{"ancestorTitles":["runAgent"],"fullName":"runAgent calls onReasoningChunk for each reasoning chunk","status":"passed","title":"calls onReasoningChunk for each reasoning chunk","duration":1.4904999999999973,"failureMessages":[],"meta":{}},{"ancestorTitles":["runAgent"],"fullName":"runAgent handles multiple reasoning_content chunks before content","status":"passed","title":"handles multiple reasoning_content chunks before content","duration":2.1812499999999773,"failureMessages":[],"meta":{}},{"ancestorTitles":["runAgent"],"fullName":"runAgent Azure provider calls mockResponsesCreate with Responses API params","status":"passed","title":"Azure provider calls mockResponsesCreate with Responses API params","duration":4.181958000000009,"failureMessages":[],"meta":{}},{"ancestorTitles":["runAgent"],"fullName":"runAgent Azure text-only response: assistant message pushed in CC format, loop ends","status":"passed","title":"Azure text-only response: assistant message pushed in CC format, loop ends","duration":3.1283750000000055,"failureMessages":[],"meta":{}},{"ancestorTitles":["runAgent"],"fullName":"runAgent Azure: propagates traceId option into responses metadata","status":"passed","title":"Azure: propagates traceId option into responses metadata","duration":2.9612500000000637,"failureMessages":[],"meta":{}},{"ancestorTitles":["runAgent"],"fullName":"runAgent Azure tool-use turn: tool executed, result pushed, loop continues","status":"passed","title":"Azure tool-use turn: tool executed, result pushed, loop continues","duration":3.1291669999999385,"failureMessages":[],"meta":{}},{"ancestorTitles":["runAgent"],"fullName":"runAgent Azure native input: output items + function_call_output in correct order","status":"passed","title":"Azure native input: output items + function_call_output in correct order","duration":3.635084000000006,"failureMessages":[],"meta":{}},{"ancestorTitles":["runAgent"],"fullName":"runAgent Azure native input: same array reference reused across iterations","status":"passed","title":"Azure native input: same array reference reused across iterations","duration":2.4893749999999955,"failureMessages":[],"meta":{}},{"ancestorTitles":["runAgent"],"fullName":"runAgent does not pass reasoning params for MiniMax provider","status":"passed","title":"does not pass reasoning params for MiniMax provider","duration":1.6634169999999813,"failureMessages":[],"meta":{}},{"ancestorTitles":["runAgent"],"fullName":"runAgent MiniMax path calls mockCreate, not mockResponsesCreate","status":"passed","title":"MiniMax path calls mockCreate, not mockResponsesCreate","duration":1.6391670000000431,"failureMessages":[],"meta":{}},{"ancestorTitles":["runAgent"],"fullName":"runAgent Azure: stores reasoning items as _reasoning_items on assistant message","status":"passed","title":"Azure: stores reasoning items as _reasoning_items on assistant message","duration":2.329042000000072,"failureMessages":[],"meta":{}},{"ancestorTitles":["runAgent"],"fullName":"runAgent Azure: does not set _reasoning_items when outputItems has no reasoning items","status":"passed","title":"Azure: does not set _reasoning_items when outputItems has no reasoning items","duration":2.249416999999994,"failureMessages":[],"meta":{}},{"ancestorTitles":["runAgent"],"fullName":"runAgent Azure: stores only reasoning items when outputItems has mixed types","status":"passed","title":"Azure: stores only reasoning items when outputItems has mixed types","duration":4.238917000000015,"failureMessages":[],"meta":{}},{"ancestorTitles":["runAgent"],"fullName":"runAgent Azure: azureInput.push still happens for each outputItem (existing behavior preserved)","status":"passed","title":"Azure: azureInput.push still happens for each outputItem (existing behavior preserved)","duration":2.2379580000000487,"failureMessages":[],"meta":{}},{"ancestorTitles":["runAgent"],"fullName":"runAgent MiniMax: does not set _reasoning_items (outputItems always empty)","status":"passed","title":"MiniMax: does not set _reasoning_items (outputItems always empty)","duration":1.5861249999999245,"failureMessages":[],"meta":{}},{"ancestorTitles":["runAgent"],"fullName":"runAgent returns usage from single API call (no tool calls)","status":"passed","title":"returns usage from single API call (no tool calls)","duration":1.8915839999999662,"failureMessages":[],"meta":{}},{"ancestorTitles":["runAgent"],"fullName":"runAgent returns usage from last API call when multiple tool rounds","status":"passed","title":"returns usage from last API call when multiple tool rounds","duration":1.575207999999975,"failureMessages":[],"meta":{}},{"ancestorTitles":["runAgent"],"fullName":"runAgent returns undefined usage when no usage data available","status":"passed","title":"returns undefined usage when no usage data available","duration":1.34375,"failureMessages":[],"meta":{}},{"ancestorTitles":["runAgent"],"fullName":"runAgent returns undefined usage on error","status":"passed","title":"returns undefined usage on error","duration":1.2898749999999382,"failureMessages":[],"meta":{}},{"ancestorTitles":["runAgent"],"fullName":"runAgent recovers from Azure context_length_exceeded error by trimming and retrying","status":"passed","title":"recovers from Azure context_length_exceeded error by trimming and retrying","duration":1.5335000000000036,"failureMessages":[],"meta":{}},{"ancestorTitles":["runAgent"],"fullName":"runAgent recovers from Azure overflow via error message (no .code)","status":"passed","title":"recovers from Azure overflow via error message (no .code)","duration":2.638208000000077,"failureMessages":[],"meta":{}},{"ancestorTitles":["runAgent"],"fullName":"runAgent recovers from MiniMax context window exceeds limit error","status":"passed","title":"recovers from MiniMax context window exceeds limit error","duration":1.678792000000044,"failureMessages":[],"meta":{}},{"ancestorTitles":["runAgent"],"fullName":"runAgent surfaces error via onError when retry also fails with overflow","status":"passed","title":"surfaces error via onError when retry also fails with overflow","duration":1.4784590000000435,"failureMessages":[],"meta":{}},{"ancestorTitles":["runAgent"],"fullName":"runAgent does not catch non-overflow errors with overflow recovery","status":"passed","title":"does not catch non-overflow errors with overflow recovery","duration":1.4046660000000202,"failureMessages":[],"meta":{}},{"ancestorTitles":["runAgent"],"fullName":"runAgent strips tool calls before trimming on mid-turn overflow","status":"passed","title":"strips tool calls before trimming on mid-turn overflow","duration":1.8617920000000368,"failureMessages":[],"meta":{}},{"ancestorTitles":["runAgent"],"fullName":"runAgent handles overflow error with empty message property","status":"passed","title":"handles overflow error with empty message property","duration":1.3042500000000246,"failureMessages":[],"meta":{}},{"ancestorTitles":["runAgent"],"fullName":"runAgent overflow on cold start with only system message still retries","status":"passed","title":"overflow on cold start with only system message still retries","duration":1.3668340000000399,"failureMessages":[],"meta":{}},{"ancestorTitles":["runAgent"],"fullName":"runAgent retries on transient network errors with backoff and transient severity","status":"passed","title":"retries on transient network errors with backoff and transient severity","duration":2.675624999999968,"failureMessages":[],"meta":{}},{"ancestorTitles":["runAgent"],"fullName":"runAgent gives up after MAX_RETRIES transient failures with terminal final error","status":"passed","title":"gives up after MAX_RETRIES transient failures with terminal final error","duration":2.1870420000000195,"failureMessages":[],"meta":{}},{"ancestorTitles":["runAgent"],"fullName":"runAgent aborts retry wait on signal abort","status":"passed","title":"aborts retry wait on signal abort","duration":2.57483400000001,"failureMessages":[],"meta":{}},{"ancestorTitles":["runAgent"],"fullName":"runAgent skips retry wait immediately when signal is already aborted","status":"passed","title":"skips retry wait immediately when signal is already aborted","duration":1.4464159999999993,"failureMessages":[],"meta":{}},{"ancestorTitles":["runAgent"],"fullName":"runAgent resets retry count after successful call","status":"passed","title":"resets retry count after successful call","duration":2.0972920000000386,"failureMessages":[],"meta":{}},{"ancestorTitles":["runAgent"],"fullName":"runAgent detects HTTP 429 and 5xx as transient errors","status":"passed","title":"detects HTTP 429 and 5xx as transient errors","duration":1.7369160000000647,"failureMessages":[],"meta":{}},{"ancestorTitles":["runAgent"],"fullName":"runAgent refreshes system prompt at start of runAgent when channel is passed","status":"passed","title":"refreshes system prompt at start of runAgent when channel is passed","duration":1.8610840000000053,"failureMessages":[],"meta":{}},{"ancestorTitles":["runAgent"],"fullName":"runAgent refreshes system prompt for teams channel","status":"passed","title":"refreshes system prompt for teams channel","duration":1.32650000000001,"failureMessages":[],"meta":{}},{"ancestorTitles":["runAgent"],"fullName":"runAgent preserves non-system history when refreshing system prompt","status":"passed","title":"preserves non-system history when refreshing system prompt","duration":1.4969579999999496,"failureMessages":[],"meta":{}},{"ancestorTitles":["runAgent"],"fullName":"runAgent falls back to existing system prompt when prompt refresh fails","status":"passed","title":"falls back to existing system prompt when prompt refresh fails","duration":2.9902499999999463,"failureMessages":[],"meta":{}},{"ancestorTitles":["runAgent"],"fullName":"runAgent injects default fallback prompt when refresh throws a non-Error and no system prompt exists","status":"passed","title":"injects default fallback prompt when refresh throws a non-Error and no system prompt exists","duration":3.9647920000001022,"failureMessages":[],"meta":{}},{"ancestorTitles":["runAgent"],"fullName":"runAgent still works without channel parameter (backward compatible)","status":"passed","title":"still works without channel parameter (backward compatible)","duration":1.9947499999999536,"failureMessages":[],"meta":{}},{"ancestorTitles":["getClient"],"fullName":"getClient exits when no env vars are set","status":"passed","title":"exits when no env vars are set","duration":1.4175410000000284,"failureMessages":[],"meta":{}},{"ancestorTitles":["getClient"],"fullName":"getClient uses MiniMax when minimax config is set","status":"passed","title":"uses MiniMax when minimax config is set","duration":1.0412079999999833,"failureMessages":[],"meta":{}},{"ancestorTitles":["getClient"],"fullName":"getClient prefers Azure when all Azure config is set","status":"passed","title":"prefers Azure when all Azure config is set","duration":1.1846249999999827,"failureMessages":[],"meta":{}},{"ancestorTitles":["getClient"],"fullName":"getClient fails fast when selected Azure provider config is incomplete","status":"passed","title":"fails fast when selected Azure provider config is incomplete","duration":1.5427500000000691,"failureMessages":[],"meta":{}},{"ancestorTitles":["getClient"],"fullName":"getClient caches client across multiple runAgent invocations","status":"passed","title":"caches client across multiple runAgent invocations","duration":1.47462500000006,"failureMessages":[],"meta":{}},{"ancestorTitles":["getClient"],"fullName":"getClient omits model param in createParams when model is empty","status":"passed","title":"omits model param in createParams when model is empty","duration":1.2351660000000493,"failureMessages":[],"meta":{}},{"ancestorTitles":["getClient config integration"],"fullName":"getClient config integration uses azure config from config.json when apiKey is present","status":"passed","title":"uses azure config from config.json when apiKey is present","duration":0.8913329999999178,"failureMessages":[],"meta":{}},{"ancestorTitles":["getClient config integration"],"fullName":"getClient config integration uses minimax config from config.json when apiKey is present","status":"passed","title":"uses minimax config from config.json when apiKey is present","duration":0.8677090000001044,"failureMessages":[],"meta":{}},{"ancestorTitles":["getClient config integration"],"fullName":"getClient config integration prefers azure when both providers are configured in config.json","status":"passed","title":"prefers azure when both providers are configured in config.json","duration":0.9581660000000056,"failureMessages":[],"meta":{}},{"ancestorTitles":["getClient config integration"],"fullName":"getClient config integration uses agent.json provider with secrets.json settings","status":"passed","title":"uses agent.json provider with secrets.json settings","duration":1.846166999999923,"failureMessages":[],"meta":{}},{"ancestorTitles":["getClient config integration"],"fullName":"getClient config integration stripLastToolCalls pops trailing tool messages","status":"passed","title":"stripLastToolCalls pops trailing tool messages","duration":1.0560410000000502,"failureMessages":[],"meta":{}},{"ancestorTitles":["getClient config integration"],"fullName":"getClient config integration stripLastToolCalls removes empty assistant after stripping tool_calls","status":"passed","title":"stripLastToolCalls removes empty assistant after stripping tool_calls","duration":0.8305830000000469,"failureMessages":[],"meta":{}},{"ancestorTitles":["getClient config integration"],"fullName":"getClient config integration stripLastToolCalls is a no-op when no trailing tools","status":"passed","title":"stripLastToolCalls is a no-op when no trailing tools","duration":0.8201669999999694,"failureMessages":[],"meta":{}},{"ancestorTitles":["getClient config integration"],"fullName":"getClient config integration fires onError when tool loop limit is reached","status":"passed","title":"fires onError when tool loop limit is reached","duration":2.114500000000021,"failureMessages":[],"meta":{}},{"ancestorTitles":["getClient config integration"],"fullName":"getClient config integration exits when neither provider configured in config","status":"passed","title":"exits when neither provider configured in config","duration":1.4104160000000547,"failureMessages":[],"meta":{}},{"ancestorTitles":["provider abstraction contract"],"fullName":"provider abstraction contract exports createProviderRegistry for provider abstraction wiring","status":"passed","title":"exports createProviderRegistry for provider abstraction wiring","duration":0.11525000000006003,"failureMessages":[],"meta":{}},{"ancestorTitles":["provider abstraction contract"],"fullName":"provider abstraction contract runAgent request path avoids hardcoded provider-name branches","status":"passed","title":"runAgent request path avoids hardcoded provider-name branches","duration":0.08437500000002274,"failureMessages":[],"meta":{}},{"ancestorTitles":["provider abstraction contract"],"fullName":"provider abstraction contract delegates provider runtime construction to dedicated provider modules","status":"passed","title":"delegates provider runtime construction to dedicated provider modules","duration":0.8437920000000076,"failureMessages":[],"meta":{}},{"ancestorTitles":["provider abstraction contract"],"fullName":"provider abstraction contract registry provider runtimes expose provider-owned turn execution hooks","status":"passed","title":"registry provider runtimes expose provider-owned turn execution hooks","duration":1.1083339999998998,"failureMessages":[],"meta":{}},{"ancestorTitles":["provider abstraction contract"],"fullName":"provider abstraction contract azure provider runtime safely ignores tool output before turn state initialization","status":"passed","title":"azure provider runtime safely ignores tool output before turn state initialization","duration":1.0340419999999995,"failureMessages":[],"meta":{}},{"ancestorTitles":["anthropic setup-token provider contract"],"fullName":"anthropic setup-token provider contract uses Anthropic when setup-token credentials are configured in secrets.json","status":"passed","title":"uses Anthropic when setup-token credentials are configured in secrets.json","duration":1.4133749999999736,"failureMessages":[],"meta":{}},{"ancestorTitles":["anthropic setup-token provider contract"],"fullName":"anthropic setup-token provider contract fails fast with setup-token prefix guidance when non-setup Anthropic token is found","status":"passed","title":"fails fast with setup-token prefix guidance when non-setup Anthropic token is found","duration":1.34375,"failureMessages":[],"meta":{}},{"ancestorTitles":["anthropic setup-token provider contract"],"fullName":"anthropic setup-token provider contract fails fast with setup-token length guidance when token is too short","status":"passed","title":"fails fast with setup-token length guidance when token is too short","duration":1.970625000000041,"failureMessages":[],"meta":{}},{"ancestorTitles":["anthropic setup-token provider contract"],"fullName":"anthropic setup-token provider contract fails fast with re-auth guidance when setup-token is blank after trimming","status":"passed","title":"fails fast with re-auth guidance when setup-token is blank after trimming","duration":1.6570420000000468,"failureMessages":[],"meta":{}},{"ancestorTitles":["anthropic setup-token provider contract"],"fullName":"anthropic setup-token provider contract fails fast when Anthropic model is configured but setupToken is missing from secrets config","status":"passed","title":"fails fast when Anthropic model is configured but setupToken is missing from secrets config","duration":1.4247080000000096,"failureMessages":[],"meta":{}},{"ancestorTitles":["anthropic setup-token provider contract"],"fullName":"anthropic setup-token provider contract maps canonical messages to Anthropic payload and streams tool/text/thinking/usage events","status":"passed","title":"maps canonical messages to Anthropic payload and streams tool/text/thinking/usage events","duration":1.9502499999999827,"failureMessages":[],"meta":{}},{"ancestorTitles":["anthropic setup-token provider contract"],"fullName":"anthropic setup-token provider contract returns early when Anthropic stream signal is aborted","status":"passed","title":"returns early when Anthropic stream signal is aborted","duration":1.8444170000000213,"failureMessages":[],"meta":{}},{"ancestorTitles":["anthropic setup-token provider contract"],"fullName":"anthropic setup-token provider contract wraps Anthropic auth failures from create() with setup-token guidance","status":"passed","title":"wraps Anthropic auth failures from create() with setup-token guidance","duration":1.3651669999999285,"failureMessages":[],"meta":{}},{"ancestorTitles":["anthropic setup-token provider contract"],"fullName":"anthropic setup-token provider contract wraps Anthropic auth failures from streaming events with setup-token guidance","status":"passed","title":"wraps Anthropic auth failures from streaming events with setup-token guidance","duration":1.075458000000026,"failureMessages":[],"meta":{}},{"ancestorTitles":["anthropic setup-token provider contract"],"fullName":"anthropic setup-token provider contract preserves non-auth Anthropic errors without rewriting guidance","status":"passed","title":"preserves non-auth Anthropic errors without rewriting guidance","duration":1.5397080000000187,"failureMessages":[],"meta":{}},{"ancestorTitles":["anthropic setup-token provider contract"],"fullName":"anthropic setup-token provider contract fails fast when setup-token contains only whitespace characters","status":"passed","title":"fails fast when setup-token contains only whitespace characters","duration":1.0470420000000331,"failureMessages":[],"meta":{}},{"ancestorTitles":["anthropic setup-token provider contract"],"fullName":"anthropic setup-token provider contract handles nullish Anthropic stream fields and unknown events safely","status":"passed","title":"handles nullish Anthropic stream fields and unknown events safely","duration":1.1221249999999827,"failureMessages":[],"meta":{}},{"ancestorTitles":["anthropic setup-token provider contract"],"fullName":"anthropic setup-token provider contract converts non-Error thrown values into terminal errors","status":"passed","title":"converts non-Error thrown values into terminal errors","duration":0.968166999999994,"failureMessages":[],"meta":{}},{"ancestorTitles":["anthropic setup-token provider contract"],"fullName":"anthropic setup-token provider contract logs non-Error provider-resolution failures before exiting","status":"passed","title":"logs non-Error provider-resolution failures before exiting","duration":2.416917000000012,"failureMessages":[],"meta":{}},{"ancestorTitles":["hasToolIntent"],"fullName":"hasToolIntent returns true for each intent phrase","status":"passed","title":"returns true for each intent phrase","duration":0.7956669999999804,"failureMessages":[],"meta":{}},{"ancestorTitles":["hasToolIntent"],"fullName":"hasToolIntent returns false for text without intent phrases","status":"passed","title":"returns false for text without intent phrases","duration":0.1193749999999909,"failureMessages":[],"meta":{}},{"ancestorTitles":["hasToolIntent"],"fullName":"hasToolIntent is case-insensitive","status":"passed","title":"is case-insensitive","duration":0.0811670000000504,"failureMessages":[],"meta":{}},{"ancestorTitles":["kick mechanism"],"fullName":"kick mechanism fires onKick when model narrates intent without tool calls, then retries","status":"passed","title":"fires onKick when model narrates intent without tool calls, then retries","duration":1.6607500000000073,"failureMessages":[],"meta":{}},{"ancestorTitles":["kick mechanism"],"fullName":"kick mechanism kicks fire unconditionally -- no maxKicks cap, bounded by MAX_TOOL_ROUNDS","status":"passed","title":"kicks fire unconditionally -- no maxKicks cap, bounded by MAX_TOOL_ROUNDS","duration":1.704417000000035,"failureMessages":[],"meta":{}},{"ancestorTitles":["kick mechanism"],"fullName":"kick mechanism kick increments toolRounds and respects MAX_TOOL_ROUNDS","status":"passed","title":"kick increments toolRounds and respects MAX_TOOL_ROUNDS","duration":1.8290000000000646,"failureMessages":[],"meta":{}},{"ancestorTitles":["kick mechanism"],"fullName":"kick mechanism pushes self-correction message before retry","status":"passed","title":"pushes self-correction message before retry","duration":1.6183340000000044,"failureMessages":[],"meta":{}},{"ancestorTitles":["kick mechanism"],"fullName":"kick mechanism onKick callback receives no arguments","status":"passed","title":"onKick callback receives no arguments","duration":1.441583000000037,"failureMessages":[],"meta":{}},{"ancestorTitles":["kick mechanism"],"fullName":"kick mechanism onKick callback is optional (no crash if not provided)","status":"passed","title":"onKick callback is optional (no crash if not provided)","duration":1.402708999999959,"failureMessages":[],"meta":{}},{"ancestorTitles":["kick mechanism"],"fullName":"kick mechanism malformed assistant message is NOT in history after kick","status":"passed","title":"malformed assistant message is NOT in history after kick","duration":1.5129170000000158,"failureMessages":[],"meta":{}},{"ancestorTitles":["kick mechanism"],"fullName":"kick mechanism Azure: kick cleans up azureInput output items and forces rebuild on retry","status":"passed","title":"Azure: kick cleans up azureInput output items and forces rebuild on retry","duration":3.0317079999999805,"failureMessages":[],"meta":{}},{"ancestorTitles":["tool_choice required and final_answer"],"fullName":"tool_choice required and final_answer passes tool_choice: required in MiniMax createParams when toolChoiceRequired is true","status":"passed","title":"passes tool_choice: required in MiniMax createParams when toolChoiceRequired is true","duration":1.3511670000000322,"failureMessages":[],"meta":{}},{"ancestorTitles":["tool_choice required and final_answer"],"fullName":"tool_choice required and final_answer passes tool_choice: required in Azure createParams when toolChoiceRequired is true","status":"passed","title":"passes tool_choice: required in Azure createParams when toolChoiceRequired is true","duration":2.256834000000026,"failureMessages":[],"meta":{}},{"ancestorTitles":["tool_choice required and final_answer"],"fullName":"tool_choice required and final_answer includes final_answer tool in tools list when toolChoiceRequired is true","status":"passed","title":"includes final_answer tool in tools list when toolChoiceRequired is true","duration":1.2926669999999376,"failureMessages":[],"meta":{}},{"ancestorTitles":["tool_choice required and final_answer"],"fullName":"tool_choice required and final_answer does NOT include final_answer tool when toolChoiceRequired is false/undefined","status":"passed","title":"does NOT include final_answer tool when toolChoiceRequired is false/undefined","duration":1.541291000000001,"failureMessages":[],"meta":{}},{"ancestorTitles":["tool_choice required and final_answer"],"fullName":"tool_choice required and final_answer does NOT pass tool_choice when toolChoiceRequired is not set","status":"passed","title":"does NOT pass tool_choice when toolChoiceRequired is not set","duration":1.2241669999999658,"failureMessages":[],"meta":{}},{"ancestorTitles":["tool_choice required and final_answer"],"fullName":"tool_choice required and final_answer final_answer sole call: extracts answer text and terminates loop","status":"passed","title":"final_answer sole call: extracts answer text and terminates loop","duration":1.4842499999999745,"failureMessages":[],"meta":{}},{"ancestorTitles":["tool_choice required and final_answer"],"fullName":"tool_choice required and final_answer final_answer mixed with other tool calls: other tools execute, final_answer rejected, loop continues","status":"passed","title":"final_answer mixed with other tool calls: other tools execute, final_answer rejected, loop continues","duration":1.6987500000000182,"failureMessages":[],"meta":{}},{"ancestorTitles":["tool_choice required and final_answer"],"fullName":"tool_choice required and final_answer final_answer with empty answer arg: uses empty string","status":"passed","title":"final_answer with empty answer arg: uses empty string","duration":3.067707999999925,"failureMessages":[],"meta":{}},{"ancestorTitles":["tool_choice required and final_answer"],"fullName":"tool_choice required and final_answer final_answer is never passed to execTool (intercepted before execution)","status":"passed","title":"final_answer is never passed to execTool (intercepted before execution)","duration":1.650624999999991,"failureMessages":[],"meta":{}},{"ancestorTitles":["tool_choice required and final_answer"],"fullName":"tool_choice required and final_answer Azure: mixed final_answer rejection pushes to azureInput","status":"passed","title":"Azure: mixed final_answer rejection pushes to azureInput","duration":2.578125,"failureMessages":[],"meta":{}},{"ancestorTitles":["tool_choice required and final_answer"],"fullName":"tool_choice required and final_answer final_answer with invalid JSON arguments: falls back to result.content","status":"passed","title":"final_answer with invalid JSON arguments: falls back to result.content","duration":1.27637500000003,"failureMessages":[],"meta":{}},{"ancestorTitles":["tool_choice required and final_answer"],"fullName":"tool_choice required and final_answer final_answer with valid JSON but no answer field: falls back to result.content","status":"passed","title":"final_answer with valid JSON but no answer field: falls back to result.content","duration":1.2415409999999838,"failureMessages":[],"meta":{}},{"ancestorTitles":["tool_choice required and final_answer"],"fullName":"tool_choice required and final_answer final_answer with invalid JSON and no content: falls back to empty string","status":"passed","title":"final_answer with invalid JSON and no content: falls back to empty string","duration":1.5576659999999265,"failureMessages":[],"meta":{}},{"ancestorTitles":["tool_choice required and final_answer"],"fullName":"tool_choice required and final_answer final_answer with valid JSON, no answer field, and no content: falls back to empty string","status":"passed","title":"final_answer with valid JSON, no answer field, and no content: falls back to empty string","duration":1.1867090000000644,"failureMessages":[],"meta":{}},{"ancestorTitles":["integration: kick + tool_choice required combined"],"fullName":"integration: kick + tool_choice required combined kick fires when toolChoiceRequired is true and model narrates intent","status":"passed","title":"kick fires when toolChoiceRequired is true and model narrates intent","duration":1.415124999999989,"failureMessages":[],"meta":{}},{"ancestorTitles":["integration: kick + tool_choice required combined"],"fullName":"integration: kick + tool_choice required combined after kick, model returns final_answer -- terminates cleanly","status":"passed","title":"after kick, model returns final_answer -- terminates cleanly","duration":2.2340410000000475,"failureMessages":[],"meta":{}},{"ancestorTitles":["integration: kick + tool_choice required combined"],"fullName":"integration: kick + tool_choice required combined MAX_TOOL_ROUNDS budget accounts for kicks + tool rounds together","status":"passed","title":"MAX_TOOL_ROUNDS budget accounts for kicks + tool rounds together","duration":1.8510420000000067,"failureMessages":[],"meta":{}},{"ancestorTitles":["integration: kick + tool_choice required combined"],"fullName":"integration: kick + tool_choice required combined abort during kick attempt -- clean stop, no dangling messages","status":"passed","title":"abort during kick attempt -- clean stop, no dangling messages","duration":1.1911669999999503,"failureMessages":[],"meta":{}},{"ancestorTitles":["integration: kick + tool_choice required combined"],"fullName":"integration: kick + tool_choice required combined empty content with no tool_calls -- kicks (empty response is always wrong)","status":"passed","title":"empty content with no tool_calls -- kicks (empty response is always wrong)","duration":1.5966250000000173,"failureMessages":[],"meta":{}},{"ancestorTitles":["integration: kick + tool_choice required combined"],"fullName":"integration: kick + tool_choice required combined intent phrase only in model content triggers kick, not in tool results","status":"passed","title":"intent phrase only in model content triggers kick, not in tool results","duration":1.2342499999999745,"failureMessages":[],"meta":{}},{"ancestorTitles":["integration: kick + tool_choice required combined"],"fullName":"integration: kick + tool_choice required combined final_answer with very long text -- full text preserved","status":"passed","title":"final_answer with very long text -- full text preserved","duration":1.61912499999994,"failureMessages":[],"meta":{}},{"ancestorTitles":["integration: kick + tool_choice required combined"],"fullName":"integration: kick + tool_choice required combined toolChoiceRequired kicks even when content is empty (reasoning-only response)","status":"passed","title":"toolChoiceRequired kicks even when content is empty (reasoning-only response)","duration":1.56574999999998,"failureMessages":[],"meta":{}},{"ancestorTitles":["integration: kick + tool_choice required combined"],"fullName":"integration: kick + tool_choice required combined uses getToolsForChannel to select tools based on channel","status":"passed","title":"uses getToolsForChannel to select tools based on channel","duration":1.5588750000000573,"failureMessages":[],"meta":{}},{"ancestorTitles":["integration: kick + tool_choice required combined"],"fullName":"integration: kick + tool_choice required combined does not include graph/ado tools for cli channel","status":"passed","title":"does not include graph/ado tools for cli channel","duration":1.3553340000000844,"failureMessages":[],"meta":{}},{"ancestorTitles":["integration: kick + tool_choice required combined"],"fullName":"integration: kick + tool_choice required combined passes toolContext to execTool when calling graph/ado tools","status":"passed","title":"passes toolContext to execTool when calling graph/ado tools","duration":124.16045800000006,"failureMessages":[],"meta":{}},{"ancestorTitles":["final_answer injection after narration kick"],"fullName":"final_answer injection after narration kick after narration kick, final_answer is present in tools sent to API","status":"passed","title":"after narration kick, final_answer is present in tools sent to API","duration":3.2787499999999454,"failureMessages":[],"meta":{}},{"ancestorTitles":["final_answer injection after narration kick"],"fullName":"final_answer injection after narration kick after empty kick, final_answer is NOT in tools (narration-only injection)","status":"passed","title":"after empty kick, final_answer is NOT in tools (narration-only injection)","duration":1.8554579999999987,"failureMessages":[],"meta":{}},{"ancestorTitles":["final_answer injection after narration kick"],"fullName":"final_answer injection after narration kick model calls final_answer after narration kick -- terminates cleanly","status":"passed","title":"model calls final_answer after narration kick -- terminates cleanly","duration":1.9895420000000286,"failureMessages":[],"meta":{}},{"ancestorTitles":["final_answer injection after narration kick"],"fullName":"final_answer injection after narration kick activeTools computed per-iteration -- first call has no final_answer, after kick it does","status":"passed","title":"activeTools computed per-iteration -- first call has no final_answer, after kick it does","duration":2.1178330000000187,"failureMessages":[],"meta":{}},{"ancestorTitles":["final_answer injection after narration kick"],"fullName":"final_answer injection after narration kick toolChoiceRequired still includes final_answer even without prior kick","status":"passed","title":"toolChoiceRequired still includes final_answer even without prior kick","duration":1.5001249999999118,"failureMessages":[],"meta":{}},{"ancestorTitles":["confirmation system"],"fullName":"confirmation system confirmation tool + confirmed executes normally","status":"passed","title":"confirmation tool + confirmed executes normally","duration":95.67066699999998,"failureMessages":[],"meta":{}},{"ancestorTitles":["confirmation system"],"fullName":"confirmation system confirmation tool + denied returns cancelled message","status":"passed","title":"confirmation tool + denied returns cancelled message","duration":3.317083000000139,"failureMessages":[],"meta":{}},{"ancestorTitles":["confirmation system"],"fullName":"confirmation system confirmation tool + no callback returns cancelled (safe default)","status":"passed","title":"confirmation tool + no callback returns cancelled (safe default)","duration":1.6938749999999345,"failureMessages":[],"meta":{}},{"ancestorTitles":["confirmation system"],"fullName":"confirmation system non-confirmation tool executes normally without invoking callback","status":"passed","title":"non-confirmation tool executes normally without invoking callback","duration":2.419167000000016,"failureMessages":[],"meta":{}},{"ancestorTitles":["confirmation system"],"fullName":"confirmation system Azure: confirmation denied pushes cancelled to azureInput","status":"passed","title":"Azure: confirmation denied pushes cancelled to azureInput","duration":4.204707999999982,"failureMessages":[],"meta":{}},{"ancestorTitles":["confirmation system"],"fullName":"confirmation system skipConfirmation bypasses confirmation for mutate tools","status":"passed","title":"skipConfirmation bypasses confirmation for mutate tools","duration":17.84158400000001,"failureMessages":[],"meta":{}},{"ancestorTitles":["confirmation system"],"fullName":"confirmation system truncates tool output exceeding maxToolOutputChars","status":"passed","title":"truncates tool output exceeding maxToolOutputChars","duration":1.8320840000001226,"failureMessages":[],"meta":{}},{"ancestorTitles":["confirmation system"],"fullName":"confirmation system re-reads friend record from disk each turn when friendStore is present","status":"passed","title":"re-reads friend record from disk each turn when friendStore is present","duration":1.5617079999999532,"failureMessages":[],"meta":{}},{"ancestorTitles":["confirmation system"],"fullName":"confirmation system handles friendStore.get returning null gracefully","status":"passed","title":"handles friendStore.get returning null gracefully","duration":1.955791999999974,"failureMessages":[],"meta":{}},{"ancestorTitles":["confirmation system"],"fullName":"confirmation system passes toolPreferences to getToolsForChannel when friend has preferences","status":"passed","title":"passes toolPreferences to getToolsForChannel when friend has preferences","duration":1.8592079999998532,"failureMessages":[],"meta":{}},{"ancestorTitles":["confirmation system"],"fullName":"confirmation system rebuilds system prompt with fresh context when friendStore returns updated record","status":"passed","title":"rebuilds system prompt with fresh context when friendStore returns updated record","duration":1.663957999999866,"failureMessages":[],"meta":{}}],"startTime":1772679007685,"endTime":1772679008370.664,"status":"passed","message":"","name":"/Users/arimendelow/Projects/ouroboros-agent-harness/src/__tests__/heart/core.test.ts"},{"assertionResults":[{"ancestorTitles":["toResponsesTools"],"fullName":"toResponsesTools converts a single CC tool to Responses API FunctionTool format","status":"passed","title":"converts a single CC tool to Responses API FunctionTool format","duration":17.845709,"failureMessages":[],"meta":{}},{"ancestorTitles":["toResponsesTools"],"fullName":"toResponsesTools converts all tools in the exported tools array","status":"passed","title":"converts all tools in the exported tools array","duration":1.7819999999999823,"failureMessages":[],"meta":{}},{"ancestorTitles":["toResponsesTools"],"fullName":"toResponsesTools sets description to null when undefined","status":"passed","title":"sets description to null when undefined","duration":1.0100000000000193,"failureMessages":[],"meta":{}},{"ancestorTitles":["toResponsesTools"],"fullName":"toResponsesTools sets parameters to null when undefined","status":"passed","title":"sets parameters to null when undefined","duration":1.2615419999999915,"failureMessages":[],"meta":{}},{"ancestorTitles":["provider module boundary contract"],"fullName":"provider module boundary contract has dedicated provider runtime modules for azure/anthropic/minimax","status":"passed","title":"has dedicated provider runtime modules for azure/anthropic/minimax","duration":0.20050000000000523,"failureMessages":[],"meta":{}},{"ancestorTitles":["toResponsesInput"],"fullName":"toResponsesInput extracts system message content into instructions","status":"passed","title":"extracts system message content into instructions","duration":0.5362090000000137,"failureMessages":[],"meta":{}},{"ancestorTitles":["toResponsesInput"],"fullName":"toResponsesInput converts user message to input item","status":"passed","title":"converts user message to input item","duration":0.46741700000001174,"failureMessages":[],"meta":{}},{"ancestorTitles":["toResponsesInput"],"fullName":"toResponsesInput converts assistant message (text only) to input item","status":"passed","title":"converts assistant message (text only) to input item","duration":0.39954199999999673,"failureMessages":[],"meta":{}},{"ancestorTitles":["toResponsesInput"],"fullName":"toResponsesInput converts assistant with tool_calls to content + function_call items","status":"passed","title":"converts assistant with tool_calls to content + function_call items","duration":0.8972500000000139,"failureMessages":[],"meta":{}},{"ancestorTitles":["toResponsesInput"],"fullName":"toResponsesInput converts tool message to function_call_output item","status":"passed","title":"converts tool message to function_call_output item","duration":0.8335419999999942,"failureMessages":[],"meta":{}},{"ancestorTitles":["toResponsesInput"],"fullName":"toResponsesInput returns empty instructions when no system message","status":"passed","title":"returns empty instructions when no system message","duration":0.4290420000000097,"failureMessages":[],"meta":{}},{"ancestorTitles":["toResponsesInput"],"fullName":"toResponsesInput preserves order in mixed multi-turn conversation","status":"passed","title":"preserves order in mixed multi-turn conversation","duration":0.6084170000000029,"failureMessages":[],"meta":{}},{"ancestorTitles":["toResponsesInput"],"fullName":"toResponsesInput returns empty instructions and empty input for empty messages","status":"passed","title":"returns empty instructions and empty input for empty messages","duration":0.8739160000000084,"failureMessages":[],"meta":{}},{"ancestorTitles":["toResponsesInput"],"fullName":"toResponsesInput omits assistant content message when content is empty/falsy with tool_calls","status":"passed","title":"omits assistant content message when content is empty/falsy with tool_calls","duration":0.4903329999999926,"failureMessages":[],"meta":{}},{"ancestorTitles":["toResponsesInput"],"fullName":"toResponsesInput only extracts first system message as instructions","status":"passed","title":"only extracts first system message as instructions","duration":0.43312499999998977,"failureMessages":[],"meta":{}},{"ancestorTitles":["toResponsesInput"],"fullName":"toResponsesInput handles system message with empty content","status":"passed","title":"handles system message with empty content","duration":0.4404580000000067,"failureMessages":[],"meta":{}},{"ancestorTitles":["toResponsesInput"],"fullName":"toResponsesInput silently skips messages with unknown roles","status":"passed","title":"silently skips messages with unknown roles","duration":0.37795799999997826,"failureMessages":[],"meta":{}},{"ancestorTitles":["toResponsesInput"],"fullName":"toResponsesInput handles non-string content in system message","status":"passed","title":"handles non-string content in system message","duration":0.8255829999999946,"failureMessages":[],"meta":{}},{"ancestorTitles":["toResponsesInput"],"fullName":"toResponsesInput handles non-string content in user message","status":"passed","title":"handles non-string content in user message","duration":0.5590420000000051,"failureMessages":[],"meta":{}},{"ancestorTitles":["toResponsesInput"],"fullName":"toResponsesInput handles non-string content in assistant message","status":"passed","title":"handles non-string content in assistant message","duration":0.48637499999998113,"failureMessages":[],"meta":{}},{"ancestorTitles":["toResponsesInput"],"fullName":"toResponsesInput handles non-string content in tool message","status":"passed","title":"handles non-string content in tool message","duration":0.4577079999999967,"failureMessages":[],"meta":{}},{"ancestorTitles":["toResponsesInput"],"fullName":"toResponsesInput restores _reasoning_items before assistant content in input","status":"passed","title":"restores _reasoning_items before assistant content in input","duration":0.34112500000000523,"failureMessages":[],"meta":{}},{"ancestorTitles":["toResponsesInput"],"fullName":"toResponsesInput does not modify input when assistant has no _reasoning_items","status":"passed","title":"does not modify input when assistant has no _reasoning_items","duration":0.2981659999999806,"failureMessages":[],"meta":{}},{"ancestorTitles":["toResponsesInput"],"fullName":"toResponsesInput emits reasoning items as-is (not wrapped or modified)","status":"passed","title":"emits reasoning items as-is (not wrapped or modified)","duration":0.5869999999999891,"failureMessages":[],"meta":{}},{"ancestorTitles":["toResponsesInput"],"fullName":"toResponsesInput restores _reasoning_items for multiple assistant messages","status":"passed","title":"restores _reasoning_items for multiple assistant messages","duration":0.5153750000000059,"failureMessages":[],"meta":{}},{"ancestorTitles":["toResponsesInput"],"fullName":"toResponsesInput emits items in order: reasoning, then content, then function_calls","status":"passed","title":"emits items in order: reasoning, then content, then function_calls","duration":0.4302500000000009,"failureMessages":[],"meta":{}},{"ancestorTitles":["ChannelCallbacks interface"],"fullName":"ChannelCallbacks interface accepts an object with all required callback signatures","status":"passed","title":"accepts an object with all required callback signatures","duration":0.30487499999998136,"failureMessages":[],"meta":{}},{"ancestorTitles":["streamChatCompletion"],"fullName":"streamChatCompletion returns TurnResult with content for text-only response","status":"passed","title":"returns TurnResult with content for text-only response","duration":1.0833339999999794,"failureMessages":[],"meta":{}},{"ancestorTitles":["streamChatCompletion"],"fullName":"streamChatCompletion calls onModelStreamStart once on first content delta","status":"passed","title":"calls onModelStreamStart once on first content delta","duration":0.46433300000001054,"failureMessages":[],"meta":{}},{"ancestorTitles":["streamChatCompletion"],"fullName":"streamChatCompletion calls onTextChunk for each content delta","status":"passed","title":"calls onTextChunk for each content delta","duration":0.40304199999999923,"failureMessages":[],"meta":{}},{"ancestorTitles":["streamChatCompletion"],"fullName":"streamChatCompletion accumulates tool call deltas and returns them in toolCalls","status":"passed","title":"accumulates tool call deltas and returns them in toolCalls","duration":0.3958330000000103,"failureMessages":[],"meta":{}},{"ancestorTitles":["streamChatCompletion"],"fullName":"streamChatCompletion calls onReasoningChunk for reasoning_content delta","status":"passed","title":"calls onReasoningChunk for reasoning_content delta","duration":0.413250000000005,"failureMessages":[],"meta":{}},{"ancestorTitles":["streamChatCompletion"],"fullName":"streamChatCompletion routes think tags through processContentBuf correctly","status":"passed","title":"routes think tags through processContentBuf correctly","duration":0.3890829999999994,"failureMessages":[],"meta":{}},{"ancestorTitles":["streamChatCompletion"],"fullName":"streamChatCompletion handles mixed content + tool_calls in same response","status":"passed","title":"handles mixed content + tool_calls in same response","duration":0.42370800000000486,"failureMessages":[],"meta":{}},{"ancestorTitles":["streamChatCompletion"],"fullName":"streamChatCompletion always returns empty outputItems (CC path)","status":"passed","title":"always returns empty outputItems (CC path)","duration":0.3658750000000168,"failureMessages":[],"meta":{}},{"ancestorTitles":["streamChatCompletion"],"fullName":"streamChatCompletion respects abort signal during stream iteration","status":"passed","title":"respects abort signal during stream iteration","duration":0.6085829999999817,"failureMessages":[],"meta":{}},{"ancestorTitles":["streamChatCompletion"],"fullName":"streamChatCompletion propagates errors from client.chat.completions.create","status":"passed","title":"propagates errors from client.chat.completions.create","duration":0.9649589999999932,"failureMessages":[],"meta":{}},{"ancestorTitles":["streamChatCompletion"],"fullName":"streamChatCompletion adds stream_options: { include_usage: true } to create params","status":"passed","title":"adds stream_options: { include_usage: true } to create params","duration":0.6646669999999801,"failureMessages":[],"meta":{}},{"ancestorTitles":["streamChatCompletion"],"fullName":"streamChatCompletion captures usage from final chunk with chunk.usage","status":"passed","title":"captures usage from final chunk with chunk.usage","duration":0.5399159999999767,"failureMessages":[],"meta":{}},{"ancestorTitles":["streamChatCompletion"],"fullName":"streamChatCompletion maps MiniMax usage fields correctly","status":"passed","title":"maps MiniMax usage fields correctly","duration":0.545375000000007,"failureMessages":[],"meta":{}},{"ancestorTitles":["streamChatCompletion"],"fullName":"streamChatCompletion returns undefined usage when no usage chunk arrives","status":"passed","title":"returns undefined usage when no usage chunk arrives","duration":1.425959000000006,"failureMessages":[],"meta":{}},{"ancestorTitles":["streamChatCompletion"],"fullName":"streamChatCompletion defaults reasoning_tokens to 0 when completion_tokens_details is missing","status":"passed","title":"defaults reasoning_tokens to 0 when completion_tokens_details is missing","duration":0.5309579999999983,"failureMessages":[],"meta":{}},{"ancestorTitles":["streamResponsesApi"],"fullName":"streamResponsesApi calls client.responses.create with createParams and signal","status":"passed","title":"calls client.responses.create with createParams and signal","duration":1.4607920000000263,"failureMessages":[],"meta":{}},{"ancestorTitles":["streamResponsesApi"],"fullName":"streamResponsesApi calls client.responses.create without signal options when no signal","status":"passed","title":"calls client.responses.create without signal options when no signal","duration":0.4662919999999815,"failureMessages":[],"meta":{}},{"ancestorTitles":["streamResponsesApi"],"fullName":"streamResponsesApi fires onTextChunk and accumulates content on text delta events","status":"passed","title":"fires onTextChunk and accumulates content on text delta events","duration":0.43087500000001455,"failureMessages":[],"meta":{}},{"ancestorTitles":["streamResponsesApi"],"fullName":"streamResponsesApi fires onReasoningChunk on reasoning summary text delta events","status":"passed","title":"fires onReasoningChunk on reasoning summary text delta events","duration":0.48854199999999537,"failureMessages":[],"meta":{}},{"ancestorTitles":["streamResponsesApi"],"fullName":"streamResponsesApi fires onModelStreamStart once on first text or reasoning delta","status":"passed","title":"fires onModelStreamStart once on first text or reasoning delta","duration":0.8206670000000145,"failureMessages":[],"meta":{}},{"ancestorTitles":["streamResponsesApi"],"fullName":"streamResponsesApi fires onModelStreamStart on first reasoning delta when no text","status":"passed","title":"fires onModelStreamStart on first reasoning delta when no text","duration":0.46983299999999417,"failureMessages":[],"meta":{}},{"ancestorTitles":["streamResponsesApi"],"fullName":"streamResponsesApi returns TurnResult with accumulated content, empty toolCalls and outputItems for text-only","status":"passed","title":"returns TurnResult with accumulated content, empty toolCalls and outputItems for text-only","duration":0.49816699999999514,"failureMessages":[],"meta":{}},{"ancestorTitles":["streamResponsesApi"],"fullName":"streamResponsesApi silently ignores unknown event types","status":"passed","title":"silently ignores unknown event types","duration":0.4356660000000261,"failureMessages":[],"meta":{}},{"ancestorTitles":["streamResponsesApi"],"fullName":"streamResponsesApi fires callback even for empty delta string","status":"passed","title":"fires callback even for empty delta string","duration":0.4254169999999817,"failureMessages":[],"meta":{}},{"ancestorTitles":["streamResponsesApi"],"fullName":"streamResponsesApi casts non-string delta to String()","status":"passed","title":"casts non-string delta to String()","duration":0.36354199999999537,"failureMessages":[],"meta":{}},{"ancestorTitles":["streamResponsesApi"],"fullName":"streamResponsesApi respects abort signal during stream iteration","status":"passed","title":"respects abort signal during stream iteration","duration":0.609499999999997,"failureMessages":[],"meta":{}},{"ancestorTitles":["streamResponsesApi"],"fullName":"streamResponsesApi handles abort signal already aborted before iteration","status":"passed","title":"handles abort signal already aborted before iteration","duration":0.46212499999998613,"failureMessages":[],"meta":{}},{"ancestorTitles":["streamResponsesApi"],"fullName":"streamResponsesApi propagates errors from client.responses.create","status":"passed","title":"propagates errors from client.responses.create","duration":0.43816699999999287,"failureMessages":[],"meta":{}},{"ancestorTitles":["streamResponsesApi"],"fullName":"streamResponsesApi handles stream with only non-content events","status":"passed","title":"handles stream with only non-content events","duration":0.39170799999999417,"failureMessages":[],"meta":{}},{"ancestorTitles":["streamResponsesApi"],"fullName":"streamResponsesApi tracks function_call from output_item.added + arguments.delta + output_item.done","status":"passed","title":"tracks function_call from output_item.added + arguments.delta + output_item.done","duration":0.3904589999999928,"failureMessages":[],"meta":{}},{"ancestorTitles":["streamResponsesApi"],"fullName":"streamResponsesApi tracks multiple tool calls independently","status":"passed","title":"tracks multiple tool calls independently","duration":0.7004999999999768,"failureMessages":[],"meta":{}},{"ancestorTitles":["streamResponsesApi"],"fullName":"streamResponsesApi pushes all output_item.done items to outputItems regardless of type","status":"passed","title":"pushes all output_item.done items to outputItems regardless of type","duration":0.8918339999999887,"failureMessages":[],"meta":{}},{"ancestorTitles":["streamResponsesApi"],"fullName":"streamResponsesApi preserves encrypted_content in reasoning output items","status":"passed","title":"preserves encrypted_content in reasoning output items","duration":0.37791600000002745,"failureMessages":[],"meta":{}},{"ancestorTitles":["streamResponsesApi"],"fullName":"streamResponsesApi returns empty outputItems when no done events","status":"passed","title":"returns empty outputItems when no done events","duration":0.3210419999999772,"failureMessages":[],"meta":{}},{"ancestorTitles":["streamResponsesApi"],"fullName":"streamResponsesApi returns TurnResult with text + tool calls + output items","status":"passed","title":"returns TurnResult with text + tool calls + output items","duration":1.0063750000000198,"failureMessages":[],"meta":{}},{"ancestorTitles":["streamResponsesApi"],"fullName":"streamResponsesApi does not track output_item.added for non-function_call types","status":"passed","title":"does not track output_item.added for non-function_call types","duration":0.9452909999999974,"failureMessages":[],"meta":{}},{"ancestorTitles":["streamResponsesApi"],"fullName":"streamResponsesApi ignores function_call_arguments.delta when no active tool call","status":"passed","title":"ignores function_call_arguments.delta when no active tool call","duration":0.5392089999999996,"failureMessages":[],"meta":{}},{"ancestorTitles":["streamResponsesApi"],"fullName":"streamResponsesApi handles tool call with empty arguments string","status":"passed","title":"handles tool call with empty arguments string","duration":0.5887500000000045,"failureMessages":[],"meta":{}},{"ancestorTitles":["streamResponsesApi"],"fullName":"streamResponsesApi captures usage from response.completed event","status":"passed","title":"captures usage from response.completed event","duration":0.5409170000000074,"failureMessages":[],"meta":{}},{"ancestorTitles":["streamResponsesApi"],"fullName":"streamResponsesApi returns undefined usage when no response.completed event fires","status":"passed","title":"returns undefined usage when no response.completed event fires","duration":0.4454589999999996,"failureMessages":[],"meta":{}},{"ancestorTitles":["streamResponsesApi"],"fullName":"streamResponsesApi maps usage fields correctly from response.completed","status":"passed","title":"maps usage fields correctly from response.completed","duration":0.41516699999999673,"failureMessages":[],"meta":{}},{"ancestorTitles":["streamResponsesApi"],"fullName":"streamResponsesApi defaults reasoning_tokens to 0 when output_tokens_details is missing","status":"passed","title":"defaults reasoning_tokens to 0 when output_tokens_details is missing","duration":0.36883399999999256,"failureMessages":[],"meta":{}}],"startTime":1772679008534,"endTime":1772679008593.4153,"status":"passed","message":"","name":"/Users/arimendelow/Projects/ouroboros-agent-harness/src/__tests__/heart/streaming.test.ts"}]}