{"numTotalTestSuites":44,"numPassedTestSuites":44,"numFailedTestSuites":0,"numPendingTestSuites":0,"numTotalTests":311,"numPassedTests":311,"numFailedTests":0,"numPendingTests":0,"numTodoTests":0,"snapshot":{"added":0,"failure":false,"filesAdded":0,"filesRemoved":0,"filesRemovedList":[],"filesUnmatched":0,"filesUpdated":0,"matched":0,"total":0,"unchecked":0,"uncheckedKeysByFile":[],"unmatched":0,"updated":0,"didUpdate":false},"startTime":1772681540201,"success":true,"testResults":[{"assertionResults":[{"ancestorTitles":["loadConfig"],"fullName":"loadConfig reads config from path specified in agent.json configPath","status":"passed","title":"reads config from path specified in agent.json configPath","duration":5.253083000000004,"failureMessages":[],"meta":{}},{"ancestorTitles":["loadConfig"],"fullName":"loadConfig auto-creates config directory when loading","status":"passed","title":"auto-creates config directory when loading","duration":1.402084000000002,"failureMessages":[],"meta":{}},{"ancestorTitles":["loadConfig"],"fullName":"loadConfig throws when agent.json configPath does not use .agentsecrets/<agent>/secrets.json","status":"passed","title":"throws when agent.json configPath does not use .agentsecrets/<agent>/secrets.json","duration":0.9475419999999986,"failureMessages":[],"meta":{}},{"ancestorTitles":["loadConfig"],"fullName":"loadConfig returns defaults when file is missing (ENOENT)","status":"passed","title":"returns defaults when file is missing (ENOENT)","duration":1.8612500000000125,"failureMessages":[],"meta":{}},{"ancestorTitles":["loadConfig"],"fullName":"loadConfig returns defaults when file contains invalid JSON","status":"passed","title":"returns defaults when file contains invalid JSON","duration":0.5950829999999883,"failureMessages":[],"meta":{}},{"ancestorTitles":["loadConfig"],"fullName":"loadConfig returns defaults when config read throws a non-Error value","status":"passed","title":"returns defaults when config read throws a non-Error value","duration":0.5887079999999969,"failureMessages":[],"meta":{}},{"ancestorTitles":["loadConfig"],"fullName":"loadConfig merges partial config with defaults","status":"passed","title":"merges partial config with defaults","duration":0.5879999999999939,"failureMessages":[],"meta":{}},{"ancestorTitles":["loadConfig"],"fullName":"loadConfig does not use OUROBOROS_CONFIG_PATH env var","status":"passed","title":"does not use OUROBOROS_CONFIG_PATH env var","duration":0.5408749999999998,"failureMessages":[],"meta":{}},{"ancestorTitles":["loadConfig"],"fullName":"loadConfig resolves configPath with ~ to homedir","status":"passed","title":"resolves configPath with ~ to homedir","duration":0.682582999999994,"failureMessages":[],"meta":{}},{"ancestorTitles":["loadConfig"],"fullName":"loadConfig uses absolute configPath as-is","status":"passed","title":"uses absolute configPath as-is","duration":0.49458299999997735,"failureMessages":[],"meta":{}},{"ancestorTitles":["loadConfig"],"fullName":"loadConfig caches config after first load","status":"passed","title":"caches config after first load","duration":0.4780839999999955,"failureMessages":[],"meta":{}},{"ancestorTitles":["loadConfig"],"fullName":"loadConfig re-reads from disk after resetConfigCache()","status":"passed","title":"re-reads from disk after resetConfigCache()","duration":1.5669169999999895,"failureMessages":[],"meta":{}},{"ancestorTitles":["loadConfig"],"fullName":"loadConfig emits config.load observability event when loading config","status":"passed","title":"emits config.load observability event when loading config","duration":2.183917000000008,"failureMessages":[],"meta":{}},{"ancestorTitles":["getAzureConfig"],"fullName":"getAzureConfig returns azure config from config.json","status":"passed","title":"returns azure config from config.json","duration":0.29612500000001774,"failureMessages":[],"meta":{}},{"ancestorTitles":["getAzureConfig"],"fullName":"getAzureConfig uses default apiVersion when not specified","status":"passed","title":"uses default apiVersion when not specified","duration":0.1634999999999991,"failureMessages":[],"meta":{}},{"ancestorTitles":["getMinimaxConfig"],"fullName":"getMinimaxConfig returns minimax config from config.json","status":"passed","title":"returns minimax config from config.json","duration":0.19579099999998562,"failureMessages":[],"meta":{}},{"ancestorTitles":["getOpenAICodexConfig"],"fullName":"getOpenAICodexConfig exports openai-codex config getter and returns oauth config from secrets.json","status":"passed","title":"exports openai-codex config getter and returns oauth config from secrets.json","duration":0.26908299999999485,"failureMessages":[],"meta":{}},{"ancestorTitles":["getTeamsConfig"],"fullName":"getTeamsConfig returns teams config from config.json","status":"passed","title":"returns teams config from config.json","duration":0.26629199999999287,"failureMessages":[],"meta":{}},{"ancestorTitles":["getContextConfig"],"fullName":"getContextConfig returns context config from agent.json","status":"passed","title":"returns context config from agent.json","duration":0.28212500000000773,"failureMessages":[],"meta":{}},{"ancestorTitles":["getContextConfig"],"fullName":"getContextConfig returns defaults when not configured","status":"passed","title":"returns defaults when not configured","duration":0.1591669999999965,"failureMessages":[],"meta":{}},{"ancestorTitles":["getContextConfig"],"fullName":"getContextConfig falls back per-field defaults when agent.json context has invalid types","status":"passed","title":"falls back per-field defaults when agent.json context has invalid types","duration":0.1575420000000065,"failureMessages":[],"meta":{}},{"ancestorTitles":["getContextConfig"],"fullName":"getContextConfig falls back contextMargin to default when agent.json contextMargin is not numeric","status":"passed","title":"falls back contextMargin to default when agent.json contextMargin is not numeric","duration":0.14791700000000674,"failureMessages":[],"meta":{}},{"ancestorTitles":["sessionPath"],"fullName":"sessionPath returns correct path with friendId, channel, and key (3-arg signature)","status":"passed","title":"returns correct path with friendId, channel, and key (3-arg signature)","duration":0.1992919999999856,"failureMessages":[],"meta":{}},{"ancestorTitles":["sessionPath"],"fullName":"sessionPath returns correct path for teams channel with friendId","status":"passed","title":"returns correct path for teams channel with friendId","duration":0.14824999999999022,"failureMessages":[],"meta":{}},{"ancestorTitles":["sessionPath"],"fullName":"sessionPath sanitizes key by replacing slashes and colons with underscores","status":"passed","title":"sanitizes key by replacing slashes and colons with underscores","duration":0.13579100000001176,"failureMessages":[],"meta":{}},{"ancestorTitles":["sessionPath"],"fullName":"sessionPath auto-creates parent directories","status":"passed","title":"auto-creates parent directories","duration":0.25633300000001213,"failureMessages":[],"meta":{}},{"ancestorTitles":["logPath"],"fullName":"logPath returns logs directory using agent name from identity module","status":"passed","title":"returns logs directory using agent name from identity module","duration":0.16312499999997954,"failureMessages":[],"meta":{}},{"ancestorTitles":["logPath"],"fullName":"logPath returns NDJSON log path and sanitizes key","status":"passed","title":"returns NDJSON log path and sanitizes key","duration":0.15370799999999463,"failureMessages":[],"meta":{}},{"ancestorTitles":["getOAuthConfig"],"fullName":"getOAuthConfig returns default connection names","status":"passed","title":"returns default connection names","duration":0.19866700000000037,"failureMessages":[],"meta":{}},{"ancestorTitles":["getOAuthConfig"],"fullName":"getOAuthConfig respects config.json values","status":"passed","title":"respects config.json values","duration":0.1627499999999884,"failureMessages":[],"meta":{}},{"ancestorTitles":["getAdoConfig removed"],"fullName":"getAdoConfig removed getAdoConfig no longer exists (removed in Unit 1Hb)","status":"passed","title":"getAdoConfig no longer exists (removed in Unit 1Hb)","duration":0.14004099999999653,"failureMessages":[],"meta":{}},{"ancestorTitles":["getTeamsChannelConfig"],"fullName":"getTeamsChannelConfig returns default teamsChannel config when not specified","status":"passed","title":"returns default teamsChannel config when not specified","duration":0.19133399999998346,"failureMessages":[],"meta":{}},{"ancestorTitles":["getTeamsChannelConfig"],"fullName":"getTeamsChannelConfig returns teamsChannel config from config.json","status":"passed","title":"returns teamsChannel config from config.json","duration":0.1748749999999859,"failureMessages":[],"meta":{}},{"ancestorTitles":["getTeamsChannelConfig"],"fullName":"getTeamsChannelConfig returns a shallow copy (not the same reference)","status":"passed","title":"returns a shallow copy (not the same reference)","duration":0.16983399999998028,"failureMessages":[],"meta":{}},{"ancestorTitles":["getTeamsChannelConfig"],"fullName":"getTeamsChannelConfig merges partial teamsChannel config with defaults","status":"passed","title":"merges partial teamsChannel config with defaults","duration":0.16783300000000168,"failureMessages":[],"meta":{}},{"ancestorTitles":["getIntegrationsConfig"],"fullName":"getIntegrationsConfig returns default integrations config when not specified","status":"passed","title":"returns default integrations config when not specified","duration":0.1629999999999825,"failureMessages":[],"meta":{}},{"ancestorTitles":["getIntegrationsConfig"],"fullName":"getIntegrationsConfig returns integrations config from config.json","status":"passed","title":"returns integrations config from config.json","duration":0.14141599999999244,"failureMessages":[],"meta":{}},{"ancestorTitles":["getIntegrationsConfig"],"fullName":"getIntegrationsConfig returns a shallow copy (not the same reference)","status":"passed","title":"returns a shallow copy (not the same reference)","duration":0.15925000000001432,"failureMessages":[],"meta":{}},{"ancestorTitles":["setTestConfig"],"fullName":"setTestConfig deep-merges partial config into cached config","status":"passed","title":"deep-merges partial config into cached config","duration":0.19266600000000267,"failureMessages":[],"meta":{}},{"ancestorTitles":["setTestConfig"],"fullName":"setTestConfig overrides specific fields while leaving others untouched","status":"passed","title":"overrides specific fields while leaving others untouched","duration":0.37674999999998704,"failureMessages":[],"meta":{}},{"ancestorTitles":["setTestConfig"],"fullName":"setTestConfig works with resetConfigCache to restore defaults","status":"passed","title":"works with resetConfigCache to restore defaults","duration":0.3603750000000048,"failureMessages":[],"meta":{}},{"ancestorTitles":["setTestConfig"],"fullName":"setTestConfig handles empty partial (no-op)","status":"passed","title":"handles empty partial (no-op)","duration":0.21895799999998644,"failureMessages":[],"meta":{}},{"ancestorTitles":["setTestConfig"],"fullName":"setTestConfig can set nested config sections (teamsChannel, integrations)","status":"passed","title":"can set nested config sections (teamsChannel, integrations)","duration":0.22595900000001734,"failureMessages":[],"meta":{}},{"ancestorTitles":["setTestConfig"],"fullName":"setTestConfig can overwrite then reset then overwrite again","status":"passed","title":"can overwrite then reset then overwrite again","duration":0.19724999999999682,"failureMessages":[],"meta":{}}],"startTime":1772681541517,"endTime":1772681541541.1973,"status":"passed","message":"","name":"/Users/arimendelow/Projects/ouroboros-agent-harness/src/__tests__/config.test.ts"},{"assertionResults":[{"ancestorTitles":["getAgentName"],"fullName":"getAgentName parses --agent <name> from process.argv","status":"passed","title":"parses --agent <name> from process.argv","duration":4.187042000000005,"failureMessages":[],"meta":{}},{"ancestorTitles":["getAgentName"],"fullName":"getAgentName parses --agent <name> when other args are present","status":"passed","title":"parses --agent <name> when other args are present","duration":0.7937500000000028,"failureMessages":[],"meta":{}},{"ancestorTitles":["getAgentName"],"fullName":"getAgentName throws when --agent is missing from process.argv","status":"passed","title":"throws when --agent is missing from process.argv","duration":0.7805840000000046,"failureMessages":[],"meta":{}},{"ancestorTitles":["getAgentName"],"fullName":"getAgentName throws when --agent is present but no value follows","status":"passed","title":"throws when --agent is present but no value follows","duration":0.5044170000000037,"failureMessages":[],"meta":{}},{"ancestorTitles":["getAgentName"],"fullName":"getAgentName caches the agent name after first parse","status":"passed","title":"caches the agent name after first parse","duration":0.35675000000000523,"failureMessages":[],"meta":{}},{"ancestorTitles":["getRepoRoot"],"fullName":"getRepoRoot resolves repo root from src/ directory (dev via tsx)","status":"passed","title":"resolves repo root from src/ directory (dev via tsx)","duration":0.32416700000000276,"failureMessages":[],"meta":{}},{"ancestorTitles":["getRepoRoot"],"fullName":"getRepoRoot returns a directory that exists","status":"passed","title":"returns a directory that exists","duration":0.307707999999991,"failureMessages":[],"meta":{}},{"ancestorTitles":["getAgentRoot"],"fullName":"getAgentRoot returns path.join(repoRoot, agentName)","status":"passed","title":"returns path.join(repoRoot, agentName)","duration":0.33508400000000904,"failureMessages":[],"meta":{}},{"ancestorTitles":["getAgentRoot"],"fullName":"getAgentRoot uses a different name for a different agent","status":"passed","title":"uses a different name for a different agent","duration":0.4363340000000022,"failureMessages":[],"meta":{}},{"ancestorTitles":["loadAgentConfig"],"fullName":"loadAgentConfig reads and parses agent.json from agent root","status":"passed","title":"reads and parses agent.json from agent root","duration":0.9807500000000005,"failureMessages":[],"meta":{}},{"ancestorTitles":["loadAgentConfig"],"fullName":"loadAgentConfig auto-fills placeholder phrases when agent.json has no phrases field","status":"passed","title":"auto-fills placeholder phrases when agent.json has no phrases field","duration":1.2956670000000088,"failureMessages":[],"meta":{}},{"ancestorTitles":["loadAgentConfig"],"fullName":"loadAgentConfig warns and writes placeholders when agent.json is missing phrases","status":"passed","title":"warns and writes placeholders when agent.json is missing phrases","duration":1.3495840000000072,"failureMessages":[],"meta":{}},{"ancestorTitles":["loadAgentConfig"],"fullName":"loadAgentConfig does NOT warn or write when agent.json already has phrases","status":"passed","title":"does NOT warn or write when agent.json already has phrases","duration":0.365791999999999,"failureMessages":[],"meta":{}},{"ancestorTitles":["loadAgentConfig"],"fullName":"loadAgentConfig throws descriptive error when agent.json is missing","status":"passed","title":"throws descriptive error when agent.json is missing","duration":0.33320799999998485,"failureMessages":[],"meta":{}},{"ancestorTitles":["loadAgentConfig"],"fullName":"loadAgentConfig throws descriptive error when agent.json has invalid JSON","status":"passed","title":"throws descriptive error when agent.json has invalid JSON","duration":0.2949999999999875,"failureMessages":[],"meta":{}},{"ancestorTitles":["loadAgentConfig"],"fullName":"loadAgentConfig throws when agent.json is missing configPath","status":"passed","title":"throws when agent.json is missing configPath","duration":0.4161250000000223,"failureMessages":[],"meta":{}},{"ancestorTitles":["loadAgentConfig"],"fullName":"loadAgentConfig throws when agent.json configPath is blank","status":"passed","title":"throws when agent.json configPath is blank","duration":0.8915409999999895,"failureMessages":[],"meta":{}},{"ancestorTitles":["loadAgentConfig"],"fullName":"loadAgentConfig throws when agent.json configPath still points at legacy .agentconfigs location","status":"passed","title":"throws when agent.json configPath still points at legacy .agentconfigs location","duration":0.5930830000000071,"failureMessages":[],"meta":{}},{"ancestorTitles":["loadAgentConfig"],"fullName":"loadAgentConfig throws when agent.json is missing provider","status":"passed","title":"throws when agent.json is missing provider","duration":0.3731250000000159,"failureMessages":[],"meta":{}},{"ancestorTitles":["loadAgentConfig"],"fullName":"loadAgentConfig throws when agent.json provider is invalid","status":"passed","title":"throws when agent.json provider is invalid","duration":0.5370829999999955,"failureMessages":[],"meta":{}},{"ancestorTitles":["loadAgentConfig"],"fullName":"loadAgentConfig accepts openai-codex as a valid provider","status":"passed","title":"accepts openai-codex as a valid provider","duration":0.2900419999999997,"failureMessages":[],"meta":{}},{"ancestorTitles":["loadAgentConfig"],"fullName":"loadAgentConfig handles non-Error read failures when loading agent.json","status":"passed","title":"handles non-Error read failures when loading agent.json","duration":0.28220799999999713,"failureMessages":[],"meta":{}},{"ancestorTitles":["loadAgentConfig"],"fullName":"loadAgentConfig handles non-Error parse failures when loading agent.json","status":"passed","title":"handles non-Error parse failures when loading agent.json","duration":0.3129169999999988,"failureMessages":[],"meta":{}},{"ancestorTitles":["loadAgentConfig"],"fullName":"loadAgentConfig caches the config after first load","status":"passed","title":"caches the config after first load","duration":0.3859999999999957,"failureMessages":[],"meta":{}},{"ancestorTitles":["loadAgentConfig"],"fullName":"loadAgentConfig emits identity.resolve observability event when loading agent config","status":"passed","title":"emits identity.resolve observability event when loading agent config","duration":1.1270840000000248,"failureMessages":[],"meta":{}},{"ancestorTitles":["resetIdentity"],"fullName":"resetIdentity clears cached agent name so it can be re-parsed","status":"passed","title":"clears cached agent name so it can be re-parsed","duration":0.24687499999998863,"failureMessages":[],"meta":{}},{"ancestorTitles":["resetIdentity"],"fullName":"resetIdentity clears cached agent config so it can be re-loaded","status":"passed","title":"clears cached agent config so it can be re-loaded","duration":0.29895799999999895,"failureMessages":[],"meta":{}}],"startTime":1772681541675,"endTime":1772681541694.299,"status":"passed","message":"","name":"/Users/arimendelow/Projects/ouroboros-agent-harness/src/__tests__/identity.test.ts"},{"assertionResults":[{"ancestorTitles":["buildSystem"],"fullName":"buildSystem includes soul section with personality","status":"passed","title":"includes soul section with personality","duration":27.032667000000004,"failureMessages":[],"meta":{}},{"ancestorTitles":["buildSystem"],"fullName":"buildSystem includes identity section with Ouroboros name","status":"passed","title":"includes identity section with Ouroboros name","duration":2.208584000000002,"failureMessages":[],"meta":{}},{"ancestorTitles":["buildSystem"],"fullName":"buildSystem includes lore section","status":"passed","title":"includes lore section","duration":1.9852500000000077,"failureMessages":[],"meta":{}},{"ancestorTitles":["buildSystem"],"fullName":"buildSystem includes friends section","status":"passed","title":"includes friends section","duration":2.7431250000000205,"failureMessages":[],"meta":{}},{"ancestorTitles":["buildSystem"],"fullName":"buildSystem includes runtime info section for cli channel","status":"passed","title":"includes runtime info section for cli channel","duration":1.8614999999999782,"failureMessages":[],"meta":{}},{"ancestorTitles":["buildSystem"],"fullName":"buildSystem includes runtime info section for teams channel","status":"passed","title":"includes runtime info section for teams channel","duration":1.638083999999992,"failureMessages":[],"meta":{}},{"ancestorTitles":["buildSystem"],"fullName":"buildSystem defaults to cli channel","status":"passed","title":"defaults to cli channel","duration":2.3714999999999975,"failureMessages":[],"meta":{}},{"ancestorTitles":["buildSystem"],"fullName":"buildSystem includes date section with current date","status":"passed","title":"includes date section with current date","duration":1.4200419999999951,"failureMessages":[],"meta":{}},{"ancestorTitles":["buildSystem"],"fullName":"buildSystem includes tools section with tool names","status":"passed","title":"includes tools section with tool names","duration":1.5695840000000203,"failureMessages":[],"meta":{}},{"ancestorTitles":["buildSystem"],"fullName":"buildSystem includes skills section from listSkills","status":"passed","title":"includes skills section from listSkills","duration":1.5640420000000006,"failureMessages":[],"meta":{}},{"ancestorTitles":["buildSystem"],"fullName":"buildSystem omits skills section when no skills available","status":"passed","title":"omits skills section when no skills available","duration":1.3858330000000194,"failureMessages":[],"meta":{}},{"ancestorTitles":["buildSystem"],"fullName":"buildSystem does NOT export isOwnCodebase (removed)","status":"passed","title":"does NOT export isOwnCodebase (removed)","duration":1.8360830000000021,"failureMessages":[],"meta":{}},{"ancestorTitles":["buildSystem"],"fullName":"buildSystem includes azure provider string when azure config is set","status":"passed","title":"includes azure provider string when azure config is set","duration":1.6573750000000018,"failureMessages":[],"meta":{}},{"ancestorTitles":["buildSystem"],"fullName":"buildSystem includes anthropic provider string when Anthropic model is configured with Claude setup-token credentials","status":"passed","title":"includes anthropic provider string when Anthropic model is configured with Claude setup-token credentials","duration":1.9838750000000118,"failureMessages":[],"meta":{}},{"ancestorTitles":["buildSystem"],"fullName":"buildSystem includes openai codex provider string when OpenAI Codex OAuth is configured","status":"passed","title":"includes openai codex provider string when OpenAI Codex OAuth is configured","duration":1.3690830000000176,"failureMessages":[],"meta":{}},{"ancestorTitles":["buildSystem"],"fullName":"buildSystem uses 'default' deployment when azure deployment is not set","status":"passed","title":"uses 'default' deployment when azure deployment is not set","duration":1.8848749999999939,"failureMessages":[],"meta":{}},{"ancestorTitles":["buildSystem"],"fullName":"buildSystem reads soul content from SOUL.md file","status":"passed","title":"reads soul content from SOUL.md file","duration":1.5608330000000024,"failureMessages":[],"meta":{}},{"ancestorTitles":["buildSystem"],"fullName":"buildSystem reads identity content from IDENTITY.md file","status":"passed","title":"reads identity content from IDENTITY.md file","duration":1.296042,"failureMessages":[],"meta":{}},{"ancestorTitles":["buildSystem"],"fullName":"buildSystem includes tool behavior section when toolChoiceRequired is true","status":"passed","title":"includes tool behavior section when toolChoiceRequired is true","duration":1.3671249999999873,"failureMessages":[],"meta":{}},{"ancestorTitles":["buildSystem"],"fullName":"buildSystem does NOT include tool behavior section when toolChoiceRequired is false","status":"passed","title":"does NOT include tool behavior section when toolChoiceRequired is false","duration":1.3755419999999958,"failureMessages":[],"meta":{}},{"ancestorTitles":["buildSystem"],"fullName":"buildSystem does NOT include tool behavior section when options is undefined","status":"passed","title":"does NOT include tool behavior section when options is undefined","duration":2.3349580000000003,"failureMessages":[],"meta":{}},{"ancestorTitles":["buildSystem"],"fullName":"buildSystem includes flags section when disableStreaming is true and channel is teams","status":"passed","title":"includes flags section when disableStreaming is true and channel is teams","duration":1.7322080000000142,"failureMessages":[],"meta":{}},{"ancestorTitles":["buildSystem"],"fullName":"buildSystem does NOT include flags section when disableStreaming is true but channel is cli","status":"passed","title":"does NOT include flags section when disableStreaming is true but channel is cli","duration":1.3605000000000018,"failureMessages":[],"meta":{}},{"ancestorTitles":["buildSystem"],"fullName":"buildSystem does NOT include flags section when disableStreaming is false","status":"passed","title":"does NOT include flags section when disableStreaming is false","duration":1.2580829999999992,"failureMessages":[],"meta":{}},{"ancestorTitles":["buildSystem"],"fullName":"buildSystem does NOT include flags section when disableStreaming is undefined","status":"passed","title":"does NOT include flags section when disableStreaming is undefined","duration":1.2365000000000066,"failureMessages":[],"meta":{}},{"ancestorTitles":["provider section contract"],"fullName":"provider section contract does not hardcode provider-specific branching in prompt provider rendering","status":"passed","title":"does not hardcode provider-specific branching in prompt provider rendering","duration":0.06266700000000469,"failureMessages":[],"meta":{}},{"ancestorTitles":["runtimeInfoSection"],"fullName":"runtimeInfoSection always includes agent name and cwd","status":"passed","title":"always includes agent name and cwd","duration":1.870584000000008,"failureMessages":[],"meta":{}},{"ancestorTitles":["runtimeInfoSection"],"fullName":"runtimeInfoSection includes note about self-modification","status":"passed","title":"includes note about self-modification","duration":1.3559589999999844,"failureMessages":[],"meta":{}},{"ancestorTitles":["runtimeInfoSection"],"fullName":"runtimeInfoSection cli channel includes boot greeting","status":"passed","title":"cli channel includes boot greeting","duration":1.1736250000000155,"failureMessages":[],"meta":{}},{"ancestorTitles":["runtimeInfoSection"],"fullName":"runtimeInfoSection teams channel includes concise behavior","status":"passed","title":"teams channel includes concise behavior","duration":1.1845419999999933,"failureMessages":[],"meta":{}},{"ancestorTitles":["psyche loading"],"fullName":"psyche loading loads psyche files from agentRoot/psyche/","status":"passed","title":"loads psyche files from agentRoot/psyche/","duration":2.629917000000006,"failureMessages":[],"meta":{}},{"ancestorTitles":["psyche loading"],"fullName":"psyche loading handles missing psyche files gracefully (empty string, no crash)","status":"passed","title":"handles missing psyche files gracefully (empty string, no crash)","duration":1.686000000000007,"failureMessages":[],"meta":{}},{"ancestorTitles":["psyche loading"],"fullName":"psyche loading caches psyche text after first load","status":"passed","title":"caches psyche text after first load","duration":1.2907499999999743,"failureMessages":[],"meta":{}},{"ancestorTitles":["psyche loading"],"fullName":"psyche loading resetPsycheCache clears cached psyche text","status":"passed","title":"resetPsycheCache clears cached psyche text","duration":1.4022080000000017,"failureMessages":[],"meta":{}},{"ancestorTitles":["flagsSection rationale"],"fullName":"flagsSection rationale mentions devtunnel relay buffering (microsoft/dev-tunnels#518)","status":"passed","title":"mentions devtunnel relay buffering (microsoft/dev-tunnels#518)","duration":1.2338749999999834,"failureMessages":[],"meta":{}},{"ancestorTitles":["flagsSection rationale"],"fullName":"flagsSection rationale mentions 60-second hard timeout","status":"passed","title":"mentions 60-second hard timeout","duration":2.0855000000000246,"failureMessages":[],"meta":{}},{"ancestorTitles":["flagsSection rationale"],"fullName":"flagsSection rationale mentions no HTTP/2 support on devtunnels","status":"passed","title":"mentions no HTTP/2 support on devtunnels","duration":1.2546669999999835,"failureMessages":[],"meta":{}},{"ancestorTitles":["flagsSection rationale"],"fullName":"flagsSection rationale mentions Teams throttles streaming updates to 1 req/sec","status":"passed","title":"mentions Teams throttles streaming updates to 1 req/sec","duration":1.1675420000000258,"failureMessages":[],"meta":{}},{"ancestorTitles":["flagsSection rationale"],"fullName":"flagsSection rationale mentions buffering avoids compounding latency","status":"passed","title":"mentions buffering avoids compounding latency","duration":1.1345839999999896,"failureMessages":[],"meta":{}},{"ancestorTitles":["contextSection"],"fullName":"contextSection returns empty string when context is undefined","status":"passed","title":"returns empty string when context is undefined","duration":1.3710000000000093,"failureMessages":[],"meta":{}},{"ancestorTitles":["contextSection"],"fullName":"contextSection returns empty string when context has neither friend nor identity","status":"passed","title":"returns empty string when context has neither friend nor identity","duration":1.5848330000000033,"failureMessages":[],"meta":{}},{"ancestorTitles":["contextSection"],"fullName":"contextSection renders friend identity with display name","status":"passed","title":"renders friend identity with display name","duration":1.4260830000000055,"failureMessages":[],"meta":{}},{"ancestorTitles":["contextSection"],"fullName":"contextSection renders AAD identity with external ID in parentheses","status":"passed","title":"renders AAD identity with external ID in parentheses","duration":1.6440830000000233,"failureMessages":[],"meta":{}},{"ancestorTitles":["contextSection"],"fullName":"contextSection renders Teams channel capabilities correctly","status":"passed","title":"renders Teams channel capabilities correctly","duration":1.603749999999991,"failureMessages":[],"meta":{}},{"ancestorTitles":["contextSection"],"fullName":"contextSection renders CLI channel with streaming","status":"passed","title":"renders CLI channel with streaming","duration":1.3704999999999927,"failureMessages":[],"meta":{}},{"ancestorTitles":["contextSection"],"fullName":"contextSection renders notes section when friend has notes","status":"passed","title":"renders notes section when friend has notes","duration":2.80925000000002,"failureMessages":[],"meta":{}},{"ancestorTitles":["contextSection"],"fullName":"contextSection does not render notes section when notes is empty","status":"passed","title":"does not render notes section when notes is empty","duration":1.2764590000000169,"failureMessages":[],"meta":{}},{"ancestorTitles":["contextSection"],"fullName":"contextSection does not render preferences in system prompt (toolPreferences go to tool descriptions only)","status":"passed","title":"does not render preferences in system prompt (toolPreferences go to tool descriptions only)","duration":1.4496670000000051,"failureMessages":[],"meta":{}},{"ancestorTitles":["contextSection"],"fullName":"contextSection does not render authority section (removed)","status":"passed","title":"does not render authority section (removed)","duration":1.65625,"failureMessages":[],"meta":{}},{"ancestorTitles":["contextSection"],"fullName":"contextSection includes memory ephemerality instruction when friend context exists","status":"passed","title":"includes memory ephemerality instruction when friend context exists","duration":1.214540999999997,"failureMessages":[],"meta":{}},{"ancestorTitles":["contextSection"],"fullName":"contextSection includes name-quality instruction with displayName","status":"passed","title":"includes name-quality instruction with displayName","duration":1.2178329999999846,"failureMessages":[],"meta":{}},{"ancestorTitles":["contextSection"],"fullName":"contextSection includes new-friend instruction when notes and toolPreferences both empty","status":"passed","title":"includes new-friend instruction when notes and toolPreferences both empty","duration":1.1599170000000072,"failureMessages":[],"meta":{}},{"ancestorTitles":["contextSection"],"fullName":"contextSection does NOT include new-friend instruction when notes has entries","status":"passed","title":"does NOT include new-friend instruction when notes has entries","duration":1.171999999999997,"failureMessages":[],"meta":{}},{"ancestorTitles":["contextSection"],"fullName":"contextSection does NOT include new-friend instruction when toolPreferences has entries","status":"passed","title":"does NOT include new-friend instruction when toolPreferences has entries","duration":1.0810830000000067,"failureMessages":[],"meta":{}},{"ancestorTitles":["contextSection"],"fullName":"contextSection does NOT render toolPreferences in system prompt","status":"passed","title":"does NOT render toolPreferences in system prompt","duration":1.7021670000000029,"failureMessages":[],"meta":{}},{"ancestorTitles":["contextSection"],"fullName":"contextSection includes priority guidance when friend context is present","status":"passed","title":"includes priority guidance when friend context is present","duration":2.00162499999999,"failureMessages":[],"meta":{}},{"ancestorTitles":["contextSection"],"fullName":"contextSection includes working-memory trust instruction","status":"passed","title":"includes working-memory trust instruction","duration":1.1053339999999992,"failureMessages":[],"meta":{}},{"ancestorTitles":["contextSection"],"fullName":"contextSection includes stale notes awareness instruction","status":"passed","title":"includes stale notes awareness instruction","duration":1.0587079999999958,"failureMessages":[],"meta":{}},{"ancestorTitles":["buildSystem with context"],"fullName":"buildSystem with context includes context section when context is provided","status":"passed","title":"includes context section when context is provided","duration":1.3956250000000239,"failureMessages":[],"meta":{}},{"ancestorTitles":["buildSystem with context"],"fullName":"buildSystem with context omits context section when context is undefined","status":"passed","title":"omits context section when context is undefined","duration":1.2203340000000367,"failureMessages":[],"meta":{}},{"ancestorTitles":["buildSystem with context"],"fullName":"buildSystem with context returns a Promise (async function)","status":"passed","title":"returns a Promise (async function)","duration":1.6975830000000087,"failureMessages":[],"meta":{}}],"startTime":1772681541253,"endTime":1772681541373.6975,"status":"passed","message":"","name":"/Users/arimendelow/Projects/ouroboros-agent-harness/src/__tests__/mind/prompt.test.ts"},{"assertionResults":[{"ancestorTitles":["isTransientError"],"fullName":"isTransientError detects Node.js network error codes","status":"passed","title":"detects Node.js network error codes","duration":107.28979100000004,"failureMessages":[],"meta":{}},{"ancestorTitles":["isTransientError"],"fullName":"isTransientError detects fetch/network errors by message","status":"passed","title":"detects fetch/network errors by message","duration":0.23204199999997854,"failureMessages":[],"meta":{}},{"ancestorTitles":["isTransientError"],"fullName":"isTransientError detects HTTP status codes 429 and 5xx","status":"passed","title":"detects HTTP status codes 429 and 5xx","duration":0.12504200000000765,"failureMessages":[],"meta":{}},{"ancestorTitles":["isTransientError"],"fullName":"isTransientError returns false for non-transient errors","status":"passed","title":"returns false for non-transient errors","duration":0.27325000000001864,"failureMessages":[],"meta":{}},{"ancestorTitles":["isTransientError"],"fullName":"isTransientError returns false for context overflow messages (not transient)","status":"passed","title":"returns false for context overflow messages (not transient)","duration":0.08233300000000554,"failureMessages":[],"meta":{}},{"ancestorTitles":["ChannelCallbacks interface"],"fullName":"ChannelCallbacks interface accepts an object with all required callback signatures","status":"passed","title":"accepts an object with all required callback signatures","duration":0.1787079999999719,"failureMessages":[],"meta":{}},{"ancestorTitles":["RunAgentOptions trace propagation contract"],"fullName":"RunAgentOptions trace propagation contract supports a traceId field in RunAgentOptions","status":"passed","title":"supports a traceId field in RunAgentOptions","duration":0.06554199999999355,"failureMessages":[],"meta":{}},{"ancestorTitles":["runAgent"],"fullName":"runAgent fires onModelStart before API call","status":"passed","title":"fires onModelStart before API call","duration":5.868541999999991,"failureMessages":[],"meta":{}},{"ancestorTitles":["runAgent"],"fullName":"runAgent injects steering follow-ups as ordered user messages before model calls","status":"passed","title":"injects steering follow-ups as ordered user messages before model calls","duration":3.950958000000014,"failureMessages":[],"meta":{}},{"ancestorTitles":["runAgent"],"fullName":"runAgent propagates traceId option into model request metadata","status":"passed","title":"propagates traceId option into model request metadata","duration":2.8813330000000406,"failureMessages":[],"meta":{}},{"ancestorTitles":["runAgent"],"fullName":"runAgent emits engine lifecycle observability events for a successful turn","status":"passed","title":"emits engine lifecycle observability events for a successful turn","duration":4.080624999999998,"failureMessages":[],"meta":{}},{"ancestorTitles":["runAgent"],"fullName":"runAgent fires onModelStreamStart on first content token","status":"passed","title":"fires onModelStreamStart on first content token","duration":1.7140410000000088,"failureMessages":[],"meta":{}},{"ancestorTitles":["runAgent"],"fullName":"runAgent routes inline think tags to onReasoningChunk and answer to onTextChunk (single chunk)","status":"passed","title":"routes inline think tags to onReasoningChunk and answer to onTextChunk (single chunk)","duration":1.9019999999999868,"failureMessages":[],"meta":{}},{"ancestorTitles":["runAgent"],"fullName":"runAgent routes inline think tags split across chunks","status":"passed","title":"routes inline think tags split across chunks","duration":1.5664999999999623,"failureMessages":[],"meta":{}},{"ancestorTitles":["runAgent"],"fullName":"runAgent content-only (no think tags) goes only to onTextChunk","status":"passed","title":"content-only (no think tags) goes only to onTextChunk","duration":1.3356670000000008,"failureMessages":[],"meta":{}},{"ancestorTitles":["runAgent"],"fullName":"runAgent think-only content goes only to onReasoningChunk","status":"passed","title":"think-only content goes only to onReasoningChunk","duration":1.3529589999999985,"failureMessages":[],"meta":{}},{"ancestorTitles":["runAgent"],"fullName":"runAgent handles multiple think blocks in content","status":"passed","title":"handles multiple think blocks in content","duration":1.3757079999999746,"failureMessages":[],"meta":{}},{"ancestorTitles":["runAgent"],"fullName":"runAgent handles partial think tag at chunk boundary","status":"passed","title":"handles partial think tag at chunk boundary","duration":1.8901670000000195,"failureMessages":[],"meta":{}},{"ancestorTitles":["runAgent"],"fullName":"runAgent handles think tags split across many chunks","status":"passed","title":"handles think tags split across many chunks","duration":1.5106669999999554,"failureMessages":[],"meta":{}},{"ancestorTitles":["runAgent"],"fullName":"runAgent handles partial close tag at chunk boundary inside think block","status":"passed","title":"handles partial close tag at chunk boundary inside think block","duration":1.266666999999984,"failureMessages":[],"meta":{}},{"ancestorTitles":["runAgent"],"fullName":"runAgent flushes remaining content buffer as text at end of stream","status":"passed","title":"flushes remaining content buffer as text at end of stream","duration":1.3416250000000218,"failureMessages":[],"meta":{}},{"ancestorTitles":["runAgent"],"fullName":"runAgent flushes remaining reasoning buffer at end of stream (unclosed think)","status":"passed","title":"flushes remaining reasoning buffer at end of stream (unclosed think)","duration":1.3079170000000317,"failureMessages":[],"meta":{}},{"ancestorTitles":["runAgent"],"fullName":"runAgent retains partial close tag prefix in reasoning buffer across chunks","status":"passed","title":"retains partial close tag prefix in reasoning buffer across chunks","duration":1.822749999999985,"failureMessages":[],"meta":{}},{"ancestorTitles":["runAgent"],"fullName":"runAgent flushes partial close tag prefix as reasoning at end of stream","status":"passed","title":"flushes partial close tag prefix as reasoning at end of stream","duration":1.4652909999999792,"failureMessages":[],"meta":{}},{"ancestorTitles":["runAgent"],"fullName":"runAgent handles empty reasoning before partial close tag prefix","status":"passed","title":"handles empty reasoning before partial close tag prefix","duration":1.2538339999999835,"failureMessages":[],"meta":{}},{"ancestorTitles":["runAgent"],"fullName":"runAgent handles empty content chunks in think tag processing","status":"passed","title":"handles empty content chunks in think tag processing","duration":1.1412090000000035,"failureMessages":[],"meta":{}},{"ancestorTitles":["runAgent"],"fullName":"runAgent ends loop when response has no tool calls","status":"passed","title":"ends loop when response has no tool calls","duration":1.28125,"failureMessages":[],"meta":{}},{"ancestorTitles":["runAgent"],"fullName":"runAgent fires onToolStart before tool execution and onToolEnd after","status":"passed","title":"fires onToolStart before tool execution and onToolEnd after","duration":2.1066660000000184,"failureMessages":[],"meta":{}},{"ancestorTitles":["runAgent"],"fullName":"runAgent loops back for another model call after tool execution","status":"passed","title":"loops back for another model call after tool execution","duration":1.434958999999992,"failureMessages":[],"meta":{}},{"ancestorTitles":["runAgent"],"fullName":"runAgent fires onError on API errors with terminal severity and ends loop","status":"passed","title":"fires onError on API errors with terminal severity and ends loop","duration":1.4001669999999535,"failureMessages":[],"meta":{}},{"ancestorTitles":["runAgent"],"fullName":"runAgent pushes assistant message with content onto messages array","status":"passed","title":"pushes assistant message with content onto messages array","duration":1.1190839999999866,"failureMessages":[],"meta":{}},{"ancestorTitles":["runAgent"],"fullName":"runAgent pushes assistant message with tool_calls and tool result messages","status":"passed","title":"pushes assistant message with tool_calls and tool result messages","duration":1.2053339999999935,"failureMessages":[],"meta":{}},{"ancestorTitles":["runAgent"],"fullName":"runAgent does NOT push user message (adapter responsibility)","status":"passed","title":"does NOT push user message (adapter responsibility)","duration":1.70070800000002,"failureMessages":[],"meta":{}},{"ancestorTitles":["runAgent"],"fullName":"runAgent handles tool call with arguments split across chunks","status":"passed","title":"handles tool call with arguments split across chunks","duration":1.4042500000000473,"failureMessages":[],"meta":{}},{"ancestorTitles":["runAgent"],"fullName":"runAgent handles multiple tool calls in a single response","status":"passed","title":"handles multiple tool calls in a single response","duration":1.3372499999999832,"failureMessages":[],"meta":{}},{"ancestorTitles":["runAgent"],"fullName":"runAgent fires onToolEnd with success=false when tool throws","status":"passed","title":"fires onToolEnd with success=false when tool throws","duration":1.447499999999991,"failureMessages":[],"meta":{}},{"ancestorTitles":["runAgent"],"fullName":"runAgent skips chunks with no delta","status":"passed","title":"skips chunks with no delta","duration":1.477374999999995,"failureMessages":[],"meta":{}},{"ancestorTitles":["runAgent"],"fullName":"runAgent handles invalid JSON in tool call arguments gracefully","status":"passed","title":"handles invalid JSON in tool call arguments gracefully","duration":2.3260839999999803,"failureMessages":[],"meta":{}},{"ancestorTitles":["runAgent"],"fullName":"runAgent wraps non-Error thrown values in Error in onError callback","status":"passed","title":"wraps non-Error thrown values in Error in onError callback","duration":1.6217090000000098,"failureMessages":[],"meta":{}},{"ancestorTitles":["runAgent"],"fullName":"runAgent pushes assistant message without content when only tool calls are returned","status":"passed","title":"pushes assistant message without content when only tool calls are returned","duration":1.3270410000000084,"failureMessages":[],"meta":{}},{"ancestorTitles":["runAgent"],"fullName":"runAgent handles tool call chunks with missing id and function name","status":"passed","title":"handles tool call chunks with missing id and function name","duration":1.4620840000000044,"failureMessages":[],"meta":{}},{"ancestorTitles":["runAgent"],"fullName":"runAgent handles tool call chunk with no function arguments","status":"passed","title":"handles tool call chunk with no function arguments","duration":14.202332999999953,"failureMessages":[],"meta":{}},{"ancestorTitles":["runAgent"],"fullName":"runAgent uses minimax model from config when set","status":"passed","title":"uses minimax model from config when set","duration":2.321790999999962,"failureMessages":[],"meta":{}},{"ancestorTitles":["runAgent"],"fullName":"runAgent calls onReasoningChunk for reasoning_content","status":"passed","title":"calls onReasoningChunk for reasoning_content","duration":1.3770000000000095,"failureMessages":[],"meta":{}},{"ancestorTitles":["runAgent"],"fullName":"runAgent calls onReasoningChunk for reasoning-only stream (kicks then gets real response)","status":"passed","title":"calls onReasoningChunk for reasoning-only stream (kicks then gets real response)","duration":1.3574580000000651,"failureMessages":[],"meta":{}},{"ancestorTitles":["runAgent"],"fullName":"runAgent stops immediately when signal is pre-aborted","status":"passed","title":"stops immediately when signal is pre-aborted","duration":2.0849999999999227,"failureMessages":[],"meta":{}},{"ancestorTitles":["runAgent"],"fullName":"runAgent stops streaming when signal is aborted mid-stream","status":"passed","title":"stops streaming when signal is aborted mid-stream","duration":1.6740000000000919,"failureMessages":[],"meta":{}},{"ancestorTitles":["runAgent"],"fullName":"runAgent breaks out of loop cleanly when signal aborted during catch","status":"passed","title":"breaks out of loop cleanly when signal aborted during catch","duration":1.4710000000000036,"failureMessages":[],"meta":{}},{"ancestorTitles":["runAgent"],"fullName":"runAgent skips remaining tools when signal is aborted mid-tool-execution","status":"passed","title":"skips remaining tools when signal is aborted mid-tool-execution","duration":1.52800000000002,"failureMessages":[],"meta":{}},{"ancestorTitles":["runAgent"],"fullName":"runAgent fires onModelStreamStart on first reasoning_content token","status":"passed","title":"fires onModelStreamStart on first reasoning_content token","duration":1.6416659999999865,"failureMessages":[],"meta":{}},{"ancestorTitles":["runAgent"],"fullName":"runAgent calls onReasoningChunk for each reasoning chunk","status":"passed","title":"calls onReasoningChunk for each reasoning chunk","duration":2.654833999999937,"failureMessages":[],"meta":{}},{"ancestorTitles":["runAgent"],"fullName":"runAgent handles multiple reasoning_content chunks before content","status":"passed","title":"handles multiple reasoning_content chunks before content","duration":3.342667000000006,"failureMessages":[],"meta":{}},{"ancestorTitles":["runAgent"],"fullName":"runAgent Azure provider calls mockResponsesCreate with Responses API params","status":"passed","title":"Azure provider calls mockResponsesCreate with Responses API params","duration":3.699374999999918,"failureMessages":[],"meta":{}},{"ancestorTitles":["runAgent"],"fullName":"runAgent Azure text-only response: assistant message pushed in CC format, loop ends","status":"passed","title":"Azure text-only response: assistant message pushed in CC format, loop ends","duration":2.5798750000000155,"failureMessages":[],"meta":{}},{"ancestorTitles":["runAgent"],"fullName":"runAgent Azure: propagates traceId option into responses metadata","status":"passed","title":"Azure: propagates traceId option into responses metadata","duration":2.9818749999999454,"failureMessages":[],"meta":{}},{"ancestorTitles":["runAgent"],"fullName":"runAgent Azure tool-use turn: tool executed, result pushed, loop continues","status":"passed","title":"Azure tool-use turn: tool executed, result pushed, loop continues","duration":3.1751250000000937,"failureMessages":[],"meta":{}},{"ancestorTitles":["runAgent"],"fullName":"runAgent Azure native input: output items + function_call_output in correct order","status":"passed","title":"Azure native input: output items + function_call_output in correct order","duration":3.5234170000001086,"failureMessages":[],"meta":{}},{"ancestorTitles":["runAgent"],"fullName":"runAgent Azure native input: same array reference reused across iterations","status":"passed","title":"Azure native input: same array reference reused across iterations","duration":2.5923329999999396,"failureMessages":[],"meta":{}},{"ancestorTitles":["runAgent"],"fullName":"runAgent does not pass reasoning params for MiniMax provider","status":"passed","title":"does not pass reasoning params for MiniMax provider","duration":1.5795829999999569,"failureMessages":[],"meta":{}},{"ancestorTitles":["runAgent"],"fullName":"runAgent MiniMax path calls mockCreate, not mockResponsesCreate","status":"passed","title":"MiniMax path calls mockCreate, not mockResponsesCreate","duration":1.237333000000035,"failureMessages":[],"meta":{}},{"ancestorTitles":["runAgent"],"fullName":"runAgent Azure: stores reasoning items as _reasoning_items on assistant message","status":"passed","title":"Azure: stores reasoning items as _reasoning_items on assistant message","duration":2.432542000000012,"failureMessages":[],"meta":{}},{"ancestorTitles":["runAgent"],"fullName":"runAgent Azure: does not set _reasoning_items when outputItems has no reasoning items","status":"passed","title":"Azure: does not set _reasoning_items when outputItems has no reasoning items","duration":2.4801250000000437,"failureMessages":[],"meta":{}},{"ancestorTitles":["runAgent"],"fullName":"runAgent Azure: stores only reasoning items when outputItems has mixed types","status":"passed","title":"Azure: stores only reasoning items when outputItems has mixed types","duration":3.41858400000001,"failureMessages":[],"meta":{}},{"ancestorTitles":["runAgent"],"fullName":"runAgent Azure: azureInput.push still happens for each outputItem (existing behavior preserved)","status":"passed","title":"Azure: azureInput.push still happens for each outputItem (existing behavior preserved)","duration":2.483875000000012,"failureMessages":[],"meta":{}},{"ancestorTitles":["runAgent"],"fullName":"runAgent MiniMax: does not set _reasoning_items (outputItems always empty)","status":"passed","title":"MiniMax: does not set _reasoning_items (outputItems always empty)","duration":1.1235840000000508,"failureMessages":[],"meta":{}},{"ancestorTitles":["runAgent"],"fullName":"runAgent returns usage from single API call (no tool calls)","status":"passed","title":"returns usage from single API call (no tool calls)","duration":1.1412500000000136,"failureMessages":[],"meta":{}},{"ancestorTitles":["runAgent"],"fullName":"runAgent returns usage from last API call when multiple tool rounds","status":"passed","title":"returns usage from last API call when multiple tool rounds","duration":1.2270829999999933,"failureMessages":[],"meta":{}},{"ancestorTitles":["runAgent"],"fullName":"runAgent returns undefined usage when no usage data available","status":"passed","title":"returns undefined usage when no usage data available","duration":1.1109579999999823,"failureMessages":[],"meta":{}},{"ancestorTitles":["runAgent"],"fullName":"runAgent returns undefined usage on error","status":"passed","title":"returns undefined usage on error","duration":1.016666999999984,"failureMessages":[],"meta":{}},{"ancestorTitles":["runAgent"],"fullName":"runAgent recovers from Azure context_length_exceeded error by trimming and retrying","status":"passed","title":"recovers from Azure context_length_exceeded error by trimming and retrying","duration":1.1978749999999536,"failureMessages":[],"meta":{}},{"ancestorTitles":["runAgent"],"fullName":"runAgent recovers from Azure overflow via error message (no .code)","status":"passed","title":"recovers from Azure overflow via error message (no .code)","duration":1.9542089999999916,"failureMessages":[],"meta":{}},{"ancestorTitles":["runAgent"],"fullName":"runAgent recovers from MiniMax context window exceeds limit error","status":"passed","title":"recovers from MiniMax context window exceeds limit error","duration":1.3148330000000215,"failureMessages":[],"meta":{}},{"ancestorTitles":["runAgent"],"fullName":"runAgent surfaces error via onError when retry also fails with overflow","status":"passed","title":"surfaces error via onError when retry also fails with overflow","duration":1.1684169999999767,"failureMessages":[],"meta":{}},{"ancestorTitles":["runAgent"],"fullName":"runAgent does not catch non-overflow errors with overflow recovery","status":"passed","title":"does not catch non-overflow errors with overflow recovery","duration":1.3695000000000164,"failureMessages":[],"meta":{}},{"ancestorTitles":["runAgent"],"fullName":"runAgent strips tool calls before trimming on mid-turn overflow","status":"passed","title":"strips tool calls before trimming on mid-turn overflow","duration":1.584374999999909,"failureMessages":[],"meta":{}},{"ancestorTitles":["runAgent"],"fullName":"runAgent handles overflow error with empty message property","status":"passed","title":"handles overflow error with empty message property","duration":1.1157909999999447,"failureMessages":[],"meta":{}},{"ancestorTitles":["runAgent"],"fullName":"runAgent overflow on cold start with only system message still retries","status":"passed","title":"overflow on cold start with only system message still retries","duration":1.1385000000000218,"failureMessages":[],"meta":{}},{"ancestorTitles":["runAgent"],"fullName":"runAgent retries on transient network errors with backoff and transient severity","status":"passed","title":"retries on transient network errors with backoff and transient severity","duration":2.43654099999992,"failureMessages":[],"meta":{}},{"ancestorTitles":["runAgent"],"fullName":"runAgent gives up after MAX_RETRIES transient failures with terminal final error","status":"passed","title":"gives up after MAX_RETRIES transient failures with terminal final error","duration":2.3117090000000644,"failureMessages":[],"meta":{}},{"ancestorTitles":["runAgent"],"fullName":"runAgent aborts retry wait on signal abort","status":"passed","title":"aborts retry wait on signal abort","duration":2.579666999999972,"failureMessages":[],"meta":{}},{"ancestorTitles":["runAgent"],"fullName":"runAgent skips retry wait immediately when signal is already aborted","status":"passed","title":"skips retry wait immediately when signal is already aborted","duration":1.2667500000000018,"failureMessages":[],"meta":{}},{"ancestorTitles":["runAgent"],"fullName":"runAgent resets retry count after successful call","status":"passed","title":"resets retry count after successful call","duration":1.542791999999963,"failureMessages":[],"meta":{}},{"ancestorTitles":["runAgent"],"fullName":"runAgent detects HTTP 429 and 5xx as transient errors","status":"passed","title":"detects HTTP 429 and 5xx as transient errors","duration":1.6081250000000864,"failureMessages":[],"meta":{}},{"ancestorTitles":["runAgent"],"fullName":"runAgent refreshes system prompt at start of runAgent when channel is passed","status":"passed","title":"refreshes system prompt at start of runAgent when channel is passed","duration":1.4354999999999336,"failureMessages":[],"meta":{}},{"ancestorTitles":["runAgent"],"fullName":"runAgent refreshes system prompt for teams channel","status":"passed","title":"refreshes system prompt for teams channel","duration":1.0948750000000018,"failureMessages":[],"meta":{}},{"ancestorTitles":["runAgent"],"fullName":"runAgent preserves non-system history when refreshing system prompt","status":"passed","title":"preserves non-system history when refreshing system prompt","duration":1.3480840000000853,"failureMessages":[],"meta":{}},{"ancestorTitles":["runAgent"],"fullName":"runAgent falls back to existing system prompt when prompt refresh fails","status":"passed","title":"falls back to existing system prompt when prompt refresh fails","duration":2.728917000000024,"failureMessages":[],"meta":{}},{"ancestorTitles":["runAgent"],"fullName":"runAgent injects default fallback prompt when refresh throws a non-Error and no system prompt exists","status":"passed","title":"injects default fallback prompt when refresh throws a non-Error and no system prompt exists","duration":3.3482500000000073,"failureMessages":[],"meta":{}},{"ancestorTitles":["runAgent"],"fullName":"runAgent still works without channel parameter (backward compatible)","status":"passed","title":"still works without channel parameter (backward compatible)","duration":1.3527500000000146,"failureMessages":[],"meta":{}},{"ancestorTitles":["getClient"],"fullName":"getClient exits when no env vars are set","status":"passed","title":"exits when no env vars are set","duration":1.3465830000000096,"failureMessages":[],"meta":{}},{"ancestorTitles":["getClient"],"fullName":"getClient uses MiniMax when minimax config is set","status":"passed","title":"uses MiniMax when minimax config is set","duration":0.9640829999999596,"failureMessages":[],"meta":{}},{"ancestorTitles":["getClient"],"fullName":"getClient prefers Azure when all Azure config is set","status":"passed","title":"prefers Azure when all Azure config is set","duration":1.020750000000021,"failureMessages":[],"meta":{}},{"ancestorTitles":["getClient"],"fullName":"getClient fails fast when selected Azure provider config is incomplete","status":"passed","title":"fails fast when selected Azure provider config is incomplete","duration":1.40625,"failureMessages":[],"meta":{}},{"ancestorTitles":["getClient"],"fullName":"getClient caches client across multiple runAgent invocations","status":"passed","title":"caches client across multiple runAgent invocations","duration":1.2595000000000027,"failureMessages":[],"meta":{}},{"ancestorTitles":["getClient"],"fullName":"getClient omits model param in createParams when model is empty","status":"passed","title":"omits model param in createParams when model is empty","duration":1.053666000000021,"failureMessages":[],"meta":{}},{"ancestorTitles":["getClient config integration"],"fullName":"getClient config integration uses azure config from config.json when apiKey is present","status":"passed","title":"uses azure config from config.json when apiKey is present","duration":0.8849579999999833,"failureMessages":[],"meta":{}},{"ancestorTitles":["getClient config integration"],"fullName":"getClient config integration uses minimax config from config.json when apiKey is present","status":"passed","title":"uses minimax config from config.json when apiKey is present","duration":0.9257499999999936,"failureMessages":[],"meta":{}},{"ancestorTitles":["getClient config integration"],"fullName":"getClient config integration prefers azure when both providers are configured in config.json","status":"passed","title":"prefers azure when both providers are configured in config.json","duration":1.6141659999999547,"failureMessages":[],"meta":{}},{"ancestorTitles":["getClient config integration"],"fullName":"getClient config integration uses agent.json provider with secrets.json settings","status":"passed","title":"uses agent.json provider with secrets.json settings","duration":0.9503330000000005,"failureMessages":[],"meta":{}},{"ancestorTitles":["getClient config integration"],"fullName":"getClient config integration stripLastToolCalls pops trailing tool messages","status":"passed","title":"stripLastToolCalls pops trailing tool messages","duration":0.9241659999999001,"failureMessages":[],"meta":{}},{"ancestorTitles":["getClient config integration"],"fullName":"getClient config integration stripLastToolCalls removes empty assistant after stripping tool_calls","status":"passed","title":"stripLastToolCalls removes empty assistant after stripping tool_calls","duration":0.9100000000000819,"failureMessages":[],"meta":{}},{"ancestorTitles":["getClient config integration"],"fullName":"getClient config integration stripLastToolCalls is a no-op when no trailing tools","status":"passed","title":"stripLastToolCalls is a no-op when no trailing tools","duration":0.9232500000000528,"failureMessages":[],"meta":{}},{"ancestorTitles":["getClient config integration"],"fullName":"getClient config integration fires onError when tool loop limit is reached","status":"passed","title":"fires onError when tool loop limit is reached","duration":1.8292920000000095,"failureMessages":[],"meta":{}},{"ancestorTitles":["getClient config integration"],"fullName":"getClient config integration exits when neither provider configured in config","status":"passed","title":"exits when neither provider configured in config","duration":1.1378330000000005,"failureMessages":[],"meta":{}},{"ancestorTitles":["provider abstraction contract"],"fullName":"provider abstraction contract exports createProviderRegistry for provider abstraction wiring","status":"passed","title":"exports createProviderRegistry for provider abstraction wiring","duration":0.05404199999998127,"failureMessages":[],"meta":{}},{"ancestorTitles":["provider abstraction contract"],"fullName":"provider abstraction contract runAgent request path avoids hardcoded provider-name branches","status":"passed","title":"runAgent request path avoids hardcoded provider-name branches","duration":0.04504199999996672,"failureMessages":[],"meta":{}},{"ancestorTitles":["provider abstraction contract"],"fullName":"provider abstraction contract delegates provider runtime construction to dedicated provider modules","status":"passed","title":"delegates provider runtime construction to dedicated provider modules","duration":0.697208000000046,"failureMessages":[],"meta":{}},{"ancestorTitles":["provider abstraction contract"],"fullName":"provider abstraction contract registry provider runtimes expose provider-owned turn execution hooks","status":"passed","title":"registry provider runtimes expose provider-owned turn execution hooks","duration":0.9790840000000571,"failureMessages":[],"meta":{}},{"ancestorTitles":["provider abstraction contract"],"fullName":"provider abstraction contract azure provider runtime safely ignores tool output before turn state initialization","status":"passed","title":"azure provider runtime safely ignores tool output before turn state initialization","duration":0.9750000000000227,"failureMessages":[],"meta":{}},{"ancestorTitles":["anthropic setup-token provider contract"],"fullName":"anthropic setup-token provider contract uses Anthropic when setup-token credentials are configured in secrets.json","status":"passed","title":"uses Anthropic when setup-token credentials are configured in secrets.json","duration":1.6056659999999283,"failureMessages":[],"meta":{}},{"ancestorTitles":["anthropic setup-token provider contract"],"fullName":"anthropic setup-token provider contract fails fast with setup-token prefix guidance when non-setup Anthropic token is found","status":"passed","title":"fails fast with setup-token prefix guidance when non-setup Anthropic token is found","duration":2.2538749999999936,"failureMessages":[],"meta":{}},{"ancestorTitles":["anthropic setup-token provider contract"],"fullName":"anthropic setup-token provider contract fails fast with setup-token length guidance when token is too short","status":"passed","title":"fails fast with setup-token length guidance when token is too short","duration":1.2024589999999762,"failureMessages":[],"meta":{}},{"ancestorTitles":["anthropic setup-token provider contract"],"fullName":"anthropic setup-token provider contract fails fast with re-auth guidance when setup-token is blank after trimming","status":"passed","title":"fails fast with re-auth guidance when setup-token is blank after trimming","duration":1.4908340000000635,"failureMessages":[],"meta":{}},{"ancestorTitles":["anthropic setup-token provider contract"],"fullName":"anthropic setup-token provider contract fails fast when Anthropic model is configured but setupToken is missing from secrets config","status":"passed","title":"fails fast when Anthropic model is configured but setupToken is missing from secrets config","duration":1.2884159999999838,"failureMessages":[],"meta":{}},{"ancestorTitles":["anthropic setup-token provider contract"],"fullName":"anthropic setup-token provider contract maps canonical messages to Anthropic payload and streams tool/text/thinking/usage events","status":"passed","title":"maps canonical messages to Anthropic payload and streams tool/text/thinking/usage events","duration":1.7615829999999733,"failureMessages":[],"meta":{}},{"ancestorTitles":["anthropic setup-token provider contract"],"fullName":"anthropic setup-token provider contract handles Anthropic tool argument merge/reset/fallback delta paths","status":"passed","title":"handles Anthropic tool argument merge/reset/fallback delta paths","duration":1.200166999999965,"failureMessages":[],"meta":{}},{"ancestorTitles":["anthropic setup-token provider contract"],"fullName":"anthropic setup-token provider contract returns early when Anthropic stream signal is aborted","status":"passed","title":"returns early when Anthropic stream signal is aborted","duration":2.121208000000024,"failureMessages":[],"meta":{}},{"ancestorTitles":["anthropic setup-token provider contract"],"fullName":"anthropic setup-token provider contract wraps Anthropic auth failures from create() with setup-token guidance","status":"passed","title":"wraps Anthropic auth failures from create() with setup-token guidance","duration":1.8614999999999782,"failureMessages":[],"meta":{}},{"ancestorTitles":["anthropic setup-token provider contract"],"fullName":"anthropic setup-token provider contract wraps Anthropic auth failures from streaming events with setup-token guidance","status":"passed","title":"wraps Anthropic auth failures from streaming events with setup-token guidance","duration":1.1622079999999642,"failureMessages":[],"meta":{}},{"ancestorTitles":["anthropic setup-token provider contract"],"fullName":"anthropic setup-token provider contract preserves non-auth Anthropic errors without rewriting guidance","status":"passed","title":"preserves non-auth Anthropic errors without rewriting guidance","duration":1.0242500000000518,"failureMessages":[],"meta":{}},{"ancestorTitles":["anthropic setup-token provider contract"],"fullName":"anthropic setup-token provider contract fails fast when setup-token contains only whitespace characters","status":"passed","title":"fails fast when setup-token contains only whitespace characters","duration":1.8150830000000724,"failureMessages":[],"meta":{}},{"ancestorTitles":["anthropic setup-token provider contract"],"fullName":"anthropic setup-token provider contract handles nullish Anthropic stream fields and unknown events safely","status":"passed","title":"handles nullish Anthropic stream fields and unknown events safely","duration":1.2547089999999343,"failureMessages":[],"meta":{}},{"ancestorTitles":["anthropic setup-token provider contract"],"fullName":"anthropic setup-token provider contract converts non-Error thrown values into terminal errors","status":"passed","title":"converts non-Error thrown values into terminal errors","duration":1.082708000000025,"failureMessages":[],"meta":{}},{"ancestorTitles":["anthropic setup-token provider contract"],"fullName":"anthropic setup-token provider contract logs non-Error provider-resolution failures before exiting","status":"passed","title":"logs non-Error provider-resolution failures before exiting","duration":1.69399999999996,"failureMessages":[],"meta":{}},{"ancestorTitles":["openai-codex oauth provider contract"],"fullName":"openai-codex oauth provider contract uses openai-codex when oauth credentials are configured in secrets.json","status":"passed","title":"uses openai-codex when oauth credentials are configured in secrets.json","duration":1.6194169999999986,"failureMessages":[],"meta":{}},{"ancestorTitles":["openai-codex oauth provider contract"],"fullName":"openai-codex oauth provider contract fails fast with oauth guidance when openai-codex oauthAccessToken is missing","status":"passed","title":"fails fast with oauth guidance when openai-codex oauthAccessToken is missing","duration":1.3396249999999554,"failureMessages":[],"meta":{}},{"ancestorTitles":["openai-codex oauth provider contract"],"fullName":"openai-codex oauth provider contract wraps openai-codex oauth auth failures with explicit re-auth guidance","status":"passed","title":"wraps openai-codex oauth auth failures with explicit re-auth guidance","duration":1.163000000000011,"failureMessages":[],"meta":{}},{"ancestorTitles":["hasToolIntent"],"fullName":"hasToolIntent returns true for each intent phrase","status":"passed","title":"returns true for each intent phrase","duration":0.3067500000000791,"failureMessages":[],"meta":{}},{"ancestorTitles":["hasToolIntent"],"fullName":"hasToolIntent returns false for text without intent phrases","status":"passed","title":"returns false for text without intent phrases","duration":0.08829200000002402,"failureMessages":[],"meta":{}},{"ancestorTitles":["hasToolIntent"],"fullName":"hasToolIntent is case-insensitive","status":"passed","title":"is case-insensitive","duration":0.05479200000002038,"failureMessages":[],"meta":{}},{"ancestorTitles":["kick mechanism"],"fullName":"kick mechanism fires onKick when model narrates intent without tool calls, then retries","status":"passed","title":"fires onKick when model narrates intent without tool calls, then retries","duration":1.5739999999999554,"failureMessages":[],"meta":{}},{"ancestorTitles":["kick mechanism"],"fullName":"kick mechanism kicks fire unconditionally -- no maxKicks cap, bounded by MAX_TOOL_ROUNDS","status":"passed","title":"kicks fire unconditionally -- no maxKicks cap, bounded by MAX_TOOL_ROUNDS","duration":2.787458000000015,"failureMessages":[],"meta":{}},{"ancestorTitles":["kick mechanism"],"fullName":"kick mechanism kick increments toolRounds and respects MAX_TOOL_ROUNDS","status":"passed","title":"kick increments toolRounds and respects MAX_TOOL_ROUNDS","duration":1.8643339999999853,"failureMessages":[],"meta":{}},{"ancestorTitles":["kick mechanism"],"fullName":"kick mechanism pushes self-correction message before retry","status":"passed","title":"pushes self-correction message before retry","duration":1.4313750000000027,"failureMessages":[],"meta":{}},{"ancestorTitles":["kick mechanism"],"fullName":"kick mechanism onKick callback receives no arguments","status":"passed","title":"onKick callback receives no arguments","duration":1.3325420000001031,"failureMessages":[],"meta":{}},{"ancestorTitles":["kick mechanism"],"fullName":"kick mechanism onKick callback is optional (no crash if not provided)","status":"passed","title":"onKick callback is optional (no crash if not provided)","duration":1.4972500000000082,"failureMessages":[],"meta":{}},{"ancestorTitles":["kick mechanism"],"fullName":"kick mechanism malformed assistant message is NOT in history after kick","status":"passed","title":"malformed assistant message is NOT in history after kick","duration":1.1916249999999309,"failureMessages":[],"meta":{}},{"ancestorTitles":["kick mechanism"],"fullName":"kick mechanism Azure: kick cleans up azureInput output items and forces rebuild on retry","status":"passed","title":"Azure: kick cleans up azureInput output items and forces rebuild on retry","duration":2.143791999999962,"failureMessages":[],"meta":{}},{"ancestorTitles":["tool_choice required and final_answer"],"fullName":"tool_choice required and final_answer passes tool_choice: required in MiniMax createParams when toolChoiceRequired is true","status":"passed","title":"passes tool_choice: required in MiniMax createParams when toolChoiceRequired is true","duration":1.3142090000000053,"failureMessages":[],"meta":{}},{"ancestorTitles":["tool_choice required and final_answer"],"fullName":"tool_choice required and final_answer passes tool_choice: required in Azure createParams when toolChoiceRequired is true","status":"passed","title":"passes tool_choice: required in Azure createParams when toolChoiceRequired is true","duration":2.84212500000001,"failureMessages":[],"meta":{}},{"ancestorTitles":["tool_choice required and final_answer"],"fullName":"tool_choice required and final_answer includes final_answer tool in tools list when toolChoiceRequired is true","status":"passed","title":"includes final_answer tool in tools list when toolChoiceRequired is true","duration":1.2867499999999836,"failureMessages":[],"meta":{}},{"ancestorTitles":["tool_choice required and final_answer"],"fullName":"tool_choice required and final_answer does NOT include final_answer tool when toolChoiceRequired is false/undefined","status":"passed","title":"does NOT include final_answer tool when toolChoiceRequired is false/undefined","duration":1.0839999999999463,"failureMessages":[],"meta":{}},{"ancestorTitles":["tool_choice required and final_answer"],"fullName":"tool_choice required and final_answer does NOT pass tool_choice when toolChoiceRequired is not set","status":"passed","title":"does NOT pass tool_choice when toolChoiceRequired is not set","duration":0.9992499999999609,"failureMessages":[],"meta":{}},{"ancestorTitles":["tool_choice required and final_answer"],"fullName":"tool_choice required and final_answer final_answer sole call: extracts answer text and terminates loop","status":"passed","title":"final_answer sole call: extracts answer text and terminates loop","duration":1.204915999999912,"failureMessages":[],"meta":{}},{"ancestorTitles":["tool_choice required and final_answer"],"fullName":"tool_choice required and final_answer final_answer mixed with other tool calls: other tools execute, final_answer rejected, loop continues","status":"passed","title":"final_answer mixed with other tool calls: other tools execute, final_answer rejected, loop continues","duration":1.2351670000000468,"failureMessages":[],"meta":{}},{"ancestorTitles":["tool_choice required and final_answer"],"fullName":"tool_choice required and final_answer final_answer with empty answer arg: uses empty string","status":"passed","title":"final_answer with empty answer arg: uses empty string","duration":1.0876250000000027,"failureMessages":[],"meta":{}},{"ancestorTitles":["tool_choice required and final_answer"],"fullName":"tool_choice required and final_answer final_answer is never passed to execTool (intercepted before execution)","status":"passed","title":"final_answer is never passed to execTool (intercepted before execution)","duration":1.231457999999975,"failureMessages":[],"meta":{}},{"ancestorTitles":["tool_choice required and final_answer"],"fullName":"tool_choice required and final_answer Azure: mixed final_answer rejection pushes to azureInput","status":"passed","title":"Azure: mixed final_answer rejection pushes to azureInput","duration":3.4689590000000408,"failureMessages":[],"meta":{}},{"ancestorTitles":["tool_choice required and final_answer"],"fullName":"tool_choice required and final_answer final_answer with invalid JSON arguments: falls back to result.content","status":"passed","title":"final_answer with invalid JSON arguments: falls back to result.content","duration":1.3466669999999112,"failureMessages":[],"meta":{}},{"ancestorTitles":["tool_choice required and final_answer"],"fullName":"tool_choice required and final_answer final_answer with valid JSON but no answer field: falls back to result.content","status":"passed","title":"final_answer with valid JSON but no answer field: falls back to result.content","duration":1.1085420000000568,"failureMessages":[],"meta":{}},{"ancestorTitles":["tool_choice required and final_answer"],"fullName":"tool_choice required and final_answer final_answer with invalid JSON and no content: falls back to empty string","status":"passed","title":"final_answer with invalid JSON and no content: falls back to empty string","duration":0.9714159999999765,"failureMessages":[],"meta":{}},{"ancestorTitles":["tool_choice required and final_answer"],"fullName":"tool_choice required and final_answer final_answer with valid JSON, no answer field, and no content: falls back to empty string","status":"passed","title":"final_answer with valid JSON, no answer field, and no content: falls back to empty string","duration":0.9366669999999431,"failureMessages":[],"meta":{}},{"ancestorTitles":["integration: kick + tool_choice required combined"],"fullName":"integration: kick + tool_choice required combined kick fires when toolChoiceRequired is true and model narrates intent","status":"passed","title":"kick fires when toolChoiceRequired is true and model narrates intent","duration":1.1894589999999425,"failureMessages":[],"meta":{}},{"ancestorTitles":["integration: kick + tool_choice required combined"],"fullName":"integration: kick + tool_choice required combined after kick, model returns final_answer -- terminates cleanly","status":"passed","title":"after kick, model returns final_answer -- terminates cleanly","duration":1.1049589999998943,"failureMessages":[],"meta":{}},{"ancestorTitles":["integration: kick + tool_choice required combined"],"fullName":"integration: kick + tool_choice required combined MAX_TOOL_ROUNDS budget accounts for kicks + tool rounds together","status":"passed","title":"MAX_TOOL_ROUNDS budget accounts for kicks + tool rounds together","duration":2.008000000000038,"failureMessages":[],"meta":{}},{"ancestorTitles":["integration: kick + tool_choice required combined"],"fullName":"integration: kick + tool_choice required combined abort during kick attempt -- clean stop, no dangling messages","status":"passed","title":"abort during kick attempt -- clean stop, no dangling messages","duration":1.379291999999964,"failureMessages":[],"meta":{}},{"ancestorTitles":["integration: kick + tool_choice required combined"],"fullName":"integration: kick + tool_choice required combined empty content with no tool_calls -- kicks (empty response is always wrong)","status":"passed","title":"empty content with no tool_calls -- kicks (empty response is always wrong)","duration":1.6471250000000737,"failureMessages":[],"meta":{}},{"ancestorTitles":["integration: kick + tool_choice required combined"],"fullName":"integration: kick + tool_choice required combined intent phrase only in model content triggers kick, not in tool results","status":"passed","title":"intent phrase only in model content triggers kick, not in tool results","duration":1.13737500000002,"failureMessages":[],"meta":{}},{"ancestorTitles":["integration: kick + tool_choice required combined"],"fullName":"integration: kick + tool_choice required combined final_answer with very long text -- full text preserved","status":"passed","title":"final_answer with very long text -- full text preserved","duration":1.282416000000012,"failureMessages":[],"meta":{}},{"ancestorTitles":["integration: kick + tool_choice required combined"],"fullName":"integration: kick + tool_choice required combined toolChoiceRequired kicks even when content is empty (reasoning-only response)","status":"passed","title":"toolChoiceRequired kicks even when content is empty (reasoning-only response)","duration":1.038000000000011,"failureMessages":[],"meta":{}},{"ancestorTitles":["integration: kick + tool_choice required combined"],"fullName":"integration: kick + tool_choice required combined uses getToolsForChannel to select tools based on channel","status":"passed","title":"uses getToolsForChannel to select tools based on channel","duration":1.150541999999973,"failureMessages":[],"meta":{}},{"ancestorTitles":["integration: kick + tool_choice required combined"],"fullName":"integration: kick + tool_choice required combined does not include graph/ado tools for cli channel","status":"passed","title":"does not include graph/ado tools for cli channel","duration":1.0470830000000433,"failureMessages":[],"meta":{}},{"ancestorTitles":["integration: kick + tool_choice required combined"],"fullName":"integration: kick + tool_choice required combined passes toolContext to execTool when calling graph/ado tools","status":"passed","title":"passes toolContext to execTool when calling graph/ado tools","duration":111.60887500000001,"failureMessages":[],"meta":{}},{"ancestorTitles":["final_answer injection after narration kick"],"fullName":"final_answer injection after narration kick after narration kick, final_answer is present in tools sent to API","status":"passed","title":"after narration kick, final_answer is present in tools sent to API","duration":2.8961249999999836,"failureMessages":[],"meta":{}},{"ancestorTitles":["final_answer injection after narration kick"],"fullName":"final_answer injection after narration kick after empty kick, final_answer is NOT in tools (narration-only injection)","status":"passed","title":"after empty kick, final_answer is NOT in tools (narration-only injection)","duration":1.5788749999999254,"failureMessages":[],"meta":{}},{"ancestorTitles":["final_answer injection after narration kick"],"fullName":"final_answer injection after narration kick model calls final_answer after narration kick -- terminates cleanly","status":"passed","title":"model calls final_answer after narration kick -- terminates cleanly","duration":1.7744160000000875,"failureMessages":[],"meta":{}},{"ancestorTitles":["final_answer injection after narration kick"],"fullName":"final_answer injection after narration kick activeTools computed per-iteration -- first call has no final_answer, after kick it does","status":"passed","title":"activeTools computed per-iteration -- first call has no final_answer, after kick it does","duration":1.87175000000002,"failureMessages":[],"meta":{}},{"ancestorTitles":["final_answer injection after narration kick"],"fullName":"final_answer injection after narration kick toolChoiceRequired still includes final_answer even without prior kick","status":"passed","title":"toolChoiceRequired still includes final_answer even without prior kick","duration":1.4523329999999532,"failureMessages":[],"meta":{}},{"ancestorTitles":["confirmation system"],"fullName":"confirmation system confirmation tool + confirmed executes normally","status":"passed","title":"confirmation tool + confirmed executes normally","duration":17.626582999999982,"failureMessages":[],"meta":{}},{"ancestorTitles":["confirmation system"],"fullName":"confirmation system confirmation tool + denied returns cancelled message","status":"passed","title":"confirmation tool + denied returns cancelled message","duration":2.358041999999955,"failureMessages":[],"meta":{}},{"ancestorTitles":["confirmation system"],"fullName":"confirmation system confirmation tool + no callback returns cancelled (safe default)","status":"passed","title":"confirmation tool + no callback returns cancelled (safe default)","duration":1.5845840000000635,"failureMessages":[],"meta":{}},{"ancestorTitles":["confirmation system"],"fullName":"confirmation system non-confirmation tool executes normally without invoking callback","status":"passed","title":"non-confirmation tool executes normally without invoking callback","duration":2.29095899999993,"failureMessages":[],"meta":{}},{"ancestorTitles":["confirmation system"],"fullName":"confirmation system Azure: confirmation denied pushes cancelled to azureInput","status":"passed","title":"Azure: confirmation denied pushes cancelled to azureInput","duration":2.8006659999999783,"failureMessages":[],"meta":{}},{"ancestorTitles":["confirmation system"],"fullName":"confirmation system skipConfirmation bypasses confirmation for mutate tools","status":"passed","title":"skipConfirmation bypasses confirmation for mutate tools","duration":15.671875,"failureMessages":[],"meta":{}},{"ancestorTitles":["confirmation system"],"fullName":"confirmation system truncates tool output exceeding maxToolOutputChars","status":"passed","title":"truncates tool output exceeding maxToolOutputChars","duration":2.322834000000057,"failureMessages":[],"meta":{}},{"ancestorTitles":["confirmation system"],"fullName":"confirmation system re-reads friend record from disk each turn when friendStore is present","status":"passed","title":"re-reads friend record from disk each turn when friendStore is present","duration":1.285792000000015,"failureMessages":[],"meta":{}},{"ancestorTitles":["confirmation system"],"fullName":"confirmation system handles friendStore.get returning null gracefully","status":"passed","title":"handles friendStore.get returning null gracefully","duration":1.141375000000039,"failureMessages":[],"meta":{}},{"ancestorTitles":["confirmation system"],"fullName":"confirmation system passes toolPreferences to getToolsForChannel when friend has preferences","status":"passed","title":"passes toolPreferences to getToolsForChannel when friend has preferences","duration":1.2035419999999704,"failureMessages":[],"meta":{}},{"ancestorTitles":["confirmation system"],"fullName":"confirmation system rebuilds system prompt with fresh context when friendStore returns updated record","status":"passed","title":"rebuilds system prompt with fresh context when friendStore returns updated record","duration":1.3355420000000322,"failureMessages":[],"meta":{}}],"startTime":1772681540554,"endTime":1772681541096.3354,"status":"passed","message":"","name":"/Users/arimendelow/Projects/ouroboros-agent-harness/src/__tests__/heart/core.test.ts"}]}